[0.082s] DEBUG:colcon:Command line arguments: ['/usr/bin/colcon', 'build']
[0.082s] DEBUG:colcon:Parsed command line arguments: Namespace(log_base=None, log_level=None, verb_name='build', build_base='build', install_base='install', merge_install=False, symlink_install=False, test_result_base=None, continue_on_error=False, executor='parallel', parallel_workers=16, event_handlers=None, ignore_user_meta=False, metas=['./colcon.meta'], base_paths=['.'], packages_ignore=None, packages_ignore_regex=None, paths=None, packages_up_to=None, packages_up_to_regex=None, packages_above=None, packages_above_and_dependencies=None, packages_above_depth=None, packages_select_by_dep=None, packages_skip_by_dep=None, packages_skip_up_to=None, packages_select_build_failed=False, packages_skip_build_finished=False, packages_select_test_failures=False, packages_skip_test_passed=False, packages_select=None, packages_skip=None, packages_select_regex=None, packages_skip_regex=None, packages_start=None, packages_end=None, allow_overriding=[], cmake_args=None, cmake_target=None, cmake_target_skip_unavailable=False, cmake_clean_cache=False, cmake_clean_first=False, cmake_force_configure=False, ament_cmake_args=None, catkin_cmake_args=None, catkin_skip_building_tests=False, verb_parser=<colcon_defaults.argument_parser.defaults.DefaultArgumentsDecorator object at 0x7f38d9268400>, verb_extension=<colcon_core.verb.build.BuildVerb object at 0x7f38d9243e50>, main=<bound method BuildVerb.main of <colcon_core.verb.build.BuildVerb object at 0x7f38d9243e50>>)
[0.094s] Level 1:colcon.colcon_core.package_discovery:discover_packages(colcon_meta) check parameters
[0.094s] Level 1:colcon.colcon_core.package_discovery:discover_packages(recursive) check parameters
[0.094s] Level 1:colcon.colcon_core.package_discovery:discover_packages(ignore) check parameters
[0.094s] Level 1:colcon.colcon_core.package_discovery:discover_packages(path) check parameters
[0.094s] Level 1:colcon.colcon_core.package_discovery:discover_packages(colcon_meta) discover
[0.094s] Level 1:colcon.colcon_core.package_discovery:discover_packages(recursive) discover
[0.094s] INFO:colcon.colcon_core.package_discovery:Crawling recursively for packages in '/home/daeho/practice_ws'
[0.095s] Level 1:colcon.colcon_core.package_identification:_identify(.) by extensions ['ignore', 'ignore_ament_install']
[0.095s] Level 1:colcon.colcon_core.package_identification:_identify(.) by extension 'ignore'
[0.095s] Level 1:colcon.colcon_core.package_identification:_identify(.) by extension 'ignore_ament_install'
[0.095s] Level 1:colcon.colcon_core.package_identification:_identify(.) by extensions ['colcon_pkg']
[0.095s] Level 1:colcon.colcon_core.package_identification:_identify(.) by extension 'colcon_pkg'
[0.095s] Level 1:colcon.colcon_core.package_identification:_identify(.) by extensions ['colcon_meta']
[0.095s] Level 1:colcon.colcon_core.package_identification:_identify(.) by extension 'colcon_meta'
[0.095s] Level 1:colcon.colcon_core.package_identification:_identify(.) by extensions ['ros']
[0.095s] Level 1:colcon.colcon_core.package_identification:_identify(.) by extension 'ros'
[0.105s] Level 1:colcon.colcon_core.package_identification:_identify(.) by extensions ['cmake', 'python']
[0.105s] Level 1:colcon.colcon_core.package_identification:_identify(.) by extension 'cmake'
[0.105s] Level 1:colcon.colcon_core.package_identification:_identify(.) by extension 'python'
[0.105s] Level 1:colcon.colcon_core.package_identification:_identify(.) by extensions ['python_setup_py']
[0.105s] Level 1:colcon.colcon_core.package_identification:_identify(.) by extension 'python_setup_py'
[0.105s] Level 1:colcon.colcon_core.package_identification:_identify(build) by extensions ['ignore', 'ignore_ament_install']
[0.105s] Level 1:colcon.colcon_core.package_identification:_identify(build) by extension 'ignore'
[0.105s] Level 1:colcon.colcon_core.package_identification:_identify(build) ignored
[0.105s] Level 1:colcon.colcon_core.package_identification:_identify(install) by extensions ['ignore', 'ignore_ament_install']
[0.105s] Level 1:colcon.colcon_core.package_identification:_identify(install) by extension 'ignore'
[0.105s] Level 1:colcon.colcon_core.package_identification:_identify(install) ignored
[0.105s] Level 1:colcon.colcon_core.package_identification:_identify(log) by extensions ['ignore', 'ignore_ament_install']
[0.105s] Level 1:colcon.colcon_core.package_identification:_identify(log) by extension 'ignore'
[0.105s] Level 1:colcon.colcon_core.package_identification:_identify(log) ignored
[0.105s] Level 1:colcon.colcon_core.package_identification:_identify(src) by extensions ['ignore', 'ignore_ament_install']
[0.106s] Level 1:colcon.colcon_core.package_identification:_identify(src) by extension 'ignore'
[0.106s] Level 1:colcon.colcon_core.package_identification:_identify(src) by extension 'ignore_ament_install'
[0.106s] Level 1:colcon.colcon_core.package_identification:_identify(src) by extensions ['colcon_pkg']
[0.106s] Level 1:colcon.colcon_core.package_identification:_identify(src) by extension 'colcon_pkg'
[0.106s] Level 1:colcon.colcon_core.package_identification:_identify(src) by extensions ['colcon_meta']
[0.106s] Level 1:colcon.colcon_core.package_identification:_identify(src) by extension 'colcon_meta'
[0.106s] Level 1:colcon.colcon_core.package_identification:_identify(src) by extensions ['ros']
[0.106s] Level 1:colcon.colcon_core.package_identification:_identify(src) by extension 'ros'
[0.106s] Level 1:colcon.colcon_core.package_identification:_identify(src) by extensions ['cmake', 'python']
[0.106s] Level 1:colcon.colcon_core.package_identification:_identify(src) by extension 'cmake'
[0.106s] Level 1:colcon.colcon_core.package_identification:_identify(src) by extension 'python'
[0.106s] Level 1:colcon.colcon_core.package_identification:_identify(src) by extensions ['python_setup_py']
[0.106s] Level 1:colcon.colcon_core.package_identification:_identify(src) by extension 'python_setup_py'
[0.106s] Level 1:colcon.colcon_core.package_identification:_identify(src/flody_test_suite) by extensions ['ignore', 'ignore_ament_install']
[0.106s] Level 1:colcon.colcon_core.package_identification:_identify(src/flody_test_suite) by extension 'ignore'
[0.106s] Level 1:colcon.colcon_core.package_identification:_identify(src/flody_test_suite) by extension 'ignore_ament_install'
[0.106s] Level 1:colcon.colcon_core.package_identification:_identify(src/flody_test_suite) by extensions ['colcon_pkg']
[0.106s] Level 1:colcon.colcon_core.package_identification:_identify(src/flody_test_suite) by extension 'colcon_pkg'
[0.106s] Level 1:colcon.colcon_core.package_identification:_identify(src/flody_test_suite) by extensions ['colcon_meta']
[0.106s] Level 1:colcon.colcon_core.package_identification:_identify(src/flody_test_suite) by extension 'colcon_meta'
[0.106s] Level 1:colcon.colcon_core.package_identification:_identify(src/flody_test_suite) by extensions ['ros']
[0.106s] Level 1:colcon.colcon_core.package_identification:_identify(src/flody_test_suite) by extension 'ros'
[0.108s] DEBUG:colcon.colcon_core.package_identification:Package 'src/flody_test_suite' with type 'ros.ament_python' and name 'flody_test_suite'
[0.108s] Level 1:colcon.colcon_core.package_identification:_identify(src/msg_srv_action_interface_example) by extensions ['ignore', 'ignore_ament_install']
[0.108s] Level 1:colcon.colcon_core.package_identification:_identify(src/msg_srv_action_interface_example) by extension 'ignore'
[0.108s] Level 1:colcon.colcon_core.package_identification:_identify(src/msg_srv_action_interface_example) by extension 'ignore_ament_install'
[0.108s] Level 1:colcon.colcon_core.package_identification:_identify(src/msg_srv_action_interface_example) by extensions ['colcon_pkg']
[0.108s] Level 1:colcon.colcon_core.package_identification:_identify(src/msg_srv_action_interface_example) by extension 'colcon_pkg'
[0.108s] Level 1:colcon.colcon_core.package_identification:_identify(src/msg_srv_action_interface_example) by extensions ['colcon_meta']
[0.108s] Level 1:colcon.colcon_core.package_identification:_identify(src/msg_srv_action_interface_example) by extension 'colcon_meta'
[0.108s] Level 1:colcon.colcon_core.package_identification:_identify(src/msg_srv_action_interface_example) by extensions ['ros']
[0.108s] Level 1:colcon.colcon_core.package_identification:_identify(src/msg_srv_action_interface_example) by extension 'ros'
[0.108s] DEBUG:colcon.colcon_core.package_identification:Package 'src/msg_srv_action_interface_example' with type 'ros.ament_cmake' and name 'msg_srv_action_interface_example'
[0.108s] Level 1:colcon.colcon_core.package_discovery:discover_packages(recursive) using defaults
[0.108s] Level 1:colcon.colcon_core.package_discovery:discover_packages(ignore) discover
[0.108s] Level 1:colcon.colcon_core.package_discovery:discover_packages(ignore) using defaults
[0.108s] Level 1:colcon.colcon_core.package_discovery:discover_packages(path) discover
[0.108s] Level 1:colcon.colcon_core.package_discovery:discover_packages(path) using defaults
[0.122s] Level 1:colcon.colcon_core.package_discovery:discover_packages(prefix_path) check parameters
[0.122s] Level 1:colcon.colcon_core.package_discovery:discover_packages(prefix_path) discover
[0.124s] DEBUG:colcon.colcon_installed_package_information.package_discovery:Found 2 installed packages in /home/daeho/practice_ws/install
[0.125s] DEBUG:colcon.colcon_installed_package_information.package_discovery:Found 270 installed packages in /opt/ros/humble
[0.125s] Level 1:colcon.colcon_core.package_discovery:discover_packages(prefix_path) using defaults
[0.158s] Level 5:colcon.colcon_core.verb:set package 'msg_srv_action_interface_example' build argument 'cmake_args' from command line to 'None'
[0.158s] Level 5:colcon.colcon_core.verb:set package 'msg_srv_action_interface_example' build argument 'cmake_target' from command line to 'None'
[0.158s] Level 5:colcon.colcon_core.verb:set package 'msg_srv_action_interface_example' build argument 'cmake_target_skip_unavailable' from command line to 'False'
[0.158s] Level 5:colcon.colcon_core.verb:set package 'msg_srv_action_interface_example' build argument 'cmake_clean_cache' from command line to 'False'
[0.158s] Level 5:colcon.colcon_core.verb:set package 'msg_srv_action_interface_example' build argument 'cmake_clean_first' from command line to 'False'
[0.158s] Level 5:colcon.colcon_core.verb:set package 'msg_srv_action_interface_example' build argument 'cmake_force_configure' from command line to 'False'
[0.158s] Level 5:colcon.colcon_core.verb:set package 'msg_srv_action_interface_example' build argument 'ament_cmake_args' from command line to 'None'
[0.158s] Level 5:colcon.colcon_core.verb:set package 'msg_srv_action_interface_example' build argument 'catkin_cmake_args' from command line to 'None'
[0.158s] Level 5:colcon.colcon_core.verb:set package 'msg_srv_action_interface_example' build argument 'catkin_skip_building_tests' from command line to 'False'
[0.158s] DEBUG:colcon.colcon_core.verb:Building package 'msg_srv_action_interface_example' with the following arguments: {'ament_cmake_args': None, 'build_base': '/home/daeho/practice_ws/build/msg_srv_action_interface_example', 'catkin_cmake_args': None, 'catkin_skip_building_tests': False, 'cmake_args': None, 'cmake_clean_cache': False, 'cmake_clean_first': False, 'cmake_force_configure': False, 'cmake_target': None, 'cmake_target_skip_unavailable': False, 'install_base': '/home/daeho/practice_ws/install/msg_srv_action_interface_example', 'merge_install': False, 'path': '/home/daeho/practice_ws/src/msg_srv_action_interface_example', 'symlink_install': False, 'test_result_base': None}
[0.158s] Level 5:colcon.colcon_core.verb:set package 'flody_test_suite' build argument 'cmake_args' from command line to 'None'
[0.158s] Level 5:colcon.colcon_core.verb:set package 'flody_test_suite' build argument 'cmake_target' from command line to 'None'
[0.158s] Level 5:colcon.colcon_core.verb:set package 'flody_test_suite' build argument 'cmake_target_skip_unavailable' from command line to 'False'
[0.158s] Level 5:colcon.colcon_core.verb:set package 'flody_test_suite' build argument 'cmake_clean_cache' from command line to 'False'
[0.158s] Level 5:colcon.colcon_core.verb:set package 'flody_test_suite' build argument 'cmake_clean_first' from command line to 'False'
[0.158s] Level 5:colcon.colcon_core.verb:set package 'flody_test_suite' build argument 'cmake_force_configure' from command line to 'False'
[0.158s] Level 5:colcon.colcon_core.verb:set package 'flody_test_suite' build argument 'ament_cmake_args' from command line to 'None'
[0.158s] Level 5:colcon.colcon_core.verb:set package 'flody_test_suite' build argument 'catkin_cmake_args' from command line to 'None'
[0.158s] Level 5:colcon.colcon_core.verb:set package 'flody_test_suite' build argument 'catkin_skip_building_tests' from command line to 'False'
[0.158s] DEBUG:colcon.colcon_core.verb:Building package 'flody_test_suite' with the following arguments: {'ament_cmake_args': None, 'build_base': '/home/daeho/practice_ws/build/flody_test_suite', 'catkin_cmake_args': None, 'catkin_skip_building_tests': False, 'cmake_args': None, 'cmake_clean_cache': False, 'cmake_clean_first': False, 'cmake_force_configure': False, 'cmake_target': None, 'cmake_target_skip_unavailable': False, 'install_base': '/home/daeho/practice_ws/install/flody_test_suite', 'merge_install': False, 'path': '/home/daeho/practice_ws/src/flody_test_suite', 'symlink_install': False, 'test_result_base': None}
[0.159s] INFO:colcon.colcon_core.executor:Executing jobs using 'parallel' executor
[0.161s] DEBUG:colcon.colcon_parallel_executor.executor.parallel:run_until_complete
[0.161s] INFO:colcon.colcon_ros.task.ament_cmake.build:Building ROS package in '/home/daeho/practice_ws/src/msg_srv_action_interface_example' with build type 'ament_cmake'
[0.161s] INFO:colcon.colcon_cmake.task.cmake.build:Building CMake package in '/home/daeho/practice_ws/src/msg_srv_action_interface_example'
[0.164s] INFO:colcon.colcon_core.plugin_system:Skipping extension 'colcon_core.shell.bat': Not used on non-Windows systems
[0.164s] INFO:colcon.colcon_core.shell:Skip shell extension 'powershell' for command environment: Not usable outside of PowerShell
[0.164s] DEBUG:colcon.colcon_core.shell:Skip shell extension 'dsv' for command environment
[0.169s] DEBUG:colcon.colcon_core.event_handler.log_command:Invoking command in '/home/daeho/practice_ws/build/msg_srv_action_interface_example': CMAKE_PREFIX_PATH=${CMAKE_PREFIX_PATH}:/home/daeho/practice_ws/install/flody_test_suite:/opt/ros/humble /usr/bin/cmake --build /home/daeho/practice_ws/build/msg_srv_action_interface_example -- -j16 -l16
[2.404s] DEBUG:colcon.colcon_core.event_handler.log_command:Invoked command in '/home/daeho/practice_ws/build/msg_srv_action_interface_example' returned '0': CMAKE_PREFIX_PATH=${CMAKE_PREFIX_PATH}:/home/daeho/practice_ws/install/flody_test_suite:/opt/ros/humble /usr/bin/cmake --build /home/daeho/practice_ws/build/msg_srv_action_interface_example -- -j16 -l16
[2.433s] DEBUG:colcon.colcon_core.event_handler.log_command:Invoking command in '/home/daeho/practice_ws/build/msg_srv_action_interface_example': CMAKE_PREFIX_PATH=${CMAKE_PREFIX_PATH}:/home/daeho/practice_ws/install/flody_test_suite:/opt/ros/humble /usr/bin/cmake --install /home/daeho/practice_ws/build/msg_srv_action_interface_example
[2.475s] Level 1:colcon.colcon_core.environment:create_environment_scripts_only(msg_srv_action_interface_example)
[2.476s] DEBUG:colcon.colcon_core.event_handler.log_command:Invoked command in '/home/daeho/practice_ws/build/msg_srv_action_interface_example' returned '0': CMAKE_PREFIX_PATH=${CMAKE_PREFIX_PATH}:/home/daeho/practice_ws/install/flody_test_suite:/opt/ros/humble /usr/bin/cmake --install /home/daeho/practice_ws/build/msg_srv_action_interface_example
[2.478s] Level 1:colcon.colcon_core.environment:checking '/home/daeho/practice_ws/install/msg_srv_action_interface_example' for CMake module files
[2.479s] Level 1:colcon.colcon_core.environment:checking '/home/daeho/practice_ws/install/msg_srv_action_interface_example' for CMake config files
[2.479s] Level 1:colcon.colcon_core.shell:create_environment_hook('msg_srv_action_interface_example', 'cmake_prefix_path')
[2.480s] INFO:colcon.colcon_core.shell:Creating environment hook '/home/daeho/practice_ws/install/msg_srv_action_interface_example/share/msg_srv_action_interface_example/hook/cmake_prefix_path.ps1'
[2.480s] INFO:colcon.colcon_core.shell:Creating environment descriptor '/home/daeho/practice_ws/install/msg_srv_action_interface_example/share/msg_srv_action_interface_example/hook/cmake_prefix_path.dsv'
[2.480s] INFO:colcon.colcon_core.shell:Creating environment hook '/home/daeho/practice_ws/install/msg_srv_action_interface_example/share/msg_srv_action_interface_example/hook/cmake_prefix_path.sh'
[2.481s] Level 1:colcon.colcon_core.environment:checking '/home/daeho/practice_ws/install/msg_srv_action_interface_example/lib'
[2.481s] Level 1:colcon.colcon_core.shell:create_environment_hook('msg_srv_action_interface_example', 'ld_library_path_lib')
[2.482s] INFO:colcon.colcon_core.shell:Creating environment hook '/home/daeho/practice_ws/install/msg_srv_action_interface_example/share/msg_srv_action_interface_example/hook/ld_library_path_lib.ps1'
[2.482s] INFO:colcon.colcon_core.shell:Creating environment descriptor '/home/daeho/practice_ws/install/msg_srv_action_interface_example/share/msg_srv_action_interface_example/hook/ld_library_path_lib.dsv'
[2.482s] INFO:colcon.colcon_core.shell:Creating environment hook '/home/daeho/practice_ws/install/msg_srv_action_interface_example/share/msg_srv_action_interface_example/hook/ld_library_path_lib.sh'
[2.482s] Level 1:colcon.colcon_core.environment:checking '/home/daeho/practice_ws/install/msg_srv_action_interface_example/bin'
[2.482s] Level 1:colcon.colcon_core.environment:checking '/home/daeho/practice_ws/install/msg_srv_action_interface_example/lib/pkgconfig/msg_srv_action_interface_example.pc'
[2.482s] Level 1:colcon.colcon_core.environment:checking '/home/daeho/practice_ws/install/msg_srv_action_interface_example/lib/python3.10/site-packages'
[2.482s] Level 1:colcon.colcon_core.environment:checking '/home/daeho/practice_ws/install/msg_srv_action_interface_example/bin'
[2.483s] INFO:colcon.colcon_core.shell:Creating package script '/home/daeho/practice_ws/install/msg_srv_action_interface_example/share/msg_srv_action_interface_example/package.ps1'
[2.484s] INFO:colcon.colcon_core.shell:Creating package descriptor '/home/daeho/practice_ws/install/msg_srv_action_interface_example/share/msg_srv_action_interface_example/package.dsv'
[2.484s] INFO:colcon.colcon_core.shell:Creating package script '/home/daeho/practice_ws/install/msg_srv_action_interface_example/share/msg_srv_action_interface_example/package.sh'
[2.484s] INFO:colcon.colcon_core.shell:Creating package script '/home/daeho/practice_ws/install/msg_srv_action_interface_example/share/msg_srv_action_interface_example/package.bash'
[2.485s] INFO:colcon.colcon_core.shell:Creating package script '/home/daeho/practice_ws/install/msg_srv_action_interface_example/share/msg_srv_action_interface_example/package.zsh'
[2.485s] Level 1:colcon.colcon_core.environment:create_file_with_runtime_dependencies(/home/daeho/practice_ws/install/msg_srv_action_interface_example/share/colcon-core/packages/msg_srv_action_interface_example)
[2.510s] Level 1:colcon.colcon_core.environment:create_environment_scripts_only(msg_srv_action_interface_example)
[2.511s] Level 1:colcon.colcon_core.environment:checking '/home/daeho/practice_ws/install/msg_srv_action_interface_example' for CMake module files
[2.512s] Level 1:colcon.colcon_core.environment:checking '/home/daeho/practice_ws/install/msg_srv_action_interface_example' for CMake config files
[2.512s] Level 1:colcon.colcon_core.shell:create_environment_hook('msg_srv_action_interface_example', 'cmake_prefix_path')
[2.513s] INFO:colcon.colcon_core.shell:Creating environment hook '/home/daeho/practice_ws/install/msg_srv_action_interface_example/share/msg_srv_action_interface_example/hook/cmake_prefix_path.ps1'
[2.513s] INFO:colcon.colcon_core.shell:Creating environment descriptor '/home/daeho/practice_ws/install/msg_srv_action_interface_example/share/msg_srv_action_interface_example/hook/cmake_prefix_path.dsv'
[2.513s] INFO:colcon.colcon_core.shell:Creating environment hook '/home/daeho/practice_ws/install/msg_srv_action_interface_example/share/msg_srv_action_interface_example/hook/cmake_prefix_path.sh'
[2.513s] Level 1:colcon.colcon_core.environment:checking '/home/daeho/practice_ws/install/msg_srv_action_interface_example/lib'
[2.514s] Level 1:colcon.colcon_core.shell:create_environment_hook('msg_srv_action_interface_example', 'ld_library_path_lib')
[2.514s] INFO:colcon.colcon_core.shell:Creating environment hook '/home/daeho/practice_ws/install/msg_srv_action_interface_example/share/msg_srv_action_interface_example/hook/ld_library_path_lib.ps1'
[2.514s] INFO:colcon.colcon_core.shell:Creating environment descriptor '/home/daeho/practice_ws/install/msg_srv_action_interface_example/share/msg_srv_action_interface_example/hook/ld_library_path_lib.dsv'
[2.515s] INFO:colcon.colcon_core.shell:Creating environment hook '/home/daeho/practice_ws/install/msg_srv_action_interface_example/share/msg_srv_action_interface_example/hook/ld_library_path_lib.sh'
[2.515s] Level 1:colcon.colcon_core.environment:checking '/home/daeho/practice_ws/install/msg_srv_action_interface_example/bin'
[2.515s] Level 1:colcon.colcon_core.environment:checking '/home/daeho/practice_ws/install/msg_srv_action_interface_example/lib/pkgconfig/msg_srv_action_interface_example.pc'
[2.515s] Level 1:colcon.colcon_core.environment:checking '/home/daeho/practice_ws/install/msg_srv_action_interface_example/lib/python3.10/site-packages'
[2.516s] Level 1:colcon.colcon_core.environment:checking '/home/daeho/practice_ws/install/msg_srv_action_interface_example/bin'
[2.516s] INFO:colcon.colcon_core.shell:Creating package script '/home/daeho/practice_ws/install/msg_srv_action_interface_example/share/msg_srv_action_interface_example/package.ps1'
[2.517s] INFO:colcon.colcon_core.shell:Creating package descriptor '/home/daeho/practice_ws/install/msg_srv_action_interface_example/share/msg_srv_action_interface_example/package.dsv'
[2.517s] INFO:colcon.colcon_core.shell:Creating package script '/home/daeho/practice_ws/install/msg_srv_action_interface_example/share/msg_srv_action_interface_example/package.sh'
[2.517s] INFO:colcon.colcon_core.shell:Creating package script '/home/daeho/practice_ws/install/msg_srv_action_interface_example/share/msg_srv_action_interface_example/package.bash'
[2.517s] INFO:colcon.colcon_core.shell:Creating package script '/home/daeho/practice_ws/install/msg_srv_action_interface_example/share/msg_srv_action_interface_example/package.zsh'
[2.517s] Level 1:colcon.colcon_core.environment:create_file_with_runtime_dependencies(/home/daeho/practice_ws/install/msg_srv_action_interface_example/share/colcon-core/packages/msg_srv_action_interface_example)
[2.518s] INFO:colcon.colcon_ros.task.ament_python.build:Building ROS package in '/home/daeho/practice_ws/src/flody_test_suite' with build type 'ament_python'
[2.518s] Level 1:colcon.colcon_core.shell:create_environment_hook('flody_test_suite', 'ament_prefix_path')
[2.518s] INFO:colcon.colcon_core.shell:Creating environment hook '/home/daeho/practice_ws/install/flody_test_suite/share/flody_test_suite/hook/ament_prefix_path.ps1'
[2.519s] INFO:colcon.colcon_core.shell:Creating environment descriptor '/home/daeho/practice_ws/install/flody_test_suite/share/flody_test_suite/hook/ament_prefix_path.dsv'
[2.519s] INFO:colcon.colcon_core.shell:Creating environment hook '/home/daeho/practice_ws/install/flody_test_suite/share/flody_test_suite/hook/ament_prefix_path.sh'
[2.520s] INFO:colcon.colcon_core.shell:Skip shell extension 'powershell' for command environment: Not usable outside of PowerShell
[2.520s] DEBUG:colcon.colcon_core.shell:Skip shell extension 'dsv' for command environment
[2.671s] INFO:colcon.colcon_core.task.python.build:Building Python package in '/home/daeho/practice_ws/src/flody_test_suite'
[2.672s] INFO:colcon.colcon_core.shell:Skip shell extension 'powershell' for command environment: Not usable outside of PowerShell
[2.672s] DEBUG:colcon.colcon_core.shell:Skip shell extension 'dsv' for command environment
[2.861s] DEBUG:colcon.colcon_core.event_handler.log_command:Invoking command in '/home/daeho/practice_ws/src/flody_test_suite': PYTHONPATH=/home/daeho/practice_ws/install/flody_test_suite/lib/python3.10/site-packages:${PYTHONPATH} /usr/bin/python3 setup.py egg_info --egg-base ../../build/flody_test_suite build --build-base /home/daeho/practice_ws/build/flody_test_suite/build install --prefix /home/daeho/practice_ws/install/flody_test_suite --record /home/daeho/practice_ws/build/flody_test_suite/install.log --single-version-externally-managed
[3.030s] Level 1:colcon.colcon_core.environment:checking '/home/daeho/practice_ws/install/flody_test_suite' for CMake module files
[3.030s] DEBUG:colcon.colcon_core.event_handler.log_command:Invoked command in '/home/daeho/practice_ws/src/flody_test_suite' returned '0': PYTHONPATH=/home/daeho/practice_ws/install/flody_test_suite/lib/python3.10/site-packages:${PYTHONPATH} /usr/bin/python3 setup.py egg_info --egg-base ../../build/flody_test_suite build --build-base /home/daeho/practice_ws/build/flody_test_suite/build install --prefix /home/daeho/practice_ws/install/flody_test_suite --record /home/daeho/practice_ws/build/flody_test_suite/install.log --single-version-externally-managed
[3.030s] Level 1:colcon.colcon_core.environment:checking '/home/daeho/practice_ws/install/flody_test_suite' for CMake config files
[3.031s] Level 1:colcon.colcon_core.environment:checking '/home/daeho/practice_ws/install/flody_test_suite/lib'
[3.031s] Level 1:colcon.colcon_core.environment:checking '/home/daeho/practice_ws/install/flody_test_suite/bin'
[3.031s] Level 1:colcon.colcon_core.environment:checking '/home/daeho/practice_ws/install/flody_test_suite/lib/pkgconfig/flody_test_suite.pc'
[3.031s] Level 1:colcon.colcon_core.environment:checking '/home/daeho/practice_ws/install/flody_test_suite/lib/python3.10/site-packages'
[3.031s] Level 1:colcon.colcon_core.shell:create_environment_hook('flody_test_suite', 'pythonpath')
[3.032s] INFO:colcon.colcon_core.shell:Creating environment hook '/home/daeho/practice_ws/install/flody_test_suite/share/flody_test_suite/hook/pythonpath.ps1'
[3.032s] INFO:colcon.colcon_core.shell:Creating environment descriptor '/home/daeho/practice_ws/install/flody_test_suite/share/flody_test_suite/hook/pythonpath.dsv'
[3.032s] INFO:colcon.colcon_core.shell:Creating environment hook '/home/daeho/practice_ws/install/flody_test_suite/share/flody_test_suite/hook/pythonpath.sh'
[3.032s] Level 1:colcon.colcon_core.environment:checking '/home/daeho/practice_ws/install/flody_test_suite/bin'
[3.032s] Level 1:colcon.colcon_core.environment:create_environment_scripts_only(flody_test_suite)
[3.033s] INFO:colcon.colcon_core.shell:Creating package script '/home/daeho/practice_ws/install/flody_test_suite/share/flody_test_suite/package.ps1'
[3.033s] INFO:colcon.colcon_core.shell:Creating package descriptor '/home/daeho/practice_ws/install/flody_test_suite/share/flody_test_suite/package.dsv'
[3.034s] INFO:colcon.colcon_core.shell:Creating package script '/home/daeho/practice_ws/install/flody_test_suite/share/flody_test_suite/package.sh'
[3.034s] INFO:colcon.colcon_core.shell:Creating package script '/home/daeho/practice_ws/install/flody_test_suite/share/flody_test_suite/package.bash'
[3.034s] INFO:colcon.colcon_core.shell:Creating package script '/home/daeho/practice_ws/install/flody_test_suite/share/flody_test_suite/package.zsh'
[3.034s] Level 1:colcon.colcon_core.environment:create_file_with_runtime_dependencies(/home/daeho/practice_ws/install/flody_test_suite/share/colcon-core/packages/flody_test_suite)
[3.034s] DEBUG:colcon.colcon_parallel_executor.executor.parallel:closing loop
[3.034s] DEBUG:colcon.colcon_parallel_executor.executor.parallel:loop closed
[3.034s] DEBUG:colcon.colcon_parallel_executor.executor.parallel:run_until_complete finished with '0'
[3.034s] DEBUG:colcon.colcon_core.event_reactor:joining thread
[3.038s] INFO:colcon.colcon_core.plugin_system:Skipping extension 'colcon_notification.desktop_notification.terminal_notifier': Not used on non-Darwin systems
[3.038s] INFO:colcon.colcon_core.plugin_system:Skipping extension 'colcon_notification.desktop_notification.win32': Not used on non-Windows systems
[3.039s] INFO:colcon.colcon_notification.desktop_notification:Sending desktop notification using 'notify2'
[3.046s] DEBUG:colcon.colcon_core.event_reactor:joined thread
[3.047s] INFO:colcon.colcon_core.shell:Creating prefix script '/home/daeho/practice_ws/install/local_setup.ps1'
[3.047s] INFO:colcon.colcon_core.shell:Creating prefix util module '/home/daeho/practice_ws/install/_local_setup_util_ps1.py'
[3.048s] INFO:colcon.colcon_core.shell:Creating prefix chain script '/home/daeho/practice_ws/install/setup.ps1'
[3.049s] INFO:colcon.colcon_core.shell:Creating prefix script '/home/daeho/practice_ws/install/local_setup.sh'
[3.049s] INFO:colcon.colcon_core.shell:Creating prefix util module '/home/daeho/practice_ws/install/_local_setup_util_sh.py'
[3.050s] INFO:colcon.colcon_core.shell:Creating prefix chain script '/home/daeho/practice_ws/install/setup.sh'
[3.050s] INFO:colcon.colcon_core.shell:Creating prefix script '/home/daeho/practice_ws/install/local_setup.bash'
[3.051s] INFO:colcon.colcon_core.shell:Creating prefix chain script '/home/daeho/practice_ws/install/setup.bash'
[3.051s] INFO:colcon.colcon_core.shell:Creating prefix script '/home/daeho/practice_ws/install/local_setup.zsh'
[3.052s] INFO:colcon.colcon_core.shell:Creating prefix chain script '/home/daeho/practice_ws/install/setup.zsh'
