[0.011s] Invoking command in '/home/daeho/practice_ws/build/action_interfaces': CMAKE_PREFIX_PATH=/opt/ros/humble /usr/bin/cmake /home/daeho/practice_ws/src/action_interfaces -DCMAKE_INSTALL_PREFIX=/home/daeho/practice_ws/install/action_interfaces
[0.083s] -- The C compiler identification is GNU 11.2.0
[0.138s] -- The CXX compiler identification is GNU 11.2.0
[0.145s] -- Detecting C compiler ABI info
[0.186s] -- Detecting C compiler ABI info - done
[0.190s] -- Check for working C compiler: /usr/bin/cc - skipped
[0.191s] -- Detecting C compile features
[0.191s] -- Detecting C compile features - done
[0.194s] -- Detecting CXX compiler ABI info
[0.238s] -- Detecting CXX compiler ABI info - done
[0.242s] -- Check for working CXX compiler: /usr/bin/c++ - skipped
[0.243s] -- Detecting CXX compile features
[0.243s] -- Detecting CXX compile features - done
[0.247s] -- Found ament_cmake: 1.3.2 (/opt/ros/humble/share/ament_cmake/cmake)
[0.347s] -- Found Python3: /usr/bin/python3.10 (found version "3.10.4") found components: Interpreter 
[0.406s] -- Found ament_lint_auto: 0.12.4 (/opt/ros/humble/share/ament_lint_auto/cmake)
[0.453s] -- Added test 'lint_cmake' to check CMake code style
[0.454s] -- Added test 'xmllint' to check XML markup files
[0.456s] -- Found rosidl_default_generators: 1.2.0 (/opt/ros/humble/share/rosidl_default_generators/cmake)
[0.459s] -- Using all available rosidl_typesupport_c: rosidl_typesupport_fastrtps_c;rosidl_typesupport_introspection_c
[0.463s] -- Found rosidl_adapter: 3.1.3 (/opt/ros/humble/share/rosidl_adapter/cmake)
[0.493s] -- Using all available rosidl_typesupport_cpp: rosidl_typesupport_fastrtps_cpp;rosidl_typesupport_introspection_cpp
[0.518s] [31mCMake Error at /opt/ros/humble/share/rosidl_cmake/cmake/rosidl_generate_interfaces.cmake:64 (message):
[0.518s]   rosidl_generate_interfaces() must be called before ament_package()
[0.518s] Call Stack (most recent call first):
[0.518s]   CMakeLists.txt:30 (rosidl_generate_interfaces)
[0.518s] 
[0.518s] [0m
[0.518s] -- Configuring incomplete, errors occurred!
[0.518s] See also "/home/daeho/practice_ws/build/action_interfaces/CMakeFiles/CMakeOutput.log".
[0.522s] Invoked command in '/home/daeho/practice_ws/build/action_interfaces' returned '1': CMAKE_PREFIX_PATH=/opt/ros/humble /usr/bin/cmake /home/daeho/practice_ws/src/action_interfaces -DCMAKE_INSTALL_PREFIX=/home/daeho/practice_ws/install/action_interfaces
