[0.007s] Invoking command in '/home/daeho/practice_ws/build/msg_srv_action_interface_example': CMAKE_PREFIX_PATH=/home/daeho/practice_ws/install/flody_test_suite:/opt/ros/humble /usr/bin/cmake /home/daeho/practice_ws/src/msg_srv_action_interface_example -DAMENT_CMAKE_SYMLINK_INSTALL=1 -DCMAKE_INSTALL_PREFIX=/home/daeho/practice_ws/install/msg_srv_action_interface_example
[0.037s] -- The C compiler identification is GNU 11.2.0
[0.074s] -- The CXX compiler identification is GNU 11.2.0
[0.077s] -- Detecting C compiler ABI info
[0.113s] -- Detecting C compiler ABI info - done
[0.117s] -- Check for working C compiler: /usr/bin/cc - skipped
[0.117s] -- Detecting C compile features
[0.118s] -- Detecting C compile features - done
[0.119s] -- Detecting CXX compiler ABI info
[0.185s] -- Detecting CXX compiler ABI info - done
[0.189s] -- Check for working CXX compiler: /usr/bin/c++ - skipped
[0.189s] -- Detecting CXX compile features
[0.189s] -- Detecting CXX compile features - done
[0.191s] -- Found ament_cmake: 1.3.2 (/opt/ros/humble/share/ament_cmake/cmake)
[0.288s] -- Found Python3: /usr/bin/python3.10 (found version "3.10.4") found components: Interpreter 
[0.322s] -- Override CMake install command with custom implementation using symlinks instead of copying resources
[0.340s] -- Found builtin_interfaces: 1.2.0 (/opt/ros/humble/share/builtin_interfaces/cmake)
[0.359s] -- Found rosidl_generator_c: 3.1.3 (/opt/ros/humble/share/rosidl_generator_c/cmake)
[0.362s] -- Found rosidl_adapter: 3.1.3 (/opt/ros/humble/share/rosidl_adapter/cmake)
[0.366s] -- Found rosidl_generator_cpp: 3.1.3 (/opt/ros/humble/share/rosidl_generator_cpp/cmake)
[0.374s] -- Using all available rosidl_typesupport_c: rosidl_typesupport_fastrtps_c;rosidl_typesupport_introspection_c
[0.384s] -- Using all available rosidl_typesupport_cpp: rosidl_typesupport_fastrtps_cpp;rosidl_typesupport_introspection_cpp
[0.395s] -- Found rosidl_default_generators: 1.2.0 (/opt/ros/humble/share/rosidl_default_generators/cmake)
[0.586s] -- Found ament_cmake_ros: 0.10.0 (/opt/ros/humble/share/ament_cmake_ros/cmake)
[0.764s] -- Using all available rosidl_typesupport_c: rosidl_typesupport_fastrtps_c;rosidl_typesupport_introspection_c
[0.835s] -- Using all available rosidl_typesupport_cpp: rosidl_typesupport_fastrtps_cpp;rosidl_typesupport_introspection_cpp
[0.848s] -- Found PythonInterp: /usr/bin/python3 (found suitable version "3.10.4", minimum required is "3.6") 
[0.849s] -- Found python_cmake_module: 0.10.0 (/opt/ros/humble/share/python_cmake_module/cmake)
[0.864s] -- Found PythonLibs: /usr/lib/x86_64-linux-gnu/libpython3.10.so (found suitable version "3.10.4", minimum required is "3.5") 
[0.864s] -- Using PYTHON_EXECUTABLE: /usr/bin/python3
[0.864s] -- Using PYTHON_INCLUDE_DIRS: /usr/include/python3.10
[0.864s] -- Using PYTHON_LIBRARIES: /usr/lib/x86_64-linux-gnu/libpython3.10.so
[0.876s] -- Found PythonExtra: .so  
[0.899s] -- Found ament_lint_auto: 0.12.4 (/opt/ros/humble/share/ament_lint_auto/cmake)
[0.909s] -- Added test 'lint_cmake' to check CMake code style
[0.910s] -- Added test 'xmllint' to check XML markup files
[0.911s] -- Configuring done
[0.929s] -- Generating done
[0.930s] -- Build files have been written to: /home/daeho/practice_ws/build/msg_srv_action_interface_example
[0.937s] Invoked command in '/home/daeho/practice_ws/build/msg_srv_action_interface_example' returned '0': CMAKE_PREFIX_PATH=/home/daeho/practice_ws/install/flody_test_suite:/opt/ros/humble /usr/bin/cmake /home/daeho/practice_ws/src/msg_srv_action_interface_example -DAMENT_CMAKE_SYMLINK_INSTALL=1 -DCMAKE_INSTALL_PREFIX=/home/daeho/practice_ws/install/msg_srv_action_interface_example
[0.937s] Invoking command in '/home/daeho/practice_ws/build/msg_srv_action_interface_example': CMAKE_PREFIX_PATH=/home/daeho/practice_ws/install/flody_test_suite:/opt/ros/humble /usr/bin/cmake --build /home/daeho/practice_ws/build/msg_srv_action_interface_example -- -j16 -l16
[0.956s] [  3%] [34m[1mGenerating C code for ROS interfaces[0m
[0.960s] [  6%] [34m[1mGenerating C++ code for ROS interfaces[0m
[0.964s] [  6%] Built target ament_cmake_python_symlink_msg_srv_action_interface_example
[1.114s] running egg_info
[1.115s] creating msg_srv_action_interface_example.egg-info
[1.115s] writing msg_srv_action_interface_example.egg-info/PKG-INFO
[1.115s] writing dependency_links to msg_srv_action_interface_example.egg-info/dependency_links.txt
[1.115s] writing top-level names to msg_srv_action_interface_example.egg-info/top_level.txt
[1.115s] writing manifest file 'msg_srv_action_interface_example.egg-info/SOURCES.txt'
[1.116s] reading manifest file 'msg_srv_action_interface_example.egg-info/SOURCES.txt'
[1.116s] writing manifest file 'msg_srv_action_interface_example.egg-info/SOURCES.txt'
[1.130s] [  6%] Built target ament_cmake_python_build_msg_srv_action_interface_example_egg
[1.211s] [  6%] Built target msg_srv_action_interface_example__cpp
[1.212s] [  9%] [32mBuilding C object CMakeFiles/msg_srv_action_interface_example__rosidl_generator_c.dir/rosidl_generator_c/msg_srv_action_interface_example/action/detail/turtle_start__functions.c.o[0m
[1.216s] [ 12%] [34m[1mGenerating C++ type support dispatch for ROS interfaces[0m
[1.216s] [ 16%] [34m[1mGenerating C++ type support for eProsima Fast-RTPS[0m
[1.216s] [ 19%] [34m[1mGenerating C++ introspection for ROS interfaces[0m
[1.299s] [ 22%] [32m[1mLinking C shared library libmsg_srv_action_interface_example__rosidl_generator_c.so[0m
[1.319s] [ 22%] Built target msg_srv_action_interface_example__rosidl_generator_c
[1.323s] [ 25%] [34m[1mGenerating C type support for eProsima Fast-RTPS[0m
[1.323s] [ 29%] [34m[1mGenerating C introspection for ROS interfaces[0m
[1.324s] [ 32%] [34m[1mGenerating C type support dispatch for ROS interfaces[0m
[1.388s] [ 35%] [32mBuilding CXX object CMakeFiles/msg_srv_action_interface_example__rosidl_typesupport_cpp.dir/rosidl_typesupport_cpp/msg_srv_action_interface_example/action/turtle_start__type_support.cpp.o[0m
[1.444s] [ 38%] [32mBuilding CXX object CMakeFiles/msg_srv_action_interface_example__rosidl_typesupport_introspection_cpp.dir/rosidl_typesupport_introspection_cpp/msg_srv_action_interface_example/action/detail/turtle_start__type_support.cpp.o[0m
[1.449s] [ 41%] [32mBuilding CXX object CMakeFiles/msg_srv_action_interface_example__rosidl_typesupport_fastrtps_cpp.dir/rosidl_typesupport_fastrtps_cpp/msg_srv_action_interface_example/action/detail/dds_fastrtps/turtle_start__type_support.cpp.o[0m
[1.495s] [ 45%] [32mBuilding CXX object CMakeFiles/msg_srv_action_interface_example__rosidl_typesupport_c.dir/rosidl_typesupport_c/msg_srv_action_interface_example/action/turtle_start__type_support.cpp.o[0m
[1.524s] [ 48%] [32m[1mLinking CXX shared library libmsg_srv_action_interface_example__rosidl_typesupport_c.so[0m
[1.549s] [ 51%] [32mBuilding C object CMakeFiles/msg_srv_action_interface_example__rosidl_typesupport_introspection_c.dir/rosidl_typesupport_introspection_c/msg_srv_action_interface_example/action/detail/turtle_start__type_support.c.o[0m
[1.550s] [ 51%] Built target msg_srv_action_interface_example__rosidl_typesupport_c
[1.560s] [ 54%] [32mBuilding CXX object CMakeFiles/msg_srv_action_interface_example__rosidl_typesupport_fastrtps_c.dir/rosidl_typesupport_fastrtps_c/msg_srv_action_interface_example/action/detail/turtle_start__type_support_c.cpp.o[0m
[1.578s] [ 58%] [32m[1mLinking C shared library libmsg_srv_action_interface_example__rosidl_typesupport_introspection_c.so[0m
[1.595s] [ 58%] Built target msg_srv_action_interface_example__rosidl_typesupport_introspection_c
[1.679s] [ 61%] [32m[1mLinking CXX shared library libmsg_srv_action_interface_example__rosidl_typesupport_cpp.so[0m
[1.702s] [ 61%] Built target msg_srv_action_interface_example__rosidl_typesupport_cpp
[1.778s] [ 64%] [32m[1mLinking CXX shared library libmsg_srv_action_interface_example__rosidl_typesupport_fastrtps_c.so[0m
[1.780s] [ 67%] [32m[1mLinking CXX shared library libmsg_srv_action_interface_example__rosidl_typesupport_fastrtps_cpp.so[0m
[1.788s] [ 70%] [32m[1mLinking CXX shared library libmsg_srv_action_interface_example__rosidl_typesupport_introspection_cpp.so[0m
[1.826s] [ 70%] Built target msg_srv_action_interface_example__rosidl_typesupport_fastrtps_cpp
[1.826s] [ 70%] Built target msg_srv_action_interface_example__rosidl_typesupport_fastrtps_c
[1.833s] [ 70%] Built target msg_srv_action_interface_example__rosidl_typesupport_introspection_cpp
[1.842s] [ 70%] Built target msg_srv_action_interface_example
[1.852s] [ 74%] [34m[1mGenerating Python code for ROS interfaces[0m
[2.307s] [ 74%] Built target msg_srv_action_interface_example__py
[2.316s] [ 77%] [32mBuilding C object CMakeFiles/msg_srv_action_interface_example__rosidl_generator_py.dir/rosidl_generator_py/msg_srv_action_interface_example/action/_turtle_start_s.c.o[0m
[2.410s] [ 80%] [32m[1mLinking C shared library rosidl_generator_py/msg_srv_action_interface_example/libmsg_srv_action_interface_example__rosidl_generator_py.so[0m
[2.430s] [ 80%] Built target msg_srv_action_interface_example__rosidl_generator_py
[2.440s] [ 83%] [32mBuilding C object CMakeFiles/msg_srv_action_interface_example__rosidl_typesupport_fastrtps_c__pyext.dir/rosidl_generator_py/msg_srv_action_interface_example/_msg_srv_action_interface_example_s.ep.rosidl_typesupport_fastrtps_c.c.o[0m
[2.441s] [ 87%] [32mBuilding C object CMakeFiles/msg_srv_action_interface_example__rosidl_typesupport_introspection_c__pyext.dir/rosidl_generator_py/msg_srv_action_interface_example/_msg_srv_action_interface_example_s.ep.rosidl_typesupport_introspection_c.c.o[0m
[2.441s] [ 90%] [32mBuilding C object CMakeFiles/msg_srv_action_interface_example__rosidl_typesupport_c__pyext.dir/rosidl_generator_py/msg_srv_action_interface_example/_msg_srv_action_interface_example_s.ep.rosidl_typesupport_c.c.o[0m
[2.514s] [100%] [32m[1mLinking C shared library rosidl_generator_py/msg_srv_action_interface_example/msg_srv_action_interface_example_s__rosidl_typesupport_introspection_c.cpython-310-x86_64-linux-gnu.so[0m
[2.514s] [100%] [32m[1mLinking C shared library rosidl_generator_py/msg_srv_action_interface_example/msg_srv_action_interface_example_s__rosidl_typesupport_fastrtps_c.cpython-310-x86_64-linux-gnu.so[0m
[2.514s] [100%] [32m[1mLinking C shared library rosidl_generator_py/msg_srv_action_interface_example/msg_srv_action_interface_example_s__rosidl_typesupport_c.cpython-310-x86_64-linux-gnu.so[0m
[2.536s] [100%] Built target msg_srv_action_interface_example__rosidl_typesupport_c__pyext
[2.536s] [100%] Built target msg_srv_action_interface_example__rosidl_typesupport_introspection_c__pyext
[2.536s] [100%] Built target msg_srv_action_interface_example__rosidl_typesupport_fastrtps_c__pyext
[2.542s] Invoked command in '/home/daeho/practice_ws/build/msg_srv_action_interface_example' returned '0': CMAKE_PREFIX_PATH=/home/daeho/practice_ws/install/flody_test_suite:/opt/ros/humble /usr/bin/cmake --build /home/daeho/practice_ws/build/msg_srv_action_interface_example -- -j16 -l16
[2.569s] Invoking command in '/home/daeho/practice_ws/build/msg_srv_action_interface_example': CMAKE_PREFIX_PATH=/home/daeho/practice_ws/install/flody_test_suite:/opt/ros/humble /usr/bin/cmake --install /home/daeho/practice_ws/build/msg_srv_action_interface_example
[2.572s] -- Install configuration: ""
[2.572s] -- Execute custom install script
[2.573s] -- Symlinking: /home/daeho/practice_ws/install/msg_srv_action_interface_example/share/ament_index/resource_index/rosidl_interfaces/msg_srv_action_interface_example
[2.577s] -- Symlinking: /home/daeho/practice_ws/install/msg_srv_action_interface_example/include/msg_srv_action_interface_example/msg_srv_action_interface_example/action/detail/turtle_start__functions.h
[2.581s] -- Symlinking: /home/daeho/practice_ws/install/msg_srv_action_interface_example/include/msg_srv_action_interface_example/msg_srv_action_interface_example/action/detail/turtle_start__struct.h
[2.584s] -- Symlinking: /home/daeho/practice_ws/install/msg_srv_action_interface_example/include/msg_srv_action_interface_example/msg_srv_action_interface_example/action/detail/turtle_start__type_support.h
[2.588s] -- Symlinking: /home/daeho/practice_ws/install/msg_srv_action_interface_example/include/msg_srv_action_interface_example/msg_srv_action_interface_example/action/turtle_start.h
[2.592s] -- Symlinking: /home/daeho/practice_ws/install/msg_srv_action_interface_example/include/msg_srv_action_interface_example/msg_srv_action_interface_example/msg/rosidl_generator_c__visibility_control.h
[2.595s] -- Symlinking: /home/daeho/practice_ws/install/msg_srv_action_interface_example/share/msg_srv_action_interface_example/environment/library_path.sh
[2.599s] -- Symlinking: /home/daeho/practice_ws/install/msg_srv_action_interface_example/share/msg_srv_action_interface_example/environment/library_path.dsv
[2.603s] -- Symlinking: /home/daeho/practice_ws/install/msg_srv_action_interface_example/include/msg_srv_action_interface_example/msg_srv_action_interface_example/action/detail/turtle_start__rosidl_typesupport_fastrtps_c.h
[2.606s] -- Symlinking: /home/daeho/practice_ws/install/msg_srv_action_interface_example/include/msg_srv_action_interface_example/msg_srv_action_interface_example/msg/rosidl_typesupport_fastrtps_c__visibility_control.h
[2.610s] -- Symlinking: /home/daeho/practice_ws/install/msg_srv_action_interface_example/include/msg_srv_action_interface_example/msg_srv_action_interface_example/action/detail/turtle_start__builder.hpp
[2.613s] -- Symlinking: /home/daeho/practice_ws/install/msg_srv_action_interface_example/include/msg_srv_action_interface_example/msg_srv_action_interface_example/action/detail/turtle_start__struct.hpp
[2.617s] -- Symlinking: /home/daeho/practice_ws/install/msg_srv_action_interface_example/include/msg_srv_action_interface_example/msg_srv_action_interface_example/action/detail/turtle_start__traits.hpp
[2.620s] -- Symlinking: /home/daeho/practice_ws/install/msg_srv_action_interface_example/include/msg_srv_action_interface_example/msg_srv_action_interface_example/action/turtle_start.hpp
[2.624s] -- Symlinking: /home/daeho/practice_ws/install/msg_srv_action_interface_example/include/msg_srv_action_interface_example/msg_srv_action_interface_example/action/detail/turtle_start__rosidl_typesupport_fastrtps_cpp.hpp
[2.628s] -- Symlinking: /home/daeho/practice_ws/install/msg_srv_action_interface_example/include/msg_srv_action_interface_example/msg_srv_action_interface_example/msg/rosidl_typesupport_fastrtps_cpp__visibility_control.h
[2.631s] -- Symlinking: /home/daeho/practice_ws/install/msg_srv_action_interface_example/include/msg_srv_action_interface_example/msg_srv_action_interface_example/action/detail/turtle_start__rosidl_typesupport_introspection_c.h
[2.635s] -- Symlinking: /home/daeho/practice_ws/install/msg_srv_action_interface_example/include/msg_srv_action_interface_example/msg_srv_action_interface_example/msg/rosidl_typesupport_introspection_c__visibility_control.h
[2.639s] -- Symlinking: /home/daeho/practice_ws/install/msg_srv_action_interface_example/include/msg_srv_action_interface_example/msg_srv_action_interface_example/action/detail/turtle_start__rosidl_typesupport_introspection_cpp.hpp
[2.643s] -- Symlinking: /home/daeho/practice_ws/install/msg_srv_action_interface_example/share/msg_srv_action_interface_example/environment/pythonpath.sh
[2.646s] -- Symlinking: /home/daeho/practice_ws/install/msg_srv_action_interface_example/share/msg_srv_action_interface_example/environment/pythonpath.dsv
[2.650s] -- Symlinking: /home/daeho/practice_ws/install/msg_srv_action_interface_example/local/lib/python3.10/dist-packages/msg_srv_action_interface_example-0.0.0-py3.10.egg-info/PKG-INFO
[2.653s] -- Symlinking: /home/daeho/practice_ws/install/msg_srv_action_interface_example/local/lib/python3.10/dist-packages/msg_srv_action_interface_example-0.0.0-py3.10.egg-info/SOURCES.txt
[2.657s] -- Symlinking: /home/daeho/practice_ws/install/msg_srv_action_interface_example/local/lib/python3.10/dist-packages/msg_srv_action_interface_example-0.0.0-py3.10.egg-info/dependency_links.txt
[2.660s] -- Symlinking: /home/daeho/practice_ws/install/msg_srv_action_interface_example/local/lib/python3.10/dist-packages/msg_srv_action_interface_example-0.0.0-py3.10.egg-info/top_level.txt
[2.664s] -- Symlinking: /home/daeho/practice_ws/install/msg_srv_action_interface_example/local/lib/python3.10/dist-packages/msg_srv_action_interface_example/__init__.py
[2.668s] -- Symlinking: /home/daeho/practice_ws/install/msg_srv_action_interface_example/local/lib/python3.10/dist-packages/msg_srv_action_interface_example/_msg_srv_action_interface_example_s.ep.rosidl_typesupport_c.c
[2.671s] -- Symlinking: /home/daeho/practice_ws/install/msg_srv_action_interface_example/local/lib/python3.10/dist-packages/msg_srv_action_interface_example/_msg_srv_action_interface_example_s.ep.rosidl_typesupport_fastrtps_c.c
[2.675s] -- Symlinking: /home/daeho/practice_ws/install/msg_srv_action_interface_example/local/lib/python3.10/dist-packages/msg_srv_action_interface_example/_msg_srv_action_interface_example_s.ep.rosidl_typesupport_introspection_c.c
[2.678s] -- Symlinking: /home/daeho/practice_ws/install/msg_srv_action_interface_example/local/lib/python3.10/dist-packages/msg_srv_action_interface_example/action/__init__.py
[2.682s] -- Symlinking: /home/daeho/practice_ws/install/msg_srv_action_interface_example/local/lib/python3.10/dist-packages/msg_srv_action_interface_example/action/_turtle_start.py
[2.685s] -- Symlinking: /home/daeho/practice_ws/install/msg_srv_action_interface_example/local/lib/python3.10/dist-packages/msg_srv_action_interface_example/action/_turtle_start_s.c
[2.689s] -- Symlinking: /home/daeho/practice_ws/install/msg_srv_action_interface_example/local/lib/python3.10/dist-packages/msg_srv_action_interface_example/libmsg_srv_action_interface_example__rosidl_generator_py.so
[2.693s] -- Symlinking: /home/daeho/practice_ws/install/msg_srv_action_interface_example/local/lib/python3.10/dist-packages/msg_srv_action_interface_example/msg_srv_action_interface_example_s__rosidl_typesupport_c.cpython-310-x86_64-linux-gnu.so
[2.697s] -- Symlinking: /home/daeho/practice_ws/install/msg_srv_action_interface_example/local/lib/python3.10/dist-packages/msg_srv_action_interface_example/msg_srv_action_interface_example_s__rosidl_typesupport_fastrtps_c.cpython-310-x86_64-linux-gnu.so
[2.702s] -- Symlinking: /home/daeho/practice_ws/install/msg_srv_action_interface_example/local/lib/python3.10/dist-packages/msg_srv_action_interface_example/msg_srv_action_interface_example_s__rosidl_typesupport_introspection_c.cpython-310-x86_64-linux-gnu.so
[2.710s] -- Up-to-date symlink: /home/daeho/practice_ws/install/msg_srv_action_interface_example/local/lib/python3.10/dist-packages/msg_srv_action_interface_example/msg_srv_action_interface_example_s__rosidl_typesupport_fastrtps_c.cpython-310-x86_64-linux-gnu.so
[2.710s] -- Up-to-date symlink: /home/daeho/practice_ws/install/msg_srv_action_interface_example/local/lib/python3.10/dist-packages/msg_srv_action_interface_example/msg_srv_action_interface_example_s__rosidl_typesupport_introspection_c.cpython-310-x86_64-linux-gnu.so
[2.711s] -- Up-to-date symlink: /home/daeho/practice_ws/install/msg_srv_action_interface_example/local/lib/python3.10/dist-packages/msg_srv_action_interface_example/msg_srv_action_interface_example_s__rosidl_typesupport_c.cpython-310-x86_64-linux-gnu.so
[2.711s] -- Symlinking: /home/daeho/practice_ws/install/msg_srv_action_interface_example/share/msg_srv_action_interface_example/action/TurtleStart.idl
[2.717s] -- Symlinking: /home/daeho/practice_ws/install/msg_srv_action_interface_example/share/msg_srv_action_interface_example/action/TurtleStart.action
[2.722s] -- Symlinking: /home/daeho/practice_ws/install/msg_srv_action_interface_example/share/ament_index/resource_index/package_run_dependencies/msg_srv_action_interface_example
[2.725s] -- Symlinking: /home/daeho/practice_ws/install/msg_srv_action_interface_example/share/ament_index/resource_index/parent_prefix_path/msg_srv_action_interface_example
[2.730s] -- Symlinking: /home/daeho/practice_ws/install/msg_srv_action_interface_example/share/msg_srv_action_interface_example/environment/ament_prefix_path.sh
[2.736s] -- Symlinking: /home/daeho/practice_ws/install/msg_srv_action_interface_example/share/msg_srv_action_interface_example/environment/ament_prefix_path.dsv
[2.741s] -- Symlinking: /home/daeho/practice_ws/install/msg_srv_action_interface_example/share/msg_srv_action_interface_example/environment/path.sh
[2.747s] -- Symlinking: /home/daeho/practice_ws/install/msg_srv_action_interface_example/share/msg_srv_action_interface_example/environment/path.dsv
[2.753s] -- Symlinking: /home/daeho/practice_ws/install/msg_srv_action_interface_example/share/msg_srv_action_interface_example/local_setup.bash
[2.757s] -- Symlinking: /home/daeho/practice_ws/install/msg_srv_action_interface_example/share/msg_srv_action_interface_example/local_setup.sh
[2.761s] -- Symlinking: /home/daeho/practice_ws/install/msg_srv_action_interface_example/share/msg_srv_action_interface_example/local_setup.zsh
[2.764s] -- Symlinking: /home/daeho/practice_ws/install/msg_srv_action_interface_example/share/msg_srv_action_interface_example/local_setup.dsv
[2.768s] -- Symlinking: /home/daeho/practice_ws/install/msg_srv_action_interface_example/share/msg_srv_action_interface_example/package.dsv
[2.772s] -- Symlinking: /home/daeho/practice_ws/install/msg_srv_action_interface_example/share/ament_index/resource_index/packages/msg_srv_action_interface_example
[2.775s] -- Symlinking: /home/daeho/practice_ws/install/msg_srv_action_interface_example/share/msg_srv_action_interface_example/cmake/rosidl_cmake-extras.cmake
[2.779s] -- Symlinking: /home/daeho/practice_ws/install/msg_srv_action_interface_example/share/msg_srv_action_interface_example/cmake/ament_cmake_export_dependencies-extras.cmake
[2.782s] -- Symlinking: /home/daeho/practice_ws/install/msg_srv_action_interface_example/share/msg_srv_action_interface_example/cmake/ament_cmake_export_include_directories-extras.cmake
[2.786s] -- Symlinking: /home/daeho/practice_ws/install/msg_srv_action_interface_example/share/msg_srv_action_interface_example/cmake/ament_cmake_export_libraries-extras.cmake
[2.789s] -- Symlinking: /home/daeho/practice_ws/install/msg_srv_action_interface_example/share/msg_srv_action_interface_example/cmake/ament_cmake_export_targets-extras.cmake
[2.793s] -- Symlinking: /home/daeho/practice_ws/install/msg_srv_action_interface_example/share/msg_srv_action_interface_example/cmake/rosidl_cmake_export_typesupport_targets-extras.cmake
[2.796s] -- Symlinking: /home/daeho/practice_ws/install/msg_srv_action_interface_example/share/msg_srv_action_interface_example/cmake/rosidl_cmake_export_typesupport_libraries-extras.cmake
[2.800s] -- Symlinking: /home/daeho/practice_ws/install/msg_srv_action_interface_example/share/msg_srv_action_interface_example/cmake/msg_srv_action_interface_exampleConfig.cmake
[2.804s] -- Symlinking: /home/daeho/practice_ws/install/msg_srv_action_interface_example/share/msg_srv_action_interface_example/cmake/msg_srv_action_interface_exampleConfig-version.cmake
[2.807s] -- Symlinking: /home/daeho/practice_ws/install/msg_srv_action_interface_example/share/msg_srv_action_interface_example/package.xml
[2.812s] -- Installing: /home/daeho/practice_ws/install/msg_srv_action_interface_example/lib/libmsg_srv_action_interface_example__rosidl_generator_c.so
[2.812s] -- Set runtime path of "/home/daeho/practice_ws/install/msg_srv_action_interface_example/lib/libmsg_srv_action_interface_example__rosidl_generator_c.so" to ""
[2.812s] -- Installing: /home/daeho/practice_ws/install/msg_srv_action_interface_example/lib/libmsg_srv_action_interface_example__rosidl_typesupport_fastrtps_c.so
[2.812s] -- Set runtime path of "/home/daeho/practice_ws/install/msg_srv_action_interface_example/lib/libmsg_srv_action_interface_example__rosidl_typesupport_fastrtps_c.so" to ""
[2.812s] -- Installing: /home/daeho/practice_ws/install/msg_srv_action_interface_example/lib/libmsg_srv_action_interface_example__rosidl_typesupport_fastrtps_cpp.so
[2.813s] -- Set runtime path of "/home/daeho/practice_ws/install/msg_srv_action_interface_example/lib/libmsg_srv_action_interface_example__rosidl_typesupport_fastrtps_cpp.so" to ""
[2.813s] -- Installing: /home/daeho/practice_ws/install/msg_srv_action_interface_example/lib/libmsg_srv_action_interface_example__rosidl_typesupport_introspection_c.so
[2.813s] -- Set runtime path of "/home/daeho/practice_ws/install/msg_srv_action_interface_example/lib/libmsg_srv_action_interface_example__rosidl_typesupport_introspection_c.so" to ""
[2.813s] -- Installing: /home/daeho/practice_ws/install/msg_srv_action_interface_example/lib/libmsg_srv_action_interface_example__rosidl_typesupport_c.so
[2.813s] -- Set runtime path of "/home/daeho/practice_ws/install/msg_srv_action_interface_example/lib/libmsg_srv_action_interface_example__rosidl_typesupport_c.so" to ""
[2.813s] -- Installing: /home/daeho/practice_ws/install/msg_srv_action_interface_example/lib/libmsg_srv_action_interface_example__rosidl_typesupport_introspection_cpp.so
[2.813s] -- Set runtime path of "/home/daeho/practice_ws/install/msg_srv_action_interface_example/lib/libmsg_srv_action_interface_example__rosidl_typesupport_introspection_cpp.so" to ""
[2.813s] -- Installing: /home/daeho/practice_ws/install/msg_srv_action_interface_example/lib/libmsg_srv_action_interface_example__rosidl_typesupport_cpp.so
[2.814s] -- Set runtime path of "/home/daeho/practice_ws/install/msg_srv_action_interface_example/lib/libmsg_srv_action_interface_example__rosidl_typesupport_cpp.so" to ""
[2.840s] Listing '/home/daeho/practice_ws/install/msg_srv_action_interface_example/local/lib/python3.10/dist-packages/msg_srv_action_interface_example'...
[2.840s] Compiling '/home/daeho/practice_ws/install/msg_srv_action_interface_example/local/lib/python3.10/dist-packages/msg_srv_action_interface_example/__init__.py'...
[2.841s] Listing '/home/daeho/practice_ws/install/msg_srv_action_interface_example/local/lib/python3.10/dist-packages/msg_srv_action_interface_example/action'...
[2.841s] Compiling '/home/daeho/practice_ws/install/msg_srv_action_interface_example/local/lib/python3.10/dist-packages/msg_srv_action_interface_example/action/__init__.py'...
[2.841s] Compiling '/home/daeho/practice_ws/install/msg_srv_action_interface_example/local/lib/python3.10/dist-packages/msg_srv_action_interface_example/action/_turtle_start.py'...
[2.843s] -- Installing: /home/daeho/practice_ws/install/msg_srv_action_interface_example/lib/libmsg_srv_action_interface_example__rosidl_generator_py.so
[2.843s] -- Set runtime path of "/home/daeho/practice_ws/install/msg_srv_action_interface_example/lib/libmsg_srv_action_interface_example__rosidl_generator_py.so" to ""
[2.844s] -- Installing: /home/daeho/practice_ws/install/msg_srv_action_interface_example/share/msg_srv_action_interface_example/cmake/export_msg_srv_action_interface_example__rosidl_generator_cExport.cmake
[2.844s] -- Installing: /home/daeho/practice_ws/install/msg_srv_action_interface_example/share/msg_srv_action_interface_example/cmake/export_msg_srv_action_interface_example__rosidl_generator_cExport-noconfig.cmake
[2.844s] -- Installing: /home/daeho/practice_ws/install/msg_srv_action_interface_example/share/msg_srv_action_interface_example/cmake/export_msg_srv_action_interface_example__rosidl_typesupport_fastrtps_cExport.cmake
[2.844s] -- Installing: /home/daeho/practice_ws/install/msg_srv_action_interface_example/share/msg_srv_action_interface_example/cmake/export_msg_srv_action_interface_example__rosidl_typesupport_fastrtps_cExport-noconfig.cmake
[2.844s] -- Installing: /home/daeho/practice_ws/install/msg_srv_action_interface_example/share/msg_srv_action_interface_example/cmake/export_msg_srv_action_interface_example__rosidl_generator_cppExport.cmake
[2.844s] -- Installing: /home/daeho/practice_ws/install/msg_srv_action_interface_example/share/msg_srv_action_interface_example/cmake/export_msg_srv_action_interface_example__rosidl_typesupport_fastrtps_cppExport.cmake
[2.844s] -- Installing: /home/daeho/practice_ws/install/msg_srv_action_interface_example/share/msg_srv_action_interface_example/cmake/export_msg_srv_action_interface_example__rosidl_typesupport_fastrtps_cppExport-noconfig.cmake
[2.844s] -- Installing: /home/daeho/practice_ws/install/msg_srv_action_interface_example/share/msg_srv_action_interface_example/cmake/msg_srv_action_interface_example__rosidl_typesupport_introspection_cExport.cmake
[2.844s] -- Installing: /home/daeho/practice_ws/install/msg_srv_action_interface_example/share/msg_srv_action_interface_example/cmake/msg_srv_action_interface_example__rosidl_typesupport_introspection_cExport-noconfig.cmake
[2.844s] -- Installing: /home/daeho/practice_ws/install/msg_srv_action_interface_example/share/msg_srv_action_interface_example/cmake/msg_srv_action_interface_example__rosidl_typesupport_cExport.cmake
[2.844s] -- Installing: /home/daeho/practice_ws/install/msg_srv_action_interface_example/share/msg_srv_action_interface_example/cmake/msg_srv_action_interface_example__rosidl_typesupport_cExport-noconfig.cmake
[2.845s] -- Installing: /home/daeho/practice_ws/install/msg_srv_action_interface_example/share/msg_srv_action_interface_example/cmake/msg_srv_action_interface_example__rosidl_typesupport_introspection_cppExport.cmake
[2.845s] -- Installing: /home/daeho/practice_ws/install/msg_srv_action_interface_example/share/msg_srv_action_interface_example/cmake/msg_srv_action_interface_example__rosidl_typesupport_introspection_cppExport-noconfig.cmake
[2.845s] -- Installing: /home/daeho/practice_ws/install/msg_srv_action_interface_example/share/msg_srv_action_interface_example/cmake/msg_srv_action_interface_example__rosidl_typesupport_cppExport.cmake
[2.845s] -- Installing: /home/daeho/practice_ws/install/msg_srv_action_interface_example/share/msg_srv_action_interface_example/cmake/msg_srv_action_interface_example__rosidl_typesupport_cppExport-noconfig.cmake
[2.845s] -- Installing: /home/daeho/practice_ws/install/msg_srv_action_interface_example/share/msg_srv_action_interface_example/cmake/export_msg_srv_action_interface_example__rosidl_generator_pyExport.cmake
[2.845s] -- Installing: /home/daeho/practice_ws/install/msg_srv_action_interface_example/share/msg_srv_action_interface_example/cmake/export_msg_srv_action_interface_example__rosidl_generator_pyExport-noconfig.cmake
[2.846s] Invoked command in '/home/daeho/practice_ws/build/msg_srv_action_interface_example' returned '0': CMAKE_PREFIX_PATH=/home/daeho/practice_ws/install/flody_test_suite:/opt/ros/humble /usr/bin/cmake --install /home/daeho/practice_ws/build/msg_srv_action_interface_example
