[0.080s] DEBUG:colcon:Command line arguments: ['/usr/bin/colcon', 'build']
[0.081s] DEBUG:colcon:Parsed command line arguments: Namespace(log_base=None, log_level=None, verb_name='build', build_base='build', install_base='install', merge_install=False, symlink_install=False, test_result_base=None, continue_on_error=False, executor='parallel', parallel_workers=16, event_handlers=None, ignore_user_meta=False, metas=['./colcon.meta'], base_paths=['.'], packages_ignore=None, packages_ignore_regex=None, paths=None, packages_up_to=None, packages_up_to_regex=None, packages_above=None, packages_above_and_dependencies=None, packages_above_depth=None, packages_select_by_dep=None, packages_skip_by_dep=None, packages_skip_up_to=None, packages_select_build_failed=False, packages_skip_build_finished=False, packages_select_test_failures=False, packages_skip_test_passed=False, packages_select=None, packages_skip=None, packages_select_regex=None, packages_skip_regex=None, packages_start=None, packages_end=None, allow_overriding=[], cmake_args=None, cmake_target=None, cmake_target_skip_unavailable=False, cmake_clean_cache=False, cmake_clean_first=False, cmake_force_configure=False, ament_cmake_args=None, catkin_cmake_args=None, catkin_skip_building_tests=False, verb_parser=<colcon_defaults.argument_parser.defaults.DefaultArgumentsDecorator object at 0x7f51dd18bdc0>, verb_extension=<colcon_core.verb.build.BuildVerb object at 0x7f51dd18b850>, main=<bound method BuildVerb.main of <colcon_core.verb.build.BuildVerb object at 0x7f51dd18b850>>)
[0.093s] Level 1:colcon.colcon_core.package_discovery:discover_packages(colcon_meta) check parameters
[0.093s] Level 1:colcon.colcon_core.package_discovery:discover_packages(recursive) check parameters
[0.093s] Level 1:colcon.colcon_core.package_discovery:discover_packages(ignore) check parameters
[0.093s] Level 1:colcon.colcon_core.package_discovery:discover_packages(path) check parameters
[0.093s] Level 1:colcon.colcon_core.package_discovery:discover_packages(colcon_meta) discover
[0.093s] Level 1:colcon.colcon_core.package_discovery:discover_packages(recursive) discover
[0.093s] INFO:colcon.colcon_core.package_discovery:Crawling recursively for packages in '/home/daeho/practice_ws'
[0.093s] Level 1:colcon.colcon_core.package_identification:_identify(.) by extensions ['ignore', 'ignore_ament_install']
[0.097s] Level 1:colcon.colcon_core.package_identification:_identify(.) by extension 'ignore'
[0.097s] Level 1:colcon.colcon_core.package_identification:_identify(.) by extension 'ignore_ament_install'
[0.097s] Level 1:colcon.colcon_core.package_identification:_identify(.) by extensions ['colcon_pkg']
[0.097s] Level 1:colcon.colcon_core.package_identification:_identify(.) by extension 'colcon_pkg'
[0.097s] Level 1:colcon.colcon_core.package_identification:_identify(.) by extensions ['colcon_meta']
[0.097s] Level 1:colcon.colcon_core.package_identification:_identify(.) by extension 'colcon_meta'
[0.097s] Level 1:colcon.colcon_core.package_identification:_identify(.) by extensions ['ros']
[0.097s] Level 1:colcon.colcon_core.package_identification:_identify(.) by extension 'ros'
[0.103s] Level 1:colcon.colcon_core.package_identification:_identify(.) by extensions ['cmake', 'python']
[0.103s] Level 1:colcon.colcon_core.package_identification:_identify(.) by extension 'cmake'
[0.103s] Level 1:colcon.colcon_core.package_identification:_identify(.) by extension 'python'
[0.103s] Level 1:colcon.colcon_core.package_identification:_identify(.) by extensions ['python_setup_py']
[0.103s] Level 1:colcon.colcon_core.package_identification:_identify(.) by extension 'python_setup_py'
[0.103s] Level 1:colcon.colcon_core.package_identification:_identify(build) by extensions ['ignore', 'ignore_ament_install']
[0.103s] Level 1:colcon.colcon_core.package_identification:_identify(build) by extension 'ignore'
[0.103s] Level 1:colcon.colcon_core.package_identification:_identify(build) ignored
[0.103s] Level 1:colcon.colcon_core.package_identification:_identify(install) by extensions ['ignore', 'ignore_ament_install']
[0.103s] Level 1:colcon.colcon_core.package_identification:_identify(install) by extension 'ignore'
[0.104s] Level 1:colcon.colcon_core.package_identification:_identify(install) ignored
[0.104s] Level 1:colcon.colcon_core.package_identification:_identify(log) by extensions ['ignore', 'ignore_ament_install']
[0.104s] Level 1:colcon.colcon_core.package_identification:_identify(log) by extension 'ignore'
[0.104s] Level 1:colcon.colcon_core.package_identification:_identify(log) ignored
[0.104s] Level 1:colcon.colcon_core.package_identification:_identify(src) by extensions ['ignore', 'ignore_ament_install']
[0.104s] Level 1:colcon.colcon_core.package_identification:_identify(src) by extension 'ignore'
[0.104s] Level 1:colcon.colcon_core.package_identification:_identify(src) by extension 'ignore_ament_install'
[0.104s] Level 1:colcon.colcon_core.package_identification:_identify(src) by extensions ['colcon_pkg']
[0.104s] Level 1:colcon.colcon_core.package_identification:_identify(src) by extension 'colcon_pkg'
[0.104s] Level 1:colcon.colcon_core.package_identification:_identify(src) by extensions ['colcon_meta']
[0.104s] Level 1:colcon.colcon_core.package_identification:_identify(src) by extension 'colcon_meta'
[0.104s] Level 1:colcon.colcon_core.package_identification:_identify(src) by extensions ['ros']
[0.104s] Level 1:colcon.colcon_core.package_identification:_identify(src) by extension 'ros'
[0.104s] Level 1:colcon.colcon_core.package_identification:_identify(src) by extensions ['cmake', 'python']
[0.104s] Level 1:colcon.colcon_core.package_identification:_identify(src) by extension 'cmake'
[0.104s] Level 1:colcon.colcon_core.package_identification:_identify(src) by extension 'python'
[0.104s] Level 1:colcon.colcon_core.package_identification:_identify(src) by extensions ['python_setup_py']
[0.104s] Level 1:colcon.colcon_core.package_identification:_identify(src) by extension 'python_setup_py'
[0.104s] Level 1:colcon.colcon_core.package_identification:_identify(src/flody_test_suite) by extensions ['ignore', 'ignore_ament_install']
[0.104s] Level 1:colcon.colcon_core.package_identification:_identify(src/flody_test_suite) by extension 'ignore'
[0.104s] Level 1:colcon.colcon_core.package_identification:_identify(src/flody_test_suite) by extension 'ignore_ament_install'
[0.104s] Level 1:colcon.colcon_core.package_identification:_identify(src/flody_test_suite) by extensions ['colcon_pkg']
[0.104s] Level 1:colcon.colcon_core.package_identification:_identify(src/flody_test_suite) by extension 'colcon_pkg'
[0.104s] Level 1:colcon.colcon_core.package_identification:_identify(src/flody_test_suite) by extensions ['colcon_meta']
[0.104s] Level 1:colcon.colcon_core.package_identification:_identify(src/flody_test_suite) by extension 'colcon_meta'
[0.104s] Level 1:colcon.colcon_core.package_identification:_identify(src/flody_test_suite) by extensions ['ros']
[0.104s] Level 1:colcon.colcon_core.package_identification:_identify(src/flody_test_suite) by extension 'ros'
[0.106s] DEBUG:colcon.colcon_core.package_identification:Package 'src/flody_test_suite' with type 'ros.ament_python' and name 'flody_test_suite'
[0.106s] Level 1:colcon.colcon_core.package_identification:_identify(src/msg_srv_action_interface_example) by extensions ['ignore', 'ignore_ament_install']
[0.106s] Level 1:colcon.colcon_core.package_identification:_identify(src/msg_srv_action_interface_example) by extension 'ignore'
[0.106s] Level 1:colcon.colcon_core.package_identification:_identify(src/msg_srv_action_interface_example) by extension 'ignore_ament_install'
[0.106s] Level 1:colcon.colcon_core.package_identification:_identify(src/msg_srv_action_interface_example) by extensions ['colcon_pkg']
[0.106s] Level 1:colcon.colcon_core.package_identification:_identify(src/msg_srv_action_interface_example) by extension 'colcon_pkg'
[0.106s] Level 1:colcon.colcon_core.package_identification:_identify(src/msg_srv_action_interface_example) by extensions ['colcon_meta']
[0.106s] Level 1:colcon.colcon_core.package_identification:_identify(src/msg_srv_action_interface_example) by extension 'colcon_meta'
[0.106s] Level 1:colcon.colcon_core.package_identification:_identify(src/msg_srv_action_interface_example) by extensions ['ros']
[0.106s] Level 1:colcon.colcon_core.package_identification:_identify(src/msg_srv_action_interface_example) by extension 'ros'
[0.107s] DEBUG:colcon.colcon_core.package_identification:Package 'src/msg_srv_action_interface_example' with type 'ros.ament_cmake' and name 'msg_srv_action_interface_example'
[0.107s] Level 1:colcon.colcon_core.package_discovery:discover_packages(recursive) using defaults
[0.107s] Level 1:colcon.colcon_core.package_discovery:discover_packages(ignore) discover
[0.107s] Level 1:colcon.colcon_core.package_discovery:discover_packages(ignore) using defaults
[0.107s] Level 1:colcon.colcon_core.package_discovery:discover_packages(path) discover
[0.107s] Level 1:colcon.colcon_core.package_discovery:discover_packages(path) using defaults
[0.120s] Level 1:colcon.colcon_core.package_discovery:discover_packages(prefix_path) check parameters
[0.120s] Level 1:colcon.colcon_core.package_discovery:discover_packages(prefix_path) discover
[0.122s] DEBUG:colcon.colcon_installed_package_information.package_discovery:Found 270 installed packages in /opt/ros/humble
[0.123s] Level 1:colcon.colcon_core.package_discovery:discover_packages(prefix_path) using defaults
[0.154s] Level 5:colcon.colcon_core.verb:set package 'msg_srv_action_interface_example' build argument 'cmake_args' from command line to 'None'
[0.154s] Level 5:colcon.colcon_core.verb:set package 'msg_srv_action_interface_example' build argument 'cmake_target' from command line to 'None'
[0.154s] Level 5:colcon.colcon_core.verb:set package 'msg_srv_action_interface_example' build argument 'cmake_target_skip_unavailable' from command line to 'False'
[0.154s] Level 5:colcon.colcon_core.verb:set package 'msg_srv_action_interface_example' build argument 'cmake_clean_cache' from command line to 'False'
[0.154s] Level 5:colcon.colcon_core.verb:set package 'msg_srv_action_interface_example' build argument 'cmake_clean_first' from command line to 'False'
[0.154s] Level 5:colcon.colcon_core.verb:set package 'msg_srv_action_interface_example' build argument 'cmake_force_configure' from command line to 'False'
[0.154s] Level 5:colcon.colcon_core.verb:set package 'msg_srv_action_interface_example' build argument 'ament_cmake_args' from command line to 'None'
[0.155s] Level 5:colcon.colcon_core.verb:set package 'msg_srv_action_interface_example' build argument 'catkin_cmake_args' from command line to 'None'
[0.155s] Level 5:colcon.colcon_core.verb:set package 'msg_srv_action_interface_example' build argument 'catkin_skip_building_tests' from command line to 'False'
[0.155s] DEBUG:colcon.colcon_core.verb:Building package 'msg_srv_action_interface_example' with the following arguments: {'ament_cmake_args': None, 'build_base': '/home/daeho/practice_ws/build/msg_srv_action_interface_example', 'catkin_cmake_args': None, 'catkin_skip_building_tests': False, 'cmake_args': None, 'cmake_clean_cache': False, 'cmake_clean_first': False, 'cmake_force_configure': False, 'cmake_target': None, 'cmake_target_skip_unavailable': False, 'install_base': '/home/daeho/practice_ws/install/msg_srv_action_interface_example', 'merge_install': False, 'path': '/home/daeho/practice_ws/src/msg_srv_action_interface_example', 'symlink_install': False, 'test_result_base': None}
[0.155s] Level 5:colcon.colcon_core.verb:set package 'flody_test_suite' build argument 'cmake_args' from command line to 'None'
[0.155s] Level 5:colcon.colcon_core.verb:set package 'flody_test_suite' build argument 'cmake_target' from command line to 'None'
[0.155s] Level 5:colcon.colcon_core.verb:set package 'flody_test_suite' build argument 'cmake_target_skip_unavailable' from command line to 'False'
[0.155s] Level 5:colcon.colcon_core.verb:set package 'flody_test_suite' build argument 'cmake_clean_cache' from command line to 'False'
[0.155s] Level 5:colcon.colcon_core.verb:set package 'flody_test_suite' build argument 'cmake_clean_first' from command line to 'False'
[0.155s] Level 5:colcon.colcon_core.verb:set package 'flody_test_suite' build argument 'cmake_force_configure' from command line to 'False'
[0.155s] Level 5:colcon.colcon_core.verb:set package 'flody_test_suite' build argument 'ament_cmake_args' from command line to 'None'
[0.155s] Level 5:colcon.colcon_core.verb:set package 'flody_test_suite' build argument 'catkin_cmake_args' from command line to 'None'
[0.155s] Level 5:colcon.colcon_core.verb:set package 'flody_test_suite' build argument 'catkin_skip_building_tests' from command line to 'False'
[0.155s] DEBUG:colcon.colcon_core.verb:Building package 'flody_test_suite' with the following arguments: {'ament_cmake_args': None, 'build_base': '/home/daeho/practice_ws/build/flody_test_suite', 'catkin_cmake_args': None, 'catkin_skip_building_tests': False, 'cmake_args': None, 'cmake_clean_cache': False, 'cmake_clean_first': False, 'cmake_force_configure': False, 'cmake_target': None, 'cmake_target_skip_unavailable': False, 'install_base': '/home/daeho/practice_ws/install/flody_test_suite', 'merge_install': False, 'path': '/home/daeho/practice_ws/src/flody_test_suite', 'symlink_install': False, 'test_result_base': None}
[0.156s] INFO:colcon.colcon_core.executor:Executing jobs using 'parallel' executor
[0.158s] DEBUG:colcon.colcon_parallel_executor.executor.parallel:run_until_complete
[0.158s] INFO:colcon.colcon_ros.task.ament_cmake.build:Building ROS package in '/home/daeho/practice_ws/src/msg_srv_action_interface_example' with build type 'ament_cmake'
[0.158s] INFO:colcon.colcon_cmake.task.cmake.build:Building CMake package in '/home/daeho/practice_ws/src/msg_srv_action_interface_example'
[0.160s] INFO:colcon.colcon_core.plugin_system:Skipping extension 'colcon_core.shell.bat': Not used on non-Windows systems
[0.160s] INFO:colcon.colcon_core.shell:Skip shell extension 'powershell' for command environment: Not usable outside of PowerShell
[0.161s] DEBUG:colcon.colcon_core.shell:Skip shell extension 'dsv' for command environment
[0.165s] DEBUG:colcon.colcon_core.event_handler.log_command:Invoking command in '/home/daeho/practice_ws/build/msg_srv_action_interface_example': CMAKE_PREFIX_PATH=/opt/ros/humble /usr/bin/cmake --build /home/daeho/practice_ws/build/msg_srv_action_interface_example -- -j16 -l16
[0.361s] DEBUG:colcon.colcon_core.event_handler.log_command:Invoked command in '/home/daeho/practice_ws/build/msg_srv_action_interface_example' returned '0': CMAKE_PREFIX_PATH=/opt/ros/humble /usr/bin/cmake --build /home/daeho/practice_ws/build/msg_srv_action_interface_example -- -j16 -l16
[0.387s] DEBUG:colcon.colcon_core.event_handler.log_command:Invoking command in '/home/daeho/practice_ws/build/msg_srv_action_interface_example': CMAKE_PREFIX_PATH=/opt/ros/humble /usr/bin/cmake --install /home/daeho/practice_ws/build/msg_srv_action_interface_example
[0.424s] Level 1:colcon.colcon_core.environment:create_environment_scripts_only(msg_srv_action_interface_example)
[0.424s] DEBUG:colcon.colcon_core.event_handler.log_command:Invoked command in '/home/daeho/practice_ws/build/msg_srv_action_interface_example' returned '0': CMAKE_PREFIX_PATH=/opt/ros/humble /usr/bin/cmake --install /home/daeho/practice_ws/build/msg_srv_action_interface_example
[0.427s] Level 1:colcon.colcon_core.environment:checking '/home/daeho/practice_ws/install/msg_srv_action_interface_example' for CMake module files
[0.427s] Level 1:colcon.colcon_core.environment:checking '/home/daeho/practice_ws/install/msg_srv_action_interface_example' for CMake config files
[0.428s] Level 1:colcon.colcon_core.shell:create_environment_hook('msg_srv_action_interface_example', 'cmake_prefix_path')
[0.428s] INFO:colcon.colcon_core.shell:Creating environment hook '/home/daeho/practice_ws/install/msg_srv_action_interface_example/share/msg_srv_action_interface_example/hook/cmake_prefix_path.ps1'
[0.429s] INFO:colcon.colcon_core.shell:Creating environment descriptor '/home/daeho/practice_ws/install/msg_srv_action_interface_example/share/msg_srv_action_interface_example/hook/cmake_prefix_path.dsv'
[0.429s] INFO:colcon.colcon_core.shell:Creating environment hook '/home/daeho/practice_ws/install/msg_srv_action_interface_example/share/msg_srv_action_interface_example/hook/cmake_prefix_path.sh'
[0.429s] Level 1:colcon.colcon_core.environment:checking '/home/daeho/practice_ws/install/msg_srv_action_interface_example/lib'
[0.430s] Level 1:colcon.colcon_core.shell:create_environment_hook('msg_srv_action_interface_example', 'ld_library_path_lib')
[0.430s] INFO:colcon.colcon_core.shell:Creating environment hook '/home/daeho/practice_ws/install/msg_srv_action_interface_example/share/msg_srv_action_interface_example/hook/ld_library_path_lib.ps1'
[0.430s] INFO:colcon.colcon_core.shell:Creating environment descriptor '/home/daeho/practice_ws/install/msg_srv_action_interface_example/share/msg_srv_action_interface_example/hook/ld_library_path_lib.dsv'
[0.431s] INFO:colcon.colcon_core.shell:Creating environment hook '/home/daeho/practice_ws/install/msg_srv_action_interface_example/share/msg_srv_action_interface_example/hook/ld_library_path_lib.sh'
[0.431s] Level 1:colcon.colcon_core.environment:checking '/home/daeho/practice_ws/install/msg_srv_action_interface_example/bin'
[0.431s] Level 1:colcon.colcon_core.environment:checking '/home/daeho/practice_ws/install/msg_srv_action_interface_example/lib/pkgconfig/msg_srv_action_interface_example.pc'
[0.431s] Level 1:colcon.colcon_core.environment:checking '/home/daeho/practice_ws/install/msg_srv_action_interface_example/lib/python3.10/site-packages'
[0.431s] Level 1:colcon.colcon_core.environment:checking '/home/daeho/practice_ws/install/msg_srv_action_interface_example/bin'
[0.432s] INFO:colcon.colcon_core.shell:Creating package script '/home/daeho/practice_ws/install/msg_srv_action_interface_example/share/msg_srv_action_interface_example/package.ps1'
[0.432s] INFO:colcon.colcon_core.shell:Creating package descriptor '/home/daeho/practice_ws/install/msg_srv_action_interface_example/share/msg_srv_action_interface_example/package.dsv'
[0.433s] INFO:colcon.colcon_core.shell:Creating package script '/home/daeho/practice_ws/install/msg_srv_action_interface_example/share/msg_srv_action_interface_example/package.sh'
[0.433s] INFO:colcon.colcon_core.shell:Creating package script '/home/daeho/practice_ws/install/msg_srv_action_interface_example/share/msg_srv_action_interface_example/package.bash'
[0.433s] INFO:colcon.colcon_core.shell:Creating package script '/home/daeho/practice_ws/install/msg_srv_action_interface_example/share/msg_srv_action_interface_example/package.zsh'
[0.434s] Level 1:colcon.colcon_core.environment:create_file_with_runtime_dependencies(/home/daeho/practice_ws/install/msg_srv_action_interface_example/share/colcon-core/packages/msg_srv_action_interface_example)
[0.457s] Level 1:colcon.colcon_core.environment:create_environment_scripts_only(msg_srv_action_interface_example)
[0.458s] Level 1:colcon.colcon_core.environment:checking '/home/daeho/practice_ws/install/msg_srv_action_interface_example' for CMake module files
[0.459s] Level 1:colcon.colcon_core.environment:checking '/home/daeho/practice_ws/install/msg_srv_action_interface_example' for CMake config files
[0.459s] Level 1:colcon.colcon_core.shell:create_environment_hook('msg_srv_action_interface_example', 'cmake_prefix_path')
[0.460s] INFO:colcon.colcon_core.shell:Creating environment hook '/home/daeho/practice_ws/install/msg_srv_action_interface_example/share/msg_srv_action_interface_example/hook/cmake_prefix_path.ps1'
[0.460s] INFO:colcon.colcon_core.shell:Creating environment descriptor '/home/daeho/practice_ws/install/msg_srv_action_interface_example/share/msg_srv_action_interface_example/hook/cmake_prefix_path.dsv'
[0.460s] INFO:colcon.colcon_core.shell:Creating environment hook '/home/daeho/practice_ws/install/msg_srv_action_interface_example/share/msg_srv_action_interface_example/hook/cmake_prefix_path.sh'
[0.461s] Level 1:colcon.colcon_core.environment:checking '/home/daeho/practice_ws/install/msg_srv_action_interface_example/lib'
[0.461s] Level 1:colcon.colcon_core.shell:create_environment_hook('msg_srv_action_interface_example', 'ld_library_path_lib')
[0.461s] INFO:colcon.colcon_core.shell:Creating environment hook '/home/daeho/practice_ws/install/msg_srv_action_interface_example/share/msg_srv_action_interface_example/hook/ld_library_path_lib.ps1'
[0.461s] INFO:colcon.colcon_core.shell:Creating environment descriptor '/home/daeho/practice_ws/install/msg_srv_action_interface_example/share/msg_srv_action_interface_example/hook/ld_library_path_lib.dsv'
[0.462s] INFO:colcon.colcon_core.shell:Creating environment hook '/home/daeho/practice_ws/install/msg_srv_action_interface_example/share/msg_srv_action_interface_example/hook/ld_library_path_lib.sh'
[0.462s] Level 1:colcon.colcon_core.environment:checking '/home/daeho/practice_ws/install/msg_srv_action_interface_example/bin'
[0.462s] Level 1:colcon.colcon_core.environment:checking '/home/daeho/practice_ws/install/msg_srv_action_interface_example/lib/pkgconfig/msg_srv_action_interface_example.pc'
[0.463s] Level 1:colcon.colcon_core.environment:checking '/home/daeho/practice_ws/install/msg_srv_action_interface_example/lib/python3.10/site-packages'
[0.463s] Level 1:colcon.colcon_core.environment:checking '/home/daeho/practice_ws/install/msg_srv_action_interface_example/bin'
[0.463s] INFO:colcon.colcon_core.shell:Creating package script '/home/daeho/practice_ws/install/msg_srv_action_interface_example/share/msg_srv_action_interface_example/package.ps1'
[0.464s] INFO:colcon.colcon_core.shell:Creating package descriptor '/home/daeho/practice_ws/install/msg_srv_action_interface_example/share/msg_srv_action_interface_example/package.dsv'
[0.464s] INFO:colcon.colcon_core.shell:Creating package script '/home/daeho/practice_ws/install/msg_srv_action_interface_example/share/msg_srv_action_interface_example/package.sh'
[0.464s] INFO:colcon.colcon_core.shell:Creating package script '/home/daeho/practice_ws/install/msg_srv_action_interface_example/share/msg_srv_action_interface_example/package.bash'
[0.464s] INFO:colcon.colcon_core.shell:Creating package script '/home/daeho/practice_ws/install/msg_srv_action_interface_example/share/msg_srv_action_interface_example/package.zsh'
[0.465s] Level 1:colcon.colcon_core.environment:create_file_with_runtime_dependencies(/home/daeho/practice_ws/install/msg_srv_action_interface_example/share/colcon-core/packages/msg_srv_action_interface_example)
[0.465s] INFO:colcon.colcon_ros.task.ament_python.build:Building ROS package in '/home/daeho/practice_ws/src/flody_test_suite' with build type 'ament_python'
[0.465s] Level 1:colcon.colcon_core.shell:create_environment_hook('flody_test_suite', 'ament_prefix_path')
[0.466s] INFO:colcon.colcon_core.shell:Creating environment hook '/home/daeho/practice_ws/install/flody_test_suite/share/flody_test_suite/hook/ament_prefix_path.ps1'
[0.466s] INFO:colcon.colcon_core.shell:Creating environment descriptor '/home/daeho/practice_ws/install/flody_test_suite/share/flody_test_suite/hook/ament_prefix_path.dsv'
[0.466s] INFO:colcon.colcon_core.shell:Creating environment hook '/home/daeho/practice_ws/install/flody_test_suite/share/flody_test_suite/hook/ament_prefix_path.sh'
[0.467s] INFO:colcon.colcon_core.shell:Skip shell extension 'powershell' for command environment: Not usable outside of PowerShell
[0.467s] DEBUG:colcon.colcon_core.shell:Skip shell extension 'dsv' for command environment
[0.617s] INFO:colcon.colcon_core.task.python.build:Building Python package in '/home/daeho/practice_ws/src/flody_test_suite'
[0.618s] INFO:colcon.colcon_core.shell:Skip shell extension 'powershell' for command environment: Not usable outside of PowerShell
[0.618s] DEBUG:colcon.colcon_core.shell:Skip shell extension 'dsv' for command environment
[0.810s] DEBUG:colcon.colcon_core.event_handler.log_command:Invoking command in '/home/daeho/practice_ws/src/flody_test_suite': AMENT_PREFIX_PATH=/home/daeho/practice_ws/install/msg_srv_action_interface_example:${AMENT_PREFIX_PATH} CMAKE_PREFIX_PATH=/home/daeho/practice_ws/install/msg_srv_action_interface_example LD_LIBRARY_PATH=/home/daeho/practice_ws/install/msg_srv_action_interface_example/lib:${LD_LIBRARY_PATH} PYTHONPATH=/home/daeho/practice_ws/install/flody_test_suite/lib/python3.10/site-packages:/home/daeho/practice_ws/install/msg_srv_action_interface_example/local/lib/python3.10/dist-packages:${PYTHONPATH} /usr/bin/python3 setup.py egg_info --egg-base ../../build/flody_test_suite build --build-base /home/daeho/practice_ws/build/flody_test_suite/build install --prefix /home/daeho/practice_ws/install/flody_test_suite --record /home/daeho/practice_ws/build/flody_test_suite/install.log --single-version-externally-managed
[0.990s] Level 1:colcon.colcon_core.environment:checking '/home/daeho/practice_ws/install/flody_test_suite' for CMake module files
[0.991s] DEBUG:colcon.colcon_core.event_handler.log_command:Invoked command in '/home/daeho/practice_ws/src/flody_test_suite' returned '0': AMENT_PREFIX_PATH=/home/daeho/practice_ws/install/msg_srv_action_interface_example:${AMENT_PREFIX_PATH} CMAKE_PREFIX_PATH=/home/daeho/practice_ws/install/msg_srv_action_interface_example LD_LIBRARY_PATH=/home/daeho/practice_ws/install/msg_srv_action_interface_example/lib:${LD_LIBRARY_PATH} PYTHONPATH=/home/daeho/practice_ws/install/flody_test_suite/lib/python3.10/site-packages:/home/daeho/practice_ws/install/msg_srv_action_interface_example/local/lib/python3.10/dist-packages:${PYTHONPATH} /usr/bin/python3 setup.py egg_info --egg-base ../../build/flody_test_suite build --build-base /home/daeho/practice_ws/build/flody_test_suite/build install --prefix /home/daeho/practice_ws/install/flody_test_suite --record /home/daeho/practice_ws/build/flody_test_suite/install.log --single-version-externally-managed
[0.991s] Level 1:colcon.colcon_core.environment:checking '/home/daeho/practice_ws/install/flody_test_suite' for CMake config files
[0.991s] Level 1:colcon.colcon_core.environment:checking '/home/daeho/practice_ws/install/flody_test_suite/lib'
[0.991s] Level 1:colcon.colcon_core.environment:checking '/home/daeho/practice_ws/install/flody_test_suite/bin'
[0.991s] Level 1:colcon.colcon_core.environment:checking '/home/daeho/practice_ws/install/flody_test_suite/lib/pkgconfig/flody_test_suite.pc'
[0.992s] Level 1:colcon.colcon_core.environment:checking '/home/daeho/practice_ws/install/flody_test_suite/lib/python3.10/site-packages'
[0.992s] Level 1:colcon.colcon_core.shell:create_environment_hook('flody_test_suite', 'pythonpath')
[0.992s] INFO:colcon.colcon_core.shell:Creating environment hook '/home/daeho/practice_ws/install/flody_test_suite/share/flody_test_suite/hook/pythonpath.ps1'
[0.993s] INFO:colcon.colcon_core.shell:Creating environment descriptor '/home/daeho/practice_ws/install/flody_test_suite/share/flody_test_suite/hook/pythonpath.dsv'
[0.993s] INFO:colcon.colcon_core.shell:Creating environment hook '/home/daeho/practice_ws/install/flody_test_suite/share/flody_test_suite/hook/pythonpath.sh'
[0.993s] Level 1:colcon.colcon_core.environment:checking '/home/daeho/practice_ws/install/flody_test_suite/bin'
[0.993s] Level 1:colcon.colcon_core.environment:create_environment_scripts_only(flody_test_suite)
[0.994s] INFO:colcon.colcon_core.shell:Creating package script '/home/daeho/practice_ws/install/flody_test_suite/share/flody_test_suite/package.ps1'
[0.994s] INFO:colcon.colcon_core.shell:Creating package descriptor '/home/daeho/practice_ws/install/flody_test_suite/share/flody_test_suite/package.dsv'
[0.995s] INFO:colcon.colcon_core.shell:Creating package script '/home/daeho/practice_ws/install/flody_test_suite/share/flody_test_suite/package.sh'
[0.995s] INFO:colcon.colcon_core.shell:Creating package script '/home/daeho/practice_ws/install/flody_test_suite/share/flody_test_suite/package.bash'
[0.995s] INFO:colcon.colcon_core.shell:Creating package script '/home/daeho/practice_ws/install/flody_test_suite/share/flody_test_suite/package.zsh'
[0.995s] Level 1:colcon.colcon_core.environment:create_file_with_runtime_dependencies(/home/daeho/practice_ws/install/flody_test_suite/share/colcon-core/packages/flody_test_suite)
[0.995s] DEBUG:colcon.colcon_parallel_executor.executor.parallel:closing loop
[0.995s] DEBUG:colcon.colcon_parallel_executor.executor.parallel:loop closed
[0.995s] DEBUG:colcon.colcon_parallel_executor.executor.parallel:run_until_complete finished with '0'
[0.996s] DEBUG:colcon.colcon_core.event_reactor:joining thread
[0.999s] INFO:colcon.colcon_core.plugin_system:Skipping extension 'colcon_notification.desktop_notification.terminal_notifier': Not used on non-Darwin systems
[0.999s] INFO:colcon.colcon_core.plugin_system:Skipping extension 'colcon_notification.desktop_notification.win32': Not used on non-Windows systems
[0.999s] INFO:colcon.colcon_notification.desktop_notification:Sending desktop notification using 'notify2'
[1.020s] DEBUG:colcon.colcon_core.event_reactor:joined thread
[1.021s] INFO:colcon.colcon_core.shell:Creating prefix script '/home/daeho/practice_ws/install/local_setup.ps1'
[1.021s] INFO:colcon.colcon_core.shell:Creating prefix util module '/home/daeho/practice_ws/install/_local_setup_util_ps1.py'
[1.022s] INFO:colcon.colcon_core.shell:Creating prefix chain script '/home/daeho/practice_ws/install/setup.ps1'
[1.023s] INFO:colcon.colcon_core.shell:Creating prefix script '/home/daeho/practice_ws/install/local_setup.sh'
[1.023s] INFO:colcon.colcon_core.shell:Creating prefix util module '/home/daeho/practice_ws/install/_local_setup_util_sh.py'
[1.023s] INFO:colcon.colcon_core.shell:Creating prefix chain script '/home/daeho/practice_ws/install/setup.sh'
[1.024s] INFO:colcon.colcon_core.shell:Creating prefix script '/home/daeho/practice_ws/install/local_setup.bash'
[1.024s] INFO:colcon.colcon_core.shell:Creating prefix chain script '/home/daeho/practice_ws/install/setup.bash'
[1.025s] INFO:colcon.colcon_core.shell:Creating prefix script '/home/daeho/practice_ws/install/local_setup.zsh'
[1.025s] INFO:colcon.colcon_core.shell:Creating prefix chain script '/home/daeho/practice_ws/install/setup.zsh'
