[0.006s] Invoking command in '/home/daeho/practice_ws/build/msg_srv_action_interface_example': CMAKE_PREFIX_PATH=/opt/ros/humble /usr/bin/cmake --build /home/daeho/practice_ws/build/msg_srv_action_interface_example -- -j16 -l16
[0.020s] -- Found ament_cmake: 1.3.2 (/opt/ros/humble/share/ament_cmake/cmake)
[0.097s] -- Override CMake install command with custom implementation using symlinks instead of copying resources
[0.101s] -- Found builtin_interfaces: 1.2.0 (/opt/ros/humble/share/builtin_interfaces/cmake)
[0.114s] -- Found rosidl_generator_c: 3.1.3 (/opt/ros/humble/share/rosidl_generator_c/cmake)
[0.115s] -- Found rosidl_adapter: 3.1.3 (/opt/ros/humble/share/rosidl_adapter/cmake)
[0.119s] -- Found rosidl_generator_cpp: 3.1.3 (/opt/ros/humble/share/rosidl_generator_cpp/cmake)
[0.125s] -- Using all available rosidl_typesupport_c: rosidl_typesupport_fastrtps_c;rosidl_typesupport_introspection_c
[0.134s] -- Using all available rosidl_typesupport_cpp: rosidl_typesupport_fastrtps_cpp;rosidl_typesupport_introspection_cpp
[0.142s] -- Found rosidl_default_generators: 1.2.0 (/opt/ros/humble/share/rosidl_default_generators/cmake)
[0.322s] -- Found ament_cmake_ros: 0.10.0 (/opt/ros/humble/share/ament_cmake_ros/cmake)
[0.511s] -- Using all available rosidl_typesupport_c: rosidl_typesupport_fastrtps_c;rosidl_typesupport_introspection_c
[0.582s] -- Using all available rosidl_typesupport_cpp: rosidl_typesupport_fastrtps_cpp;rosidl_typesupport_introspection_cpp
[0.595s] -- Found python_cmake_module: 0.10.0 (/opt/ros/humble/share/python_cmake_module/cmake)
[0.608s] -- Using PYTHON_EXECUTABLE: /usr/bin/python3
[0.608s] -- Using PYTHON_INCLUDE_DIRS: /usr/include/python3.10
[0.608s] -- Using PYTHON_LIBRARIES: /usr/lib/x86_64-linux-gnu/libpython3.10.so
[0.620s] -- Found ament_lint_auto: 0.12.4 (/opt/ros/humble/share/ament_lint_auto/cmake)
[0.625s] -- Added test 'lint_cmake' to check CMake code style
[0.626s] -- Added test 'xmllint' to check XML markup files
[0.627s] -- Configuring done
[0.646s] -- Generating done
[0.648s] -- Build files have been written to: /home/daeho/practice_ws/build/msg_srv_action_interface_example
[0.661s] [  3%] [34m[1mGenerating C code for ROS interfaces[0m
[0.666s] [  6%] [34m[1mGenerating C++ code for ROS interfaces[0m
[0.670s] [  6%] Built target ament_cmake_python_symlink_msg_srv_action_interface_example
[0.822s] running egg_info
[0.822s] writing msg_srv_action_interface_example.egg-info/PKG-INFO
[0.822s] writing dependency_links to msg_srv_action_interface_example.egg-info/dependency_links.txt
[0.822s] writing top-level names to msg_srv_action_interface_example.egg-info/top_level.txt
[0.823s] reading manifest file 'msg_srv_action_interface_example.egg-info/SOURCES.txt'
[0.824s] writing manifest file 'msg_srv_action_interface_example.egg-info/SOURCES.txt'
[0.838s] [  6%] Built target ament_cmake_python_build_msg_srv_action_interface_example_egg
[0.921s] [  6%] Built target msg_srv_action_interface_example__cpp
[0.922s] [35m[1mConsolidate compiler generated dependencies of target msg_srv_action_interface_example__rosidl_generator_c[0m
[0.926s] [  9%] [34m[1mGenerating C++ type support dispatch for ROS interfaces[0m
[0.926s] [ 12%] [34m[1mGenerating C++ type support for eProsima Fast-RTPS[0m
[0.926s] [ 16%] [34m[1mGenerating C++ introspection for ROS interfaces[0m
[0.927s] [ 19%] [32mBuilding C object CMakeFiles/msg_srv_action_interface_example__rosidl_generator_c.dir/rosidl_generator_c/msg_srv_action_interface_example/action/detail/turtle_start__functions.c.o[0m
[1.003s] [ 22%] [32m[1mLinking C shared library libmsg_srv_action_interface_example__rosidl_generator_c.so[0m
[1.023s] [ 22%] Built target msg_srv_action_interface_example__rosidl_generator_c
[1.028s] [ 25%] [34m[1mGenerating C type support for eProsima Fast-RTPS[0m
[1.028s] [ 29%] [34m[1mGenerating C introspection for ROS interfaces[0m
[1.028s] [ 32%] [34m[1mGenerating C type support dispatch for ROS interfaces[0m
[1.092s] [35m[1mConsolidate compiler generated dependencies of target msg_srv_action_interface_example__rosidl_typesupport_cpp[0m
[1.099s] [ 35%] [32mBuilding CXX object CMakeFiles/msg_srv_action_interface_example__rosidl_typesupport_cpp.dir/rosidl_typesupport_cpp/msg_srv_action_interface_example/action/turtle_start__type_support.cpp.o[0m
[1.122s] [35m[1mConsolidate compiler generated dependencies of target msg_srv_action_interface_example__rosidl_typesupport_introspection_cpp[0m
[1.129s] [ 38%] [32mBuilding CXX object CMakeFiles/msg_srv_action_interface_example__rosidl_typesupport_introspection_cpp.dir/rosidl_typesupport_introspection_cpp/msg_srv_action_interface_example/action/detail/turtle_start__type_support.cpp.o[0m
[1.156s] [35m[1mConsolidate compiler generated dependencies of target msg_srv_action_interface_example__rosidl_typesupport_fastrtps_cpp[0m
[1.164s] [ 41%] [32mBuilding CXX object CMakeFiles/msg_srv_action_interface_example__rosidl_typesupport_fastrtps_cpp.dir/rosidl_typesupport_fastrtps_cpp/msg_srv_action_interface_example/action/detail/dds_fastrtps/turtle_start__type_support.cpp.o[0m
[1.194s] [35m[1mConsolidate compiler generated dependencies of target msg_srv_action_interface_example__rosidl_typesupport_c[0m
[1.200s] [ 45%] [32mBuilding CXX object CMakeFiles/msg_srv_action_interface_example__rosidl_typesupport_c.dir/rosidl_typesupport_c/msg_srv_action_interface_example/action/turtle_start__type_support.cpp.o[0m
[1.228s] [ 48%] [32m[1mLinking CXX shared library libmsg_srv_action_interface_example__rosidl_typesupport_c.so[0m
[1.246s] [35m[1mConsolidate compiler generated dependencies of target msg_srv_action_interface_example__rosidl_typesupport_introspection_c[0m
[1.252s] [ 51%] [32mBuilding C object CMakeFiles/msg_srv_action_interface_example__rosidl_typesupport_introspection_c.dir/rosidl_typesupport_introspection_c/msg_srv_action_interface_example/action/detail/turtle_start__type_support.c.o[0m
[1.253s] [ 51%] Built target msg_srv_action_interface_example__rosidl_typesupport_c
[1.281s] [ 54%] [32m[1mLinking C shared library libmsg_srv_action_interface_example__rosidl_typesupport_introspection_c.so[0m
[1.282s] [35m[1mConsolidate compiler generated dependencies of target msg_srv_action_interface_example__rosidl_typesupport_fastrtps_c[0m
[1.290s] [ 58%] [32mBuilding CXX object CMakeFiles/msg_srv_action_interface_example__rosidl_typesupport_fastrtps_c.dir/rosidl_typesupport_fastrtps_c/msg_srv_action_interface_example/action/detail/turtle_start__type_support_c.cpp.o[0m
[1.299s] [ 58%] Built target msg_srv_action_interface_example__rosidl_typesupport_introspection_c
[1.370s] [ 61%] [32m[1mLinking CXX shared library libmsg_srv_action_interface_example__rosidl_typesupport_cpp.so[0m
[1.394s] [ 61%] Built target msg_srv_action_interface_example__rosidl_typesupport_cpp
[1.476s] [ 64%] [32m[1mLinking CXX shared library libmsg_srv_action_interface_example__rosidl_typesupport_introspection_cpp.so[0m
[1.492s] [ 67%] [32m[1mLinking CXX shared library libmsg_srv_action_interface_example__rosidl_typesupport_fastrtps_cpp.so[0m
[1.511s] [ 70%] [32m[1mLinking CXX shared library libmsg_srv_action_interface_example__rosidl_typesupport_fastrtps_c.so[0m
[1.517s] [ 70%] Built target msg_srv_action_interface_example__rosidl_typesupport_introspection_cpp
[1.535s] [ 70%] Built target msg_srv_action_interface_example__rosidl_typesupport_fastrtps_cpp
[1.551s] [ 70%] Built target msg_srv_action_interface_example__rosidl_typesupport_fastrtps_c
[1.561s] [ 70%] Built target msg_srv_action_interface_example
[1.573s] [ 74%] [34m[1mGenerating Python code for ROS interfaces[0m
[2.026s] [ 74%] Built target msg_srv_action_interface_example__py
[2.031s] [35m[1mConsolidate compiler generated dependencies of target msg_srv_action_interface_example__rosidl_generator_py[0m
[2.037s] [ 77%] [32mBuilding C object CMakeFiles/msg_srv_action_interface_example__rosidl_generator_py.dir/rosidl_generator_py/msg_srv_action_interface_example/action/_turtle_start_s.c.o[0m
[2.117s] [ 80%] [32m[1mLinking C shared library rosidl_generator_py/msg_srv_action_interface_example/libmsg_srv_action_interface_example__rosidl_generator_py.so[0m
[2.140s] [ 80%] Built target msg_srv_action_interface_example__rosidl_generator_py
[2.147s] [35m[1mConsolidate compiler generated dependencies of target msg_srv_action_interface_example__rosidl_typesupport_introspection_c__pyext[0m
[2.147s] [35m[1mConsolidate compiler generated dependencies of target msg_srv_action_interface_example__rosidl_typesupport_fastrtps_c__pyext[0m
[2.147s] [35m[1mConsolidate compiler generated dependencies of target msg_srv_action_interface_example__rosidl_typesupport_c__pyext[0m
[2.154s] [ 83%] [32mBuilding C object CMakeFiles/msg_srv_action_interface_example__rosidl_typesupport_fastrtps_c__pyext.dir/rosidl_generator_py/msg_srv_action_interface_example/_msg_srv_action_interface_example_s.ep.rosidl_typesupport_fastrtps_c.c.o[0m
[2.154s] [ 87%] [32mBuilding C object CMakeFiles/msg_srv_action_interface_example__rosidl_typesupport_c__pyext.dir/rosidl_generator_py/msg_srv_action_interface_example/_msg_srv_action_interface_example_s.ep.rosidl_typesupport_c.c.o[0m
[2.154s] [ 90%] [32mBuilding C object CMakeFiles/msg_srv_action_interface_example__rosidl_typesupport_introspection_c__pyext.dir/rosidl_generator_py/msg_srv_action_interface_example/_msg_srv_action_interface_example_s.ep.rosidl_typesupport_introspection_c.c.o[0m
[2.225s] [ 96%] [32m[1mLinking C shared library rosidl_generator_py/msg_srv_action_interface_example/msg_srv_action_interface_example_s__rosidl_typesupport_fastrtps_c.cpython-310-x86_64-linux-gnu.so[0m
[2.225s] [100%] [32m[1mLinking C shared library rosidl_generator_py/msg_srv_action_interface_example/msg_srv_action_interface_example_s__rosidl_typesupport_introspection_c.cpython-310-x86_64-linux-gnu.so[0m
[2.225s] [100%] [32m[1mLinking C shared library rosidl_generator_py/msg_srv_action_interface_example/msg_srv_action_interface_example_s__rosidl_typesupport_c.cpython-310-x86_64-linux-gnu.so[0m
[2.247s] [100%] Built target msg_srv_action_interface_example__rosidl_typesupport_introspection_c__pyext
[2.247s] [100%] Built target msg_srv_action_interface_example__rosidl_typesupport_c__pyext
[2.247s] [100%] Built target msg_srv_action_interface_example__rosidl_typesupport_fastrtps_c__pyext
[2.253s] Invoked command in '/home/daeho/practice_ws/build/msg_srv_action_interface_example' returned '0': CMAKE_PREFIX_PATH=/opt/ros/humble /usr/bin/cmake --build /home/daeho/practice_ws/build/msg_srv_action_interface_example -- -j16 -l16
[2.280s] Invoking command in '/home/daeho/practice_ws/build/msg_srv_action_interface_example': CMAKE_PREFIX_PATH=/opt/ros/humble /usr/bin/cmake --install /home/daeho/practice_ws/build/msg_srv_action_interface_example
[2.283s] -- Install configuration: ""
[2.284s] -- Execute custom install script
[2.284s] -- Up-to-date symlink: /home/daeho/practice_ws/install/msg_srv_action_interface_example/share/ament_index/resource_index/rosidl_interfaces/msg_srv_action_interface_example
[2.284s] -- Up-to-date symlink: /home/daeho/practice_ws/install/msg_srv_action_interface_example/include/msg_srv_action_interface_example/msg_srv_action_interface_example/action/detail/turtle_start__functions.h
[2.284s] -- Up-to-date symlink: /home/daeho/practice_ws/install/msg_srv_action_interface_example/include/msg_srv_action_interface_example/msg_srv_action_interface_example/action/detail/turtle_start__struct.h
[2.284s] -- Up-to-date symlink: /home/daeho/practice_ws/install/msg_srv_action_interface_example/include/msg_srv_action_interface_example/msg_srv_action_interface_example/action/detail/turtle_start__type_support.h
[2.284s] -- Up-to-date symlink: /home/daeho/practice_ws/install/msg_srv_action_interface_example/include/msg_srv_action_interface_example/msg_srv_action_interface_example/action/turtle_start.h
[2.284s] -- Up-to-date symlink: /home/daeho/practice_ws/install/msg_srv_action_interface_example/include/msg_srv_action_interface_example/msg_srv_action_interface_example/msg/rosidl_generator_c__visibility_control.h
[2.284s] -- Up-to-date symlink: /home/daeho/practice_ws/install/msg_srv_action_interface_example/share/msg_srv_action_interface_example/environment/library_path.sh
[2.284s] -- Up-to-date symlink: /home/daeho/practice_ws/install/msg_srv_action_interface_example/share/msg_srv_action_interface_example/environment/library_path.dsv
[2.285s] -- Up-to-date symlink: /home/daeho/practice_ws/install/msg_srv_action_interface_example/include/msg_srv_action_interface_example/msg_srv_action_interface_example/action/detail/turtle_start__rosidl_typesupport_fastrtps_c.h
[2.285s] -- Up-to-date symlink: /home/daeho/practice_ws/install/msg_srv_action_interface_example/include/msg_srv_action_interface_example/msg_srv_action_interface_example/msg/rosidl_typesupport_fastrtps_c__visibility_control.h
[2.285s] -- Up-to-date symlink: /home/daeho/practice_ws/install/msg_srv_action_interface_example/include/msg_srv_action_interface_example/msg_srv_action_interface_example/action/detail/turtle_start__builder.hpp
[2.285s] -- Up-to-date symlink: /home/daeho/practice_ws/install/msg_srv_action_interface_example/include/msg_srv_action_interface_example/msg_srv_action_interface_example/action/detail/turtle_start__struct.hpp
[2.285s] -- Up-to-date symlink: /home/daeho/practice_ws/install/msg_srv_action_interface_example/include/msg_srv_action_interface_example/msg_srv_action_interface_example/action/detail/turtle_start__traits.hpp
[2.285s] -- Up-to-date symlink: /home/daeho/practice_ws/install/msg_srv_action_interface_example/include/msg_srv_action_interface_example/msg_srv_action_interface_example/action/turtle_start.hpp
[2.285s] -- Up-to-date symlink: /home/daeho/practice_ws/install/msg_srv_action_interface_example/include/msg_srv_action_interface_example/msg_srv_action_interface_example/action/detail/turtle_start__rosidl_typesupport_fastrtps_cpp.hpp
[2.285s] -- Up-to-date symlink: /home/daeho/practice_ws/install/msg_srv_action_interface_example/include/msg_srv_action_interface_example/msg_srv_action_interface_example/msg/rosidl_typesupport_fastrtps_cpp__visibility_control.h
[2.285s] -- Up-to-date symlink: /home/daeho/practice_ws/install/msg_srv_action_interface_example/include/msg_srv_action_interface_example/msg_srv_action_interface_example/action/detail/turtle_start__rosidl_typesupport_introspection_c.h
[2.285s] -- Up-to-date symlink: /home/daeho/practice_ws/install/msg_srv_action_interface_example/include/msg_srv_action_interface_example/msg_srv_action_interface_example/msg/rosidl_typesupport_introspection_c__visibility_control.h
[2.285s] -- Up-to-date symlink: /home/daeho/practice_ws/install/msg_srv_action_interface_example/include/msg_srv_action_interface_example/msg_srv_action_interface_example/action/detail/turtle_start__rosidl_typesupport_introspection_cpp.hpp
[2.286s] -- Up-to-date symlink: /home/daeho/practice_ws/install/msg_srv_action_interface_example/share/msg_srv_action_interface_example/environment/pythonpath.sh
[2.286s] -- Up-to-date symlink: /home/daeho/practice_ws/install/msg_srv_action_interface_example/share/msg_srv_action_interface_example/environment/pythonpath.dsv
[2.286s] -- Up-to-date symlink: /home/daeho/practice_ws/install/msg_srv_action_interface_example/local/lib/python3.10/dist-packages/msg_srv_action_interface_example-0.0.0-py3.10.egg-info/PKG-INFO
[2.286s] -- Up-to-date symlink: /home/daeho/practice_ws/install/msg_srv_action_interface_example/local/lib/python3.10/dist-packages/msg_srv_action_interface_example-0.0.0-py3.10.egg-info/SOURCES.txt
[2.286s] -- Up-to-date symlink: /home/daeho/practice_ws/install/msg_srv_action_interface_example/local/lib/python3.10/dist-packages/msg_srv_action_interface_example-0.0.0-py3.10.egg-info/dependency_links.txt
[2.286s] -- Up-to-date symlink: /home/daeho/practice_ws/install/msg_srv_action_interface_example/local/lib/python3.10/dist-packages/msg_srv_action_interface_example-0.0.0-py3.10.egg-info/top_level.txt
[2.286s] -- Up-to-date symlink: /home/daeho/practice_ws/install/msg_srv_action_interface_example/local/lib/python3.10/dist-packages/msg_srv_action_interface_example/__init__.py
[2.286s] -- Up-to-date symlink: /home/daeho/practice_ws/install/msg_srv_action_interface_example/local/lib/python3.10/dist-packages/msg_srv_action_interface_example/_msg_srv_action_interface_example_s.ep.rosidl_typesupport_c.c
[2.286s] -- Up-to-date symlink: /home/daeho/practice_ws/install/msg_srv_action_interface_example/local/lib/python3.10/dist-packages/msg_srv_action_interface_example/_msg_srv_action_interface_example_s.ep.rosidl_typesupport_fastrtps_c.c
[2.286s] -- Up-to-date symlink: /home/daeho/practice_ws/install/msg_srv_action_interface_example/local/lib/python3.10/dist-packages/msg_srv_action_interface_example/_msg_srv_action_interface_example_s.ep.rosidl_typesupport_introspection_c.c
[2.287s] -- Up-to-date symlink: /home/daeho/practice_ws/install/msg_srv_action_interface_example/local/lib/python3.10/dist-packages/msg_srv_action_interface_example/action/__init__.py
[2.287s] -- Up-to-date symlink: /home/daeho/practice_ws/install/msg_srv_action_interface_example/local/lib/python3.10/dist-packages/msg_srv_action_interface_example/action/_turtle_start.py
[2.287s] -- Up-to-date symlink: /home/daeho/practice_ws/install/msg_srv_action_interface_example/local/lib/python3.10/dist-packages/msg_srv_action_interface_example/action/_turtle_start_s.c
[2.287s] -- Up-to-date symlink: /home/daeho/practice_ws/install/msg_srv_action_interface_example/local/lib/python3.10/dist-packages/msg_srv_action_interface_example/libmsg_srv_action_interface_example__rosidl_generator_py.so
[2.287s] -- Up-to-date symlink: /home/daeho/practice_ws/install/msg_srv_action_interface_example/local/lib/python3.10/dist-packages/msg_srv_action_interface_example/msg_srv_action_interface_example_s__rosidl_typesupport_c.cpython-310-x86_64-linux-gnu.so
[2.287s] -- Up-to-date symlink: /home/daeho/practice_ws/install/msg_srv_action_interface_example/local/lib/python3.10/dist-packages/msg_srv_action_interface_example/msg_srv_action_interface_example_s__rosidl_typesupport_fastrtps_c.cpython-310-x86_64-linux-gnu.so
[2.287s] -- Up-to-date symlink: /home/daeho/practice_ws/install/msg_srv_action_interface_example/local/lib/python3.10/dist-packages/msg_srv_action_interface_example/msg_srv_action_interface_example_s__rosidl_typesupport_introspection_c.cpython-310-x86_64-linux-gnu.so
[2.287s] -- Up-to-date symlink: /home/daeho/practice_ws/install/msg_srv_action_interface_example/local/lib/python3.10/dist-packages/msg_srv_action_interface_example/msg_srv_action_interface_example_s__rosidl_typesupport_fastrtps_c.cpython-310-x86_64-linux-gnu.so
[2.287s] -- Up-to-date symlink: /home/daeho/practice_ws/install/msg_srv_action_interface_example/local/lib/python3.10/dist-packages/msg_srv_action_interface_example/msg_srv_action_interface_example_s__rosidl_typesupport_introspection_c.cpython-310-x86_64-linux-gnu.so
[2.287s] -- Up-to-date symlink: /home/daeho/practice_ws/install/msg_srv_action_interface_example/local/lib/python3.10/dist-packages/msg_srv_action_interface_example/msg_srv_action_interface_example_s__rosidl_typesupport_c.cpython-310-x86_64-linux-gnu.so
[2.287s] -- Up-to-date symlink: /home/daeho/practice_ws/install/msg_srv_action_interface_example/share/msg_srv_action_interface_example/action/TurtleStart.idl
[2.287s] -- Up-to-date symlink: /home/daeho/practice_ws/install/msg_srv_action_interface_example/share/msg_srv_action_interface_example/action/TurtleStart.action
[2.287s] -- Up-to-date symlink: /home/daeho/practice_ws/install/msg_srv_action_interface_example/share/ament_index/resource_index/package_run_dependencies/msg_srv_action_interface_example
[2.287s] -- Up-to-date symlink: /home/daeho/practice_ws/install/msg_srv_action_interface_example/share/ament_index/resource_index/parent_prefix_path/msg_srv_action_interface_example
[2.288s] -- Up-to-date symlink: /home/daeho/practice_ws/install/msg_srv_action_interface_example/share/msg_srv_action_interface_example/environment/ament_prefix_path.sh
[2.288s] -- Up-to-date symlink: /home/daeho/practice_ws/install/msg_srv_action_interface_example/share/msg_srv_action_interface_example/environment/ament_prefix_path.dsv
[2.288s] -- Up-to-date symlink: /home/daeho/practice_ws/install/msg_srv_action_interface_example/share/msg_srv_action_interface_example/environment/path.sh
[2.288s] -- Up-to-date symlink: /home/daeho/practice_ws/install/msg_srv_action_interface_example/share/msg_srv_action_interface_example/environment/path.dsv
[2.288s] -- Up-to-date symlink: /home/daeho/practice_ws/install/msg_srv_action_interface_example/share/msg_srv_action_interface_example/local_setup.bash
[2.288s] -- Up-to-date symlink: /home/daeho/practice_ws/install/msg_srv_action_interface_example/share/msg_srv_action_interface_example/local_setup.sh
[2.288s] -- Up-to-date symlink: /home/daeho/practice_ws/install/msg_srv_action_interface_example/share/msg_srv_action_interface_example/local_setup.zsh
[2.288s] -- Up-to-date symlink: /home/daeho/practice_ws/install/msg_srv_action_interface_example/share/msg_srv_action_interface_example/local_setup.dsv
[2.288s] -- Symlinking: /home/daeho/practice_ws/install/msg_srv_action_interface_example/share/msg_srv_action_interface_example/package.dsv
[2.292s] -- Up-to-date symlink: /home/daeho/practice_ws/install/msg_srv_action_interface_example/share/ament_index/resource_index/packages/msg_srv_action_interface_example
[2.292s] -- Up-to-date symlink: /home/daeho/practice_ws/install/msg_srv_action_interface_example/share/msg_srv_action_interface_example/cmake/rosidl_cmake-extras.cmake
[2.292s] -- Up-to-date symlink: /home/daeho/practice_ws/install/msg_srv_action_interface_example/share/msg_srv_action_interface_example/cmake/ament_cmake_export_dependencies-extras.cmake
[2.292s] -- Up-to-date symlink: /home/daeho/practice_ws/install/msg_srv_action_interface_example/share/msg_srv_action_interface_example/cmake/ament_cmake_export_include_directories-extras.cmake
[2.292s] -- Up-to-date symlink: /home/daeho/practice_ws/install/msg_srv_action_interface_example/share/msg_srv_action_interface_example/cmake/ament_cmake_export_libraries-extras.cmake
[2.293s] -- Up-to-date symlink: /home/daeho/practice_ws/install/msg_srv_action_interface_example/share/msg_srv_action_interface_example/cmake/ament_cmake_export_targets-extras.cmake
[2.293s] -- Up-to-date symlink: /home/daeho/practice_ws/install/msg_srv_action_interface_example/share/msg_srv_action_interface_example/cmake/rosidl_cmake_export_typesupport_targets-extras.cmake
[2.293s] -- Up-to-date symlink: /home/daeho/practice_ws/install/msg_srv_action_interface_example/share/msg_srv_action_interface_example/cmake/rosidl_cmake_export_typesupport_libraries-extras.cmake
[2.293s] -- Up-to-date symlink: /home/daeho/practice_ws/install/msg_srv_action_interface_example/share/msg_srv_action_interface_example/cmake/msg_srv_action_interface_exampleConfig.cmake
[2.293s] -- Up-to-date symlink: /home/daeho/practice_ws/install/msg_srv_action_interface_example/share/msg_srv_action_interface_example/cmake/msg_srv_action_interface_exampleConfig-version.cmake
[2.293s] -- Up-to-date symlink: /home/daeho/practice_ws/install/msg_srv_action_interface_example/share/msg_srv_action_interface_example/package.xml
[2.293s] -- Installing: /home/daeho/practice_ws/install/msg_srv_action_interface_example/lib/libmsg_srv_action_interface_example__rosidl_generator_c.so
[2.293s] -- Set runtime path of "/home/daeho/practice_ws/install/msg_srv_action_interface_example/lib/libmsg_srv_action_interface_example__rosidl_generator_c.so" to ""
[2.293s] -- Installing: /home/daeho/practice_ws/install/msg_srv_action_interface_example/lib/libmsg_srv_action_interface_example__rosidl_typesupport_fastrtps_c.so
[2.293s] -- Set runtime path of "/home/daeho/practice_ws/install/msg_srv_action_interface_example/lib/libmsg_srv_action_interface_example__rosidl_typesupport_fastrtps_c.so" to ""
[2.294s] -- Installing: /home/daeho/practice_ws/install/msg_srv_action_interface_example/lib/libmsg_srv_action_interface_example__rosidl_typesupport_fastrtps_cpp.so
[2.294s] -- Set runtime path of "/home/daeho/practice_ws/install/msg_srv_action_interface_example/lib/libmsg_srv_action_interface_example__rosidl_typesupport_fastrtps_cpp.so" to ""
[2.294s] -- Installing: /home/daeho/practice_ws/install/msg_srv_action_interface_example/lib/libmsg_srv_action_interface_example__rosidl_typesupport_introspection_c.so
[2.294s] -- Set runtime path of "/home/daeho/practice_ws/install/msg_srv_action_interface_example/lib/libmsg_srv_action_interface_example__rosidl_typesupport_introspection_c.so" to ""
[2.294s] -- Installing: /home/daeho/practice_ws/install/msg_srv_action_interface_example/lib/libmsg_srv_action_interface_example__rosidl_typesupport_c.so
[2.294s] -- Set runtime path of "/home/daeho/practice_ws/install/msg_srv_action_interface_example/lib/libmsg_srv_action_interface_example__rosidl_typesupport_c.so" to ""
[2.294s] -- Installing: /home/daeho/practice_ws/install/msg_srv_action_interface_example/lib/libmsg_srv_action_interface_example__rosidl_typesupport_introspection_cpp.so
[2.294s] -- Set runtime path of "/home/daeho/practice_ws/install/msg_srv_action_interface_example/lib/libmsg_srv_action_interface_example__rosidl_typesupport_introspection_cpp.so" to ""
[2.295s] -- Installing: /home/daeho/practice_ws/install/msg_srv_action_interface_example/lib/libmsg_srv_action_interface_example__rosidl_typesupport_cpp.so
[2.295s] -- Set runtime path of "/home/daeho/practice_ws/install/msg_srv_action_interface_example/lib/libmsg_srv_action_interface_example__rosidl_typesupport_cpp.so" to ""
[2.317s] Listing '/home/daeho/practice_ws/install/msg_srv_action_interface_example/local/lib/python3.10/dist-packages/msg_srv_action_interface_example'...
[2.317s] Compiling '/home/daeho/practice_ws/install/msg_srv_action_interface_example/local/lib/python3.10/dist-packages/msg_srv_action_interface_example/__init__.py'...
[2.317s] Listing '/home/daeho/practice_ws/install/msg_srv_action_interface_example/local/lib/python3.10/dist-packages/msg_srv_action_interface_example/action'...
[2.317s] Compiling '/home/daeho/practice_ws/install/msg_srv_action_interface_example/local/lib/python3.10/dist-packages/msg_srv_action_interface_example/action/__init__.py'...
[2.317s] Compiling '/home/daeho/practice_ws/install/msg_srv_action_interface_example/local/lib/python3.10/dist-packages/msg_srv_action_interface_example/action/_turtle_start.py'...
[2.320s] -- Installing: /home/daeho/practice_ws/install/msg_srv_action_interface_example/lib/libmsg_srv_action_interface_example__rosidl_generator_py.so
[2.320s] -- Set runtime path of "/home/daeho/practice_ws/install/msg_srv_action_interface_example/lib/libmsg_srv_action_interface_example__rosidl_generator_py.so" to ""
[2.320s] -- Up-to-date: /home/daeho/practice_ws/install/msg_srv_action_interface_example/share/msg_srv_action_interface_example/cmake/export_msg_srv_action_interface_example__rosidl_generator_cExport.cmake
[2.320s] -- Up-to-date: /home/daeho/practice_ws/install/msg_srv_action_interface_example/share/msg_srv_action_interface_example/cmake/export_msg_srv_action_interface_example__rosidl_generator_cExport-noconfig.cmake
[2.320s] -- Up-to-date: /home/daeho/practice_ws/install/msg_srv_action_interface_example/share/msg_srv_action_interface_example/cmake/export_msg_srv_action_interface_example__rosidl_typesupport_fastrtps_cExport.cmake
[2.320s] -- Up-to-date: /home/daeho/practice_ws/install/msg_srv_action_interface_example/share/msg_srv_action_interface_example/cmake/export_msg_srv_action_interface_example__rosidl_typesupport_fastrtps_cExport-noconfig.cmake
[2.320s] -- Up-to-date: /home/daeho/practice_ws/install/msg_srv_action_interface_example/share/msg_srv_action_interface_example/cmake/export_msg_srv_action_interface_example__rosidl_generator_cppExport.cmake
[2.320s] -- Up-to-date: /home/daeho/practice_ws/install/msg_srv_action_interface_example/share/msg_srv_action_interface_example/cmake/export_msg_srv_action_interface_example__rosidl_typesupport_fastrtps_cppExport.cmake
[2.320s] -- Up-to-date: /home/daeho/practice_ws/install/msg_srv_action_interface_example/share/msg_srv_action_interface_example/cmake/export_msg_srv_action_interface_example__rosidl_typesupport_fastrtps_cppExport-noconfig.cmake
[2.320s] -- Up-to-date: /home/daeho/practice_ws/install/msg_srv_action_interface_example/share/msg_srv_action_interface_example/cmake/msg_srv_action_interface_example__rosidl_typesupport_introspection_cExport.cmake
[2.320s] -- Up-to-date: /home/daeho/practice_ws/install/msg_srv_action_interface_example/share/msg_srv_action_interface_example/cmake/msg_srv_action_interface_example__rosidl_typesupport_introspection_cExport-noconfig.cmake
[2.320s] -- Up-to-date: /home/daeho/practice_ws/install/msg_srv_action_interface_example/share/msg_srv_action_interface_example/cmake/msg_srv_action_interface_example__rosidl_typesupport_cExport.cmake
[2.320s] -- Up-to-date: /home/daeho/practice_ws/install/msg_srv_action_interface_example/share/msg_srv_action_interface_example/cmake/msg_srv_action_interface_example__rosidl_typesupport_cExport-noconfig.cmake
[2.320s] -- Up-to-date: /home/daeho/practice_ws/install/msg_srv_action_interface_example/share/msg_srv_action_interface_example/cmake/msg_srv_action_interface_example__rosidl_typesupport_introspection_cppExport.cmake
[2.320s] -- Up-to-date: /home/daeho/practice_ws/install/msg_srv_action_interface_example/share/msg_srv_action_interface_example/cmake/msg_srv_action_interface_example__rosidl_typesupport_introspection_cppExport-noconfig.cmake
[2.321s] -- Up-to-date: /home/daeho/practice_ws/install/msg_srv_action_interface_example/share/msg_srv_action_interface_example/cmake/msg_srv_action_interface_example__rosidl_typesupport_cppExport.cmake
[2.321s] -- Up-to-date: /home/daeho/practice_ws/install/msg_srv_action_interface_example/share/msg_srv_action_interface_example/cmake/msg_srv_action_interface_example__rosidl_typesupport_cppExport-noconfig.cmake
[2.321s] -- Up-to-date: /home/daeho/practice_ws/install/msg_srv_action_interface_example/share/msg_srv_action_interface_example/cmake/export_msg_srv_action_interface_example__rosidl_generator_pyExport.cmake
[2.321s] -- Up-to-date: /home/daeho/practice_ws/install/msg_srv_action_interface_example/share/msg_srv_action_interface_example/cmake/export_msg_srv_action_interface_example__rosidl_generator_pyExport-noconfig.cmake
[2.322s] Invoked command in '/home/daeho/practice_ws/build/msg_srv_action_interface_example' returned '0': CMAKE_PREFIX_PATH=/opt/ros/humble /usr/bin/cmake --install /home/daeho/practice_ws/build/msg_srv_action_interface_example
