[  3%] Built target msg_srv_action_interface_example__cpp
[ 12%] Built target msg_srv_action_interface_example__rosidl_generator_c
[ 12%] Built target ament_cmake_python_symlink_msg_srv_action_interface_example
[ 22%] Built target msg_srv_action_interface_example__rosidl_typesupport_cpp
[ 32%] Built target msg_srv_action_interface_example__rosidl_typesupport_c
[ 45%] Built target msg_srv_action_interface_example__rosidl_typesupport_introspection_c
[ 54%] Built target msg_srv_action_interface_example__rosidl_typesupport_fastrtps_c
[ 61%] Built target msg_srv_action_interface_example__rosidl_typesupport_fastrtps_cpp
[ 70%] Built target msg_srv_action_interface_example__rosidl_typesupport_introspection_cpp
[ 70%] Built target msg_srv_action_interface_example
[ 74%] Built target msg_srv_action_interface_example__py
[ 80%] Built target msg_srv_action_interface_example__rosidl_generator_py
[100%] Built target msg_srv_action_interface_example__rosidl_typesupport_introspection_c__pyext
[100%] Built target msg_srv_action_interface_example__rosidl_typesupport_c__pyext
[100%] Built target msg_srv_action_interface_example__rosidl_typesupport_fastrtps_c__pyext
running egg_info
writing msg_srv_action_interface_example.egg-info/PKG-INFO
writing dependency_links to msg_srv_action_interface_example.egg-info/dependency_links.txt
writing top-level names to msg_srv_action_interface_example.egg-info/top_level.txt
reading manifest file 'msg_srv_action_interface_example.egg-info/SOURCES.txt'
writing manifest file 'msg_srv_action_interface_example.egg-info/SOURCES.txt'
[100%] Built target ament_cmake_python_build_msg_srv_action_interface_example_egg
-- Install configuration: ""
-- Execute custom install script
-- Up-to-date symlink: /home/daeho/practice_ws/install/msg_srv_action_interface_example/share/ament_index/resource_index/rosidl_interfaces/msg_srv_action_interface_example
-- Up-to-date symlink: /home/daeho/practice_ws/install/msg_srv_action_interface_example/include/msg_srv_action_interface_example/msg_srv_action_interface_example/action/detail/turtle_start__functions.h
-- Up-to-date symlink: /home/daeho/practice_ws/install/msg_srv_action_interface_example/include/msg_srv_action_interface_example/msg_srv_action_interface_example/action/detail/turtle_start__struct.h
-- Up-to-date symlink: /home/daeho/practice_ws/install/msg_srv_action_interface_example/include/msg_srv_action_interface_example/msg_srv_action_interface_example/action/detail/turtle_start__type_support.h
-- Up-to-date symlink: /home/daeho/practice_ws/install/msg_srv_action_interface_example/include/msg_srv_action_interface_example/msg_srv_action_interface_example/action/turtle_start.h
-- Up-to-date symlink: /home/daeho/practice_ws/install/msg_srv_action_interface_example/include/msg_srv_action_interface_example/msg_srv_action_interface_example/msg/rosidl_generator_c__visibility_control.h
-- Up-to-date symlink: /home/daeho/practice_ws/install/msg_srv_action_interface_example/share/msg_srv_action_interface_example/environment/library_path.sh
-- Up-to-date symlink: /home/daeho/practice_ws/install/msg_srv_action_interface_example/share/msg_srv_action_interface_example/environment/library_path.dsv
-- Up-to-date symlink: /home/daeho/practice_ws/install/msg_srv_action_interface_example/include/msg_srv_action_interface_example/msg_srv_action_interface_example/action/detail/turtle_start__rosidl_typesupport_fastrtps_c.h
-- Up-to-date symlink: /home/daeho/practice_ws/install/msg_srv_action_interface_example/include/msg_srv_action_interface_example/msg_srv_action_interface_example/msg/rosidl_typesupport_fastrtps_c__visibility_control.h
-- Up-to-date symlink: /home/daeho/practice_ws/install/msg_srv_action_interface_example/include/msg_srv_action_interface_example/msg_srv_action_interface_example/action/detail/turtle_start__builder.hpp
-- Up-to-date symlink: /home/daeho/practice_ws/install/msg_srv_action_interface_example/include/msg_srv_action_interface_example/msg_srv_action_interface_example/action/detail/turtle_start__struct.hpp
-- Up-to-date symlink: /home/daeho/practice_ws/install/msg_srv_action_interface_example/include/msg_srv_action_interface_example/msg_srv_action_interface_example/action/detail/turtle_start__traits.hpp
-- Up-to-date symlink: /home/daeho/practice_ws/install/msg_srv_action_interface_example/include/msg_srv_action_interface_example/msg_srv_action_interface_example/action/turtle_start.hpp
-- Up-to-date symlink: /home/daeho/practice_ws/install/msg_srv_action_interface_example/include/msg_srv_action_interface_example/msg_srv_action_interface_example/action/detail/turtle_start__rosidl_typesupport_fastrtps_cpp.hpp
-- Up-to-date symlink: /home/daeho/practice_ws/install/msg_srv_action_interface_example/include/msg_srv_action_interface_example/msg_srv_action_interface_example/msg/rosidl_typesupport_fastrtps_cpp__visibility_control.h
-- Up-to-date symlink: /home/daeho/practice_ws/install/msg_srv_action_interface_example/include/msg_srv_action_interface_example/msg_srv_action_interface_example/action/detail/turtle_start__rosidl_typesupport_introspection_c.h
-- Up-to-date symlink: /home/daeho/practice_ws/install/msg_srv_action_interface_example/include/msg_srv_action_interface_example/msg_srv_action_interface_example/msg/rosidl_typesupport_introspection_c__visibility_control.h
-- Up-to-date symlink: /home/daeho/practice_ws/install/msg_srv_action_interface_example/include/msg_srv_action_interface_example/msg_srv_action_interface_example/action/detail/turtle_start__rosidl_typesupport_introspection_cpp.hpp
-- Up-to-date symlink: /home/daeho/practice_ws/install/msg_srv_action_interface_example/share/msg_srv_action_interface_example/environment/pythonpath.sh
-- Up-to-date symlink: /home/daeho/practice_ws/install/msg_srv_action_interface_example/share/msg_srv_action_interface_example/environment/pythonpath.dsv
-- Up-to-date symlink: /home/daeho/practice_ws/install/msg_srv_action_interface_example/local/lib/python3.10/dist-packages/msg_srv_action_interface_example-0.0.0-py3.10.egg-info/PKG-INFO
-- Up-to-date symlink: /home/daeho/practice_ws/install/msg_srv_action_interface_example/local/lib/python3.10/dist-packages/msg_srv_action_interface_example-0.0.0-py3.10.egg-info/SOURCES.txt
-- Up-to-date symlink: /home/daeho/practice_ws/install/msg_srv_action_interface_example/local/lib/python3.10/dist-packages/msg_srv_action_interface_example-0.0.0-py3.10.egg-info/dependency_links.txt
-- Up-to-date symlink: /home/daeho/practice_ws/install/msg_srv_action_interface_example/local/lib/python3.10/dist-packages/msg_srv_action_interface_example-0.0.0-py3.10.egg-info/top_level.txt
-- Up-to-date symlink: /home/daeho/practice_ws/install/msg_srv_action_interface_example/local/lib/python3.10/dist-packages/msg_srv_action_interface_example/__init__.py
-- Up-to-date symlink: /home/daeho/practice_ws/install/msg_srv_action_interface_example/local/lib/python3.10/dist-packages/msg_srv_action_interface_example/_msg_srv_action_interface_example_s.ep.rosidl_typesupport_c.c
-- Up-to-date symlink: /home/daeho/practice_ws/install/msg_srv_action_interface_example/local/lib/python3.10/dist-packages/msg_srv_action_interface_example/_msg_srv_action_interface_example_s.ep.rosidl_typesupport_fastrtps_c.c
-- Up-to-date symlink: /home/daeho/practice_ws/install/msg_srv_action_interface_example/local/lib/python3.10/dist-packages/msg_srv_action_interface_example/_msg_srv_action_interface_example_s.ep.rosidl_typesupport_introspection_c.c
-- Up-to-date symlink: /home/daeho/practice_ws/install/msg_srv_action_interface_example/local/lib/python3.10/dist-packages/msg_srv_action_interface_example/action/__init__.py
-- Up-to-date symlink: /home/daeho/practice_ws/install/msg_srv_action_interface_example/local/lib/python3.10/dist-packages/msg_srv_action_interface_example/action/_turtle_start.py
-- Up-to-date symlink: /home/daeho/practice_ws/install/msg_srv_action_interface_example/local/lib/python3.10/dist-packages/msg_srv_action_interface_example/action/_turtle_start_s.c
-- Up-to-date symlink: /home/daeho/practice_ws/install/msg_srv_action_interface_example/local/lib/python3.10/dist-packages/msg_srv_action_interface_example/libmsg_srv_action_interface_example__rosidl_generator_py.so
-- Up-to-date symlink: /home/daeho/practice_ws/install/msg_srv_action_interface_example/local/lib/python3.10/dist-packages/msg_srv_action_interface_example/msg_srv_action_interface_example_s__rosidl_typesupport_c.cpython-310-x86_64-linux-gnu.so
-- Up-to-date symlink: /home/daeho/practice_ws/install/msg_srv_action_interface_example/local/lib/python3.10/dist-packages/msg_srv_action_interface_example/msg_srv_action_interface_example_s__rosidl_typesupport_fastrtps_c.cpython-310-x86_64-linux-gnu.so
-- Up-to-date symlink: /home/daeho/practice_ws/install/msg_srv_action_interface_example/local/lib/python3.10/dist-packages/msg_srv_action_interface_example/msg_srv_action_interface_example_s__rosidl_typesupport_introspection_c.cpython-310-x86_64-linux-gnu.so
-- Up-to-date symlink: /home/daeho/practice_ws/install/msg_srv_action_interface_example/local/lib/python3.10/dist-packages/msg_srv_action_interface_example/msg_srv_action_interface_example_s__rosidl_typesupport_fastrtps_c.cpython-310-x86_64-linux-gnu.so
-- Up-to-date symlink: /home/daeho/practice_ws/install/msg_srv_action_interface_example/local/lib/python3.10/dist-packages/msg_srv_action_interface_example/msg_srv_action_interface_example_s__rosidl_typesupport_introspection_c.cpython-310-x86_64-linux-gnu.so
-- Up-to-date symlink: /home/daeho/practice_ws/install/msg_srv_action_interface_example/local/lib/python3.10/dist-packages/msg_srv_action_interface_example/msg_srv_action_interface_example_s__rosidl_typesupport_c.cpython-310-x86_64-linux-gnu.so
-- Up-to-date symlink: /home/daeho/practice_ws/install/msg_srv_action_interface_example/share/msg_srv_action_interface_example/action/TurtleStart.idl
-- Up-to-date symlink: /home/daeho/practice_ws/install/msg_srv_action_interface_example/share/msg_srv_action_interface_example/action/TurtleStart.action
-- Up-to-date symlink: /home/daeho/practice_ws/install/msg_srv_action_interface_example/share/ament_index/resource_index/package_run_dependencies/msg_srv_action_interface_example
-- Up-to-date symlink: /home/daeho/practice_ws/install/msg_srv_action_interface_example/share/ament_index/resource_index/parent_prefix_path/msg_srv_action_interface_example
-- Up-to-date symlink: /home/daeho/practice_ws/install/msg_srv_action_interface_example/share/msg_srv_action_interface_example/environment/ament_prefix_path.sh
-- Up-to-date symlink: /home/daeho/practice_ws/install/msg_srv_action_interface_example/share/msg_srv_action_interface_example/environment/ament_prefix_path.dsv
-- Up-to-date symlink: /home/daeho/practice_ws/install/msg_srv_action_interface_example/share/msg_srv_action_interface_example/environment/path.sh
-- Up-to-date symlink: /home/daeho/practice_ws/install/msg_srv_action_interface_example/share/msg_srv_action_interface_example/environment/path.dsv
-- Up-to-date symlink: /home/daeho/practice_ws/install/msg_srv_action_interface_example/share/msg_srv_action_interface_example/local_setup.bash
-- Up-to-date symlink: /home/daeho/practice_ws/install/msg_srv_action_interface_example/share/msg_srv_action_interface_example/local_setup.sh
-- Up-to-date symlink: /home/daeho/practice_ws/install/msg_srv_action_interface_example/share/msg_srv_action_interface_example/local_setup.zsh
-- Up-to-date symlink: /home/daeho/practice_ws/install/msg_srv_action_interface_example/share/msg_srv_action_interface_example/local_setup.dsv
-- Symlinking: /home/daeho/practice_ws/install/msg_srv_action_interface_example/share/msg_srv_action_interface_example/package.dsv
-- Up-to-date symlink: /home/daeho/practice_ws/install/msg_srv_action_interface_example/share/ament_index/resource_index/packages/msg_srv_action_interface_example
-- Up-to-date symlink: /home/daeho/practice_ws/install/msg_srv_action_interface_example/share/msg_srv_action_interface_example/cmake/rosidl_cmake-extras.cmake
-- Up-to-date symlink: /home/daeho/practice_ws/install/msg_srv_action_interface_example/share/msg_srv_action_interface_example/cmake/ament_cmake_export_dependencies-extras.cmake
-- Up-to-date symlink: /home/daeho/practice_ws/install/msg_srv_action_interface_example/share/msg_srv_action_interface_example/cmake/ament_cmake_export_include_directories-extras.cmake
-- Up-to-date symlink: /home/daeho/practice_ws/install/msg_srv_action_interface_example/share/msg_srv_action_interface_example/cmake/ament_cmake_export_libraries-extras.cmake
-- Up-to-date symlink: /home/daeho/practice_ws/install/msg_srv_action_interface_example/share/msg_srv_action_interface_example/cmake/ament_cmake_export_targets-extras.cmake
-- Up-to-date symlink: /home/daeho/practice_ws/install/msg_srv_action_interface_example/share/msg_srv_action_interface_example/cmake/rosidl_cmake_export_typesupport_targets-extras.cmake
-- Up-to-date symlink: /home/daeho/practice_ws/install/msg_srv_action_interface_example/share/msg_srv_action_interface_example/cmake/rosidl_cmake_export_typesupport_libraries-extras.cmake
-- Up-to-date symlink: /home/daeho/practice_ws/install/msg_srv_action_interface_example/share/msg_srv_action_interface_example/cmake/msg_srv_action_interface_exampleConfig.cmake
-- Up-to-date symlink: /home/daeho/practice_ws/install/msg_srv_action_interface_example/share/msg_srv_action_interface_example/cmake/msg_srv_action_interface_exampleConfig-version.cmake
-- Up-to-date symlink: /home/daeho/practice_ws/install/msg_srv_action_interface_example/share/msg_srv_action_interface_example/package.xml
-- Up-to-date: /home/daeho/practice_ws/install/msg_srv_action_interface_example/lib/libmsg_srv_action_interface_example__rosidl_generator_c.so
-- Up-to-date: /home/daeho/practice_ws/install/msg_srv_action_interface_example/lib/libmsg_srv_action_interface_example__rosidl_typesupport_fastrtps_c.so
-- Up-to-date: /home/daeho/practice_ws/install/msg_srv_action_interface_example/lib/libmsg_srv_action_interface_example__rosidl_typesupport_fastrtps_cpp.so
-- Up-to-date: /home/daeho/practice_ws/install/msg_srv_action_interface_example/lib/libmsg_srv_action_interface_example__rosidl_typesupport_introspection_c.so
-- Up-to-date: /home/daeho/practice_ws/install/msg_srv_action_interface_example/lib/libmsg_srv_action_interface_example__rosidl_typesupport_c.so
-- Up-to-date: /home/daeho/practice_ws/install/msg_srv_action_interface_example/lib/libmsg_srv_action_interface_example__rosidl_typesupport_introspection_cpp.so
-- Up-to-date: /home/daeho/practice_ws/install/msg_srv_action_interface_example/lib/libmsg_srv_action_interface_example__rosidl_typesupport_cpp.so
Listing '/home/daeho/practice_ws/install/msg_srv_action_interface_example/local/lib/python3.10/dist-packages/msg_srv_action_interface_example'...
Listing '/home/daeho/practice_ws/install/msg_srv_action_interface_example/local/lib/python3.10/dist-packages/msg_srv_action_interface_example/action'...
-- Up-to-date: /home/daeho/practice_ws/install/msg_srv_action_interface_example/lib/libmsg_srv_action_interface_example__rosidl_generator_py.so
-- Up-to-date: /home/daeho/practice_ws/install/msg_srv_action_interface_example/share/msg_srv_action_interface_example/cmake/export_msg_srv_action_interface_example__rosidl_generator_cExport.cmake
-- Up-to-date: /home/daeho/practice_ws/install/msg_srv_action_interface_example/share/msg_srv_action_interface_example/cmake/export_msg_srv_action_interface_example__rosidl_generator_cExport-noconfig.cmake
-- Up-to-date: /home/daeho/practice_ws/install/msg_srv_action_interface_example/share/msg_srv_action_interface_example/cmake/export_msg_srv_action_interface_example__rosidl_typesupport_fastrtps_cExport.cmake
-- Up-to-date: /home/daeho/practice_ws/install/msg_srv_action_interface_example/share/msg_srv_action_interface_example/cmake/export_msg_srv_action_interface_example__rosidl_typesupport_fastrtps_cExport-noconfig.cmake
-- Up-to-date: /home/daeho/practice_ws/install/msg_srv_action_interface_example/share/msg_srv_action_interface_example/cmake/export_msg_srv_action_interface_example__rosidl_generator_cppExport.cmake
-- Up-to-date: /home/daeho/practice_ws/install/msg_srv_action_interface_example/share/msg_srv_action_interface_example/cmake/export_msg_srv_action_interface_example__rosidl_typesupport_fastrtps_cppExport.cmake
-- Up-to-date: /home/daeho/practice_ws/install/msg_srv_action_interface_example/share/msg_srv_action_interface_example/cmake/export_msg_srv_action_interface_example__rosidl_typesupport_fastrtps_cppExport-noconfig.cmake
-- Up-to-date: /home/daeho/practice_ws/install/msg_srv_action_interface_example/share/msg_srv_action_interface_example/cmake/msg_srv_action_interface_example__rosidl_typesupport_introspection_cExport.cmake
-- Up-to-date: /home/daeho/practice_ws/install/msg_srv_action_interface_example/share/msg_srv_action_interface_example/cmake/msg_srv_action_interface_example__rosidl_typesupport_introspection_cExport-noconfig.cmake
-- Up-to-date: /home/daeho/practice_ws/install/msg_srv_action_interface_example/share/msg_srv_action_interface_example/cmake/msg_srv_action_interface_example__rosidl_typesupport_cExport.cmake
-- Up-to-date: /home/daeho/practice_ws/install/msg_srv_action_interface_example/share/msg_srv_action_interface_example/cmake/msg_srv_action_interface_example__rosidl_typesupport_cExport-noconfig.cmake
-- Up-to-date: /home/daeho/practice_ws/install/msg_srv_action_interface_example/share/msg_srv_action_interface_example/cmake/msg_srv_action_interface_example__rosidl_typesupport_introspection_cppExport.cmake
-- Up-to-date: /home/daeho/practice_ws/install/msg_srv_action_interface_example/share/msg_srv_action_interface_example/cmake/msg_srv_action_interface_example__rosidl_typesupport_introspection_cppExport-noconfig.cmake
-- Up-to-date: /home/daeho/practice_ws/install/msg_srv_action_interface_example/share/msg_srv_action_interface_example/cmake/msg_srv_action_interface_example__rosidl_typesupport_cppExport.cmake
-- Up-to-date: /home/daeho/practice_ws/install/msg_srv_action_interface_example/share/msg_srv_action_interface_example/cmake/msg_srv_action_interface_example__rosidl_typesupport_cppExport-noconfig.cmake
-- Up-to-date: /home/daeho/practice_ws/install/msg_srv_action_interface_example/share/msg_srv_action_interface_example/cmake/export_msg_srv_action_interface_example__rosidl_generator_pyExport.cmake
-- Up-to-date: /home/daeho/practice_ws/install/msg_srv_action_interface_example/share/msg_srv_action_interface_example/cmake/export_msg_srv_action_interface_example__rosidl_generator_pyExport-noconfig.cmake
