[0.007s] Invoking command in '/home/daeho/practice_ws/build/msg_srv_action_interface_example': CMAKE_PREFIX_PATH=${CMAKE_PREFIX_PATH}:/home/daeho/practice_ws/install/flody_test_suite:/opt/ros/humble /usr/bin/cmake --build /home/daeho/practice_ws/build/msg_srv_action_interface_example -- -j16 -l16
[0.021s] -- Found ament_cmake: 1.3.2 (/opt/ros/humble/share/ament_cmake/cmake)
[0.099s] -- Override CMake install command with custom implementation using symlinks instead of copying resources
[0.102s] -- Found builtin_interfaces: 1.2.0 (/opt/ros/humble/share/builtin_interfaces/cmake)
[0.116s] -- Found rosidl_generator_c: 3.1.3 (/opt/ros/humble/share/rosidl_generator_c/cmake)
[0.117s] -- Found rosidl_adapter: 3.1.3 (/opt/ros/humble/share/rosidl_adapter/cmake)
[0.121s] -- Found rosidl_generator_cpp: 3.1.3 (/opt/ros/humble/share/rosidl_generator_cpp/cmake)
[0.127s] -- Using all available rosidl_typesupport_c: rosidl_typesupport_fastrtps_c;rosidl_typesupport_introspection_c
[0.136s] -- Using all available rosidl_typesupport_cpp: rosidl_typesupport_fastrtps_cpp;rosidl_typesupport_introspection_cpp
[0.144s] -- Found rosidl_default_generators: 1.2.0 (/opt/ros/humble/share/rosidl_default_generators/cmake)
[0.324s] -- Found ament_cmake_ros: 0.10.0 (/opt/ros/humble/share/ament_cmake_ros/cmake)
[0.510s] -- Using all available rosidl_typesupport_c: rosidl_typesupport_fastrtps_c;rosidl_typesupport_introspection_c
[0.583s] -- Using all available rosidl_typesupport_cpp: rosidl_typesupport_fastrtps_cpp;rosidl_typesupport_introspection_cpp
[0.596s] -- Found python_cmake_module: 0.10.0 (/opt/ros/humble/share/python_cmake_module/cmake)
[0.608s] -- Using PYTHON_EXECUTABLE: /usr/bin/python3
[0.608s] -- Using PYTHON_INCLUDE_DIRS: /usr/include/python3.10
[0.608s] -- Using PYTHON_LIBRARIES: /usr/lib/x86_64-linux-gnu/libpython3.10.so
[0.622s] -- Found ament_lint_auto: 0.12.4 (/opt/ros/humble/share/ament_lint_auto/cmake)
[0.628s] -- Added test 'lint_cmake' to check CMake code style
[0.628s] -- Added test 'xmllint' to check XML markup files
[0.630s] -- Configuring done
[0.649s] -- Generating done
[0.651s] -- Build files have been written to: /home/daeho/practice_ws/build/msg_srv_action_interface_example
[0.663s] [  3%] [34m[1mGenerating C code for ROS interfaces[0m
[0.668s] [  6%] [34m[1mGenerating C++ code for ROS interfaces[0m
[0.672s] [  6%] Built target ament_cmake_python_symlink_msg_srv_action_interface_example
[0.838s] running egg_info
[0.838s] writing msg_srv_action_interface_example.egg-info/PKG-INFO
[0.839s] writing dependency_links to msg_srv_action_interface_example.egg-info/dependency_links.txt
[0.839s] writing top-level names to msg_srv_action_interface_example.egg-info/top_level.txt
[0.840s] reading manifest file 'msg_srv_action_interface_example.egg-info/SOURCES.txt'
[0.841s] writing manifest file 'msg_srv_action_interface_example.egg-info/SOURCES.txt'
[0.858s] [  6%] Built target ament_cmake_python_build_msg_srv_action_interface_example_egg
[0.935s] [  6%] Built target msg_srv_action_interface_example__cpp
[0.940s] [ 16%] [34m[1mGenerating C++ type support for eProsima Fast-RTPS[0m
[0.940s] [ 16%] [34m[1mGenerating C++ type support dispatch for ROS interfaces[0m
[0.940s] [ 16%] [34m[1mGenerating C++ introspection for ROS interfaces[0m
[0.953s] [35m[1mConsolidate compiler generated dependencies of target msg_srv_action_interface_example__rosidl_generator_c[0m
[0.959s] [ 19%] [32mBuilding C object CMakeFiles/msg_srv_action_interface_example__rosidl_generator_c.dir/rosidl_generator_c/msg_srv_action_interface_example/action/detail/turtle_start__functions.c.o[0m
[1.081s] [ 22%] [32m[1mLinking C shared library libmsg_srv_action_interface_example__rosidl_generator_c.so[0m
[1.105s] [ 22%] Built target msg_srv_action_interface_example__rosidl_generator_c
[1.110s] [ 25%] [34m[1mGenerating C type support for eProsima Fast-RTPS[0m
[1.110s] [ 29%] [34m[1mGenerating C introspection for ROS interfaces[0m
[1.110s] [ 32%] [34m[1mGenerating C type support dispatch for ROS interfaces[0m
[1.127s] [35m[1mConsolidate compiler generated dependencies of target msg_srv_action_interface_example__rosidl_typesupport_cpp[0m
[1.137s] [ 35%] [32mBuilding CXX object CMakeFiles/msg_srv_action_interface_example__rosidl_typesupport_cpp.dir/rosidl_typesupport_cpp/msg_srv_action_interface_example/action/turtle_start__type_support.cpp.o[0m
[1.144s] [35m[1mConsolidate compiler generated dependencies of target msg_srv_action_interface_example__rosidl_typesupport_introspection_cpp[0m
[1.152s] [ 38%] [32mBuilding CXX object CMakeFiles/msg_srv_action_interface_example__rosidl_typesupport_introspection_cpp.dir/rosidl_typesupport_introspection_cpp/msg_srv_action_interface_example/action/detail/turtle_start__type_support.cpp.o[0m
[1.171s] [35m[1mConsolidate compiler generated dependencies of target msg_srv_action_interface_example__rosidl_typesupport_fastrtps_cpp[0m
[1.179s] [ 41%] [32mBuilding CXX object CMakeFiles/msg_srv_action_interface_example__rosidl_typesupport_fastrtps_cpp.dir/rosidl_typesupport_fastrtps_cpp/msg_srv_action_interface_example/action/detail/dds_fastrtps/turtle_start__type_support.cpp.o[0m
[1.281s] [35m[1mConsolidate compiler generated dependencies of target msg_srv_action_interface_example__rosidl_typesupport_c[0m
[1.288s] [ 45%] [32mBuilding CXX object CMakeFiles/msg_srv_action_interface_example__rosidl_typesupport_c.dir/rosidl_typesupport_c/msg_srv_action_interface_example/action/turtle_start__type_support.cpp.o[0m
[1.323s] [ 48%] [32m[1mLinking CXX shared library libmsg_srv_action_interface_example__rosidl_typesupport_c.so[0m
[1.336s] [35m[1mConsolidate compiler generated dependencies of target msg_srv_action_interface_example__rosidl_typesupport_introspection_c[0m
[1.342s] [ 51%] [32mBuilding C object CMakeFiles/msg_srv_action_interface_example__rosidl_typesupport_introspection_c.dir/rosidl_typesupport_introspection_c/msg_srv_action_interface_example/action/detail/turtle_start__type_support.c.o[0m
[1.346s] [35m[1mConsolidate compiler generated dependencies of target msg_srv_action_interface_example__rosidl_typesupport_fastrtps_c[0m
[1.350s] [ 51%] Built target msg_srv_action_interface_example__rosidl_typesupport_c
[1.353s] [ 54%] [32mBuilding CXX object CMakeFiles/msg_srv_action_interface_example__rosidl_typesupport_fastrtps_c.dir/rosidl_typesupport_fastrtps_c/msg_srv_action_interface_example/action/detail/turtle_start__type_support_c.cpp.o[0m
[1.373s] [ 58%] [32m[1mLinking C shared library libmsg_srv_action_interface_example__rosidl_typesupport_introspection_c.so[0m
[1.390s] [ 58%] Built target msg_srv_action_interface_example__rosidl_typesupport_introspection_c
[1.472s] [ 61%] [32m[1mLinking CXX shared library libmsg_srv_action_interface_example__rosidl_typesupport_cpp.so[0m
[1.495s] [ 61%] Built target msg_srv_action_interface_example__rosidl_typesupport_cpp
[1.518s] [ 64%] [32m[1mLinking CXX shared library libmsg_srv_action_interface_example__rosidl_typesupport_fastrtps_cpp.so[0m
[1.525s] [ 67%] [32m[1mLinking CXX shared library libmsg_srv_action_interface_example__rosidl_typesupport_introspection_cpp.so[0m
[1.561s] [ 67%] Built target msg_srv_action_interface_example__rosidl_typesupport_fastrtps_cpp
[1.566s] [ 67%] Built target msg_srv_action_interface_example__rosidl_typesupport_introspection_cpp
[1.578s] [ 70%] [32m[1mLinking CXX shared library libmsg_srv_action_interface_example__rosidl_typesupport_fastrtps_c.so[0m
[1.617s] [ 70%] Built target msg_srv_action_interface_example__rosidl_typesupport_fastrtps_c
[1.626s] [ 70%] Built target msg_srv_action_interface_example
[1.637s] [ 74%] [34m[1mGenerating Python code for ROS interfaces[0m
[2.104s] [ 74%] Built target msg_srv_action_interface_example__py
[2.108s] [35m[1mConsolidate compiler generated dependencies of target msg_srv_action_interface_example__rosidl_generator_py[0m
[2.115s] [ 77%] [32mBuilding C object CMakeFiles/msg_srv_action_interface_example__rosidl_generator_py.dir/rosidl_generator_py/msg_srv_action_interface_example/action/_turtle_start_s.c.o[0m
[2.221s] [ 80%] [32m[1mLinking C shared library rosidl_generator_py/msg_srv_action_interface_example/libmsg_srv_action_interface_example__rosidl_generator_py.so[0m
[2.244s] [ 80%] Built target msg_srv_action_interface_example__rosidl_generator_py
[2.249s] [35m[1mConsolidate compiler generated dependencies of target msg_srv_action_interface_example__rosidl_typesupport_fastrtps_c__pyext[0m
[2.249s] [35m[1mConsolidate compiler generated dependencies of target msg_srv_action_interface_example__rosidl_typesupport_introspection_c__pyext[0m
[2.249s] [35m[1mConsolidate compiler generated dependencies of target msg_srv_action_interface_example__rosidl_typesupport_c__pyext[0m
[2.256s] [ 90%] [32mBuilding C object CMakeFiles/msg_srv_action_interface_example__rosidl_typesupport_fastrtps_c__pyext.dir/rosidl_generator_py/msg_srv_action_interface_example/_msg_srv_action_interface_example_s.ep.rosidl_typesupport_fastrtps_c.c.o[0m
[2.256s] [ 90%] [32mBuilding C object CMakeFiles/msg_srv_action_interface_example__rosidl_typesupport_introspection_c__pyext.dir/rosidl_generator_py/msg_srv_action_interface_example/_msg_srv_action_interface_example_s.ep.rosidl_typesupport_introspection_c.c.o[0m
[2.256s] [ 90%] [32mBuilding C object CMakeFiles/msg_srv_action_interface_example__rosidl_typesupport_c__pyext.dir/rosidl_generator_py/msg_srv_action_interface_example/_msg_srv_action_interface_example_s.ep.rosidl_typesupport_c.c.o[0m
[2.325s] [100%] [32m[1mLinking C shared library rosidl_generator_py/msg_srv_action_interface_example/msg_srv_action_interface_example_s__rosidl_typesupport_introspection_c.cpython-310-x86_64-linux-gnu.so[0m
[2.325s] [100%] [32m[1mLinking C shared library rosidl_generator_py/msg_srv_action_interface_example/msg_srv_action_interface_example_s__rosidl_typesupport_c.cpython-310-x86_64-linux-gnu.so[0m
[2.326s] [100%] [32m[1mLinking C shared library rosidl_generator_py/msg_srv_action_interface_example/msg_srv_action_interface_example_s__rosidl_typesupport_fastrtps_c.cpython-310-x86_64-linux-gnu.so[0m
[2.348s] [100%] Built target msg_srv_action_interface_example__rosidl_typesupport_c__pyext
[2.348s] [100%] Built target msg_srv_action_interface_example__rosidl_typesupport_fastrtps_c__pyext
[2.348s] [100%] Built target msg_srv_action_interface_example__rosidl_typesupport_introspection_c__pyext
[2.354s] Invoked command in '/home/daeho/practice_ws/build/msg_srv_action_interface_example' returned '0': CMAKE_PREFIX_PATH=${CMAKE_PREFIX_PATH}:/home/daeho/practice_ws/install/flody_test_suite:/opt/ros/humble /usr/bin/cmake --build /home/daeho/practice_ws/build/msg_srv_action_interface_example -- -j16 -l16
[2.382s] Invoking command in '/home/daeho/practice_ws/build/msg_srv_action_interface_example': CMAKE_PREFIX_PATH=${CMAKE_PREFIX_PATH}:/home/daeho/practice_ws/install/flody_test_suite:/opt/ros/humble /usr/bin/cmake --install /home/daeho/practice_ws/build/msg_srv_action_interface_example
[2.386s] -- Install configuration: ""
[2.386s] -- Execute custom install script
[2.386s] -- Up-to-date symlink: /home/daeho/practice_ws/install/msg_srv_action_interface_example/share/ament_index/resource_index/rosidl_interfaces/msg_srv_action_interface_example
[2.386s] -- Up-to-date symlink: /home/daeho/practice_ws/install/msg_srv_action_interface_example/include/msg_srv_action_interface_example/msg_srv_action_interface_example/action/detail/turtle_start__functions.h
[2.387s] -- Up-to-date symlink: /home/daeho/practice_ws/install/msg_srv_action_interface_example/include/msg_srv_action_interface_example/msg_srv_action_interface_example/action/detail/turtle_start__struct.h
[2.387s] -- Up-to-date symlink: /home/daeho/practice_ws/install/msg_srv_action_interface_example/include/msg_srv_action_interface_example/msg_srv_action_interface_example/action/detail/turtle_start__type_support.h
[2.387s] -- Up-to-date symlink: /home/daeho/practice_ws/install/msg_srv_action_interface_example/include/msg_srv_action_interface_example/msg_srv_action_interface_example/action/turtle_start.h
[2.387s] -- Up-to-date symlink: /home/daeho/practice_ws/install/msg_srv_action_interface_example/include/msg_srv_action_interface_example/msg_srv_action_interface_example/msg/rosidl_generator_c__visibility_control.h
[2.387s] -- Up-to-date symlink: /home/daeho/practice_ws/install/msg_srv_action_interface_example/share/msg_srv_action_interface_example/environment/library_path.sh
[2.387s] -- Up-to-date symlink: /home/daeho/practice_ws/install/msg_srv_action_interface_example/share/msg_srv_action_interface_example/environment/library_path.dsv
[2.387s] -- Up-to-date symlink: /home/daeho/practice_ws/install/msg_srv_action_interface_example/include/msg_srv_action_interface_example/msg_srv_action_interface_example/action/detail/turtle_start__rosidl_typesupport_fastrtps_c.h
[2.387s] -- Up-to-date symlink: /home/daeho/practice_ws/install/msg_srv_action_interface_example/include/msg_srv_action_interface_example/msg_srv_action_interface_example/msg/rosidl_typesupport_fastrtps_c__visibility_control.h
[2.387s] -- Up-to-date symlink: /home/daeho/practice_ws/install/msg_srv_action_interface_example/include/msg_srv_action_interface_example/msg_srv_action_interface_example/action/detail/turtle_start__builder.hpp
[2.388s] -- Up-to-date symlink: /home/daeho/practice_ws/install/msg_srv_action_interface_example/include/msg_srv_action_interface_example/msg_srv_action_interface_example/action/detail/turtle_start__struct.hpp
[2.388s] -- Up-to-date symlink: /home/daeho/practice_ws/install/msg_srv_action_interface_example/include/msg_srv_action_interface_example/msg_srv_action_interface_example/action/detail/turtle_start__traits.hpp
[2.388s] -- Up-to-date symlink: /home/daeho/practice_ws/install/msg_srv_action_interface_example/include/msg_srv_action_interface_example/msg_srv_action_interface_example/action/turtle_start.hpp
[2.388s] -- Up-to-date symlink: /home/daeho/practice_ws/install/msg_srv_action_interface_example/include/msg_srv_action_interface_example/msg_srv_action_interface_example/action/detail/turtle_start__rosidl_typesupport_fastrtps_cpp.hpp
[2.388s] -- Up-to-date symlink: /home/daeho/practice_ws/install/msg_srv_action_interface_example/include/msg_srv_action_interface_example/msg_srv_action_interface_example/msg/rosidl_typesupport_fastrtps_cpp__visibility_control.h
[2.388s] -- Up-to-date symlink: /home/daeho/practice_ws/install/msg_srv_action_interface_example/include/msg_srv_action_interface_example/msg_srv_action_interface_example/action/detail/turtle_start__rosidl_typesupport_introspection_c.h
[2.388s] -- Up-to-date symlink: /home/daeho/practice_ws/install/msg_srv_action_interface_example/include/msg_srv_action_interface_example/msg_srv_action_interface_example/msg/rosidl_typesupport_introspection_c__visibility_control.h
[2.388s] -- Up-to-date symlink: /home/daeho/practice_ws/install/msg_srv_action_interface_example/include/msg_srv_action_interface_example/msg_srv_action_interface_example/action/detail/turtle_start__rosidl_typesupport_introspection_cpp.hpp
[2.388s] -- Up-to-date symlink: /home/daeho/practice_ws/install/msg_srv_action_interface_example/share/msg_srv_action_interface_example/environment/pythonpath.sh
[2.388s] -- Up-to-date symlink: /home/daeho/practice_ws/install/msg_srv_action_interface_example/share/msg_srv_action_interface_example/environment/pythonpath.dsv
[2.389s] -- Up-to-date symlink: /home/daeho/practice_ws/install/msg_srv_action_interface_example/local/lib/python3.10/dist-packages/msg_srv_action_interface_example-0.0.0-py3.10.egg-info/PKG-INFO
[2.389s] -- Up-to-date symlink: /home/daeho/practice_ws/install/msg_srv_action_interface_example/local/lib/python3.10/dist-packages/msg_srv_action_interface_example-0.0.0-py3.10.egg-info/SOURCES.txt
[2.389s] -- Up-to-date symlink: /home/daeho/practice_ws/install/msg_srv_action_interface_example/local/lib/python3.10/dist-packages/msg_srv_action_interface_example-0.0.0-py3.10.egg-info/dependency_links.txt
[2.389s] -- Up-to-date symlink: /home/daeho/practice_ws/install/msg_srv_action_interface_example/local/lib/python3.10/dist-packages/msg_srv_action_interface_example-0.0.0-py3.10.egg-info/top_level.txt
[2.389s] -- Up-to-date symlink: /home/daeho/practice_ws/install/msg_srv_action_interface_example/local/lib/python3.10/dist-packages/msg_srv_action_interface_example/__init__.py
[2.389s] -- Up-to-date symlink: /home/daeho/practice_ws/install/msg_srv_action_interface_example/local/lib/python3.10/dist-packages/msg_srv_action_interface_example/_msg_srv_action_interface_example_s.ep.rosidl_typesupport_c.c
[2.389s] -- Up-to-date symlink: /home/daeho/practice_ws/install/msg_srv_action_interface_example/local/lib/python3.10/dist-packages/msg_srv_action_interface_example/_msg_srv_action_interface_example_s.ep.rosidl_typesupport_fastrtps_c.c
[2.389s] -- Up-to-date symlink: /home/daeho/practice_ws/install/msg_srv_action_interface_example/local/lib/python3.10/dist-packages/msg_srv_action_interface_example/_msg_srv_action_interface_example_s.ep.rosidl_typesupport_introspection_c.c
[2.389s] -- Up-to-date symlink: /home/daeho/practice_ws/install/msg_srv_action_interface_example/local/lib/python3.10/dist-packages/msg_srv_action_interface_example/action/__init__.py
[2.389s] -- Up-to-date symlink: /home/daeho/practice_ws/install/msg_srv_action_interface_example/local/lib/python3.10/dist-packages/msg_srv_action_interface_example/action/_turtle_start.py
[2.389s] -- Up-to-date symlink: /home/daeho/practice_ws/install/msg_srv_action_interface_example/local/lib/python3.10/dist-packages/msg_srv_action_interface_example/action/_turtle_start_s.c
[2.389s] -- Up-to-date symlink: /home/daeho/practice_ws/install/msg_srv_action_interface_example/local/lib/python3.10/dist-packages/msg_srv_action_interface_example/libmsg_srv_action_interface_example__rosidl_generator_py.so
[2.389s] -- Up-to-date symlink: /home/daeho/practice_ws/install/msg_srv_action_interface_example/local/lib/python3.10/dist-packages/msg_srv_action_interface_example/msg_srv_action_interface_example_s__rosidl_typesupport_c.cpython-310-x86_64-linux-gnu.so
[2.389s] -- Up-to-date symlink: /home/daeho/practice_ws/install/msg_srv_action_interface_example/local/lib/python3.10/dist-packages/msg_srv_action_interface_example/msg_srv_action_interface_example_s__rosidl_typesupport_fastrtps_c.cpython-310-x86_64-linux-gnu.so
[2.389s] -- Up-to-date symlink: /home/daeho/practice_ws/install/msg_srv_action_interface_example/local/lib/python3.10/dist-packages/msg_srv_action_interface_example/msg_srv_action_interface_example_s__rosidl_typesupport_introspection_c.cpython-310-x86_64-linux-gnu.so
[2.390s] -- Up-to-date symlink: /home/daeho/practice_ws/install/msg_srv_action_interface_example/local/lib/python3.10/dist-packages/msg_srv_action_interface_example/msg_srv_action_interface_example_s__rosidl_typesupport_fastrtps_c.cpython-310-x86_64-linux-gnu.so
[2.390s] -- Up-to-date symlink: /home/daeho/practice_ws/install/msg_srv_action_interface_example/local/lib/python3.10/dist-packages/msg_srv_action_interface_example/msg_srv_action_interface_example_s__rosidl_typesupport_introspection_c.cpython-310-x86_64-linux-gnu.so
[2.390s] -- Up-to-date symlink: /home/daeho/practice_ws/install/msg_srv_action_interface_example/local/lib/python3.10/dist-packages/msg_srv_action_interface_example/msg_srv_action_interface_example_s__rosidl_typesupport_c.cpython-310-x86_64-linux-gnu.so
[2.390s] -- Up-to-date symlink: /home/daeho/practice_ws/install/msg_srv_action_interface_example/share/msg_srv_action_interface_example/action/TurtleStart.idl
[2.390s] -- Up-to-date symlink: /home/daeho/practice_ws/install/msg_srv_action_interface_example/share/msg_srv_action_interface_example/action/TurtleStart.action
[2.390s] -- Up-to-date symlink: /home/daeho/practice_ws/install/msg_srv_action_interface_example/share/ament_index/resource_index/package_run_dependencies/msg_srv_action_interface_example
[2.390s] -- Up-to-date symlink: /home/daeho/practice_ws/install/msg_srv_action_interface_example/share/ament_index/resource_index/parent_prefix_path/msg_srv_action_interface_example
[2.390s] -- Up-to-date symlink: /home/daeho/practice_ws/install/msg_srv_action_interface_example/share/msg_srv_action_interface_example/environment/ament_prefix_path.sh
[2.390s] -- Up-to-date symlink: /home/daeho/practice_ws/install/msg_srv_action_interface_example/share/msg_srv_action_interface_example/environment/ament_prefix_path.dsv
[2.390s] -- Up-to-date symlink: /home/daeho/practice_ws/install/msg_srv_action_interface_example/share/msg_srv_action_interface_example/environment/path.sh
[2.391s] -- Up-to-date symlink: /home/daeho/practice_ws/install/msg_srv_action_interface_example/share/msg_srv_action_interface_example/environment/path.dsv
[2.391s] -- Up-to-date symlink: /home/daeho/practice_ws/install/msg_srv_action_interface_example/share/msg_srv_action_interface_example/local_setup.bash
[2.391s] -- Up-to-date symlink: /home/daeho/practice_ws/install/msg_srv_action_interface_example/share/msg_srv_action_interface_example/local_setup.sh
[2.391s] -- Up-to-date symlink: /home/daeho/practice_ws/install/msg_srv_action_interface_example/share/msg_srv_action_interface_example/local_setup.zsh
[2.391s] -- Up-to-date symlink: /home/daeho/practice_ws/install/msg_srv_action_interface_example/share/msg_srv_action_interface_example/local_setup.dsv
[2.391s] -- Symlinking: /home/daeho/practice_ws/install/msg_srv_action_interface_example/share/msg_srv_action_interface_example/package.dsv
[2.395s] -- Up-to-date symlink: /home/daeho/practice_ws/install/msg_srv_action_interface_example/share/ament_index/resource_index/packages/msg_srv_action_interface_example
[2.395s] -- Up-to-date symlink: /home/daeho/practice_ws/install/msg_srv_action_interface_example/share/msg_srv_action_interface_example/cmake/rosidl_cmake-extras.cmake
[2.395s] -- Up-to-date symlink: /home/daeho/practice_ws/install/msg_srv_action_interface_example/share/msg_srv_action_interface_example/cmake/ament_cmake_export_dependencies-extras.cmake
[2.395s] -- Up-to-date symlink: /home/daeho/practice_ws/install/msg_srv_action_interface_example/share/msg_srv_action_interface_example/cmake/ament_cmake_export_include_directories-extras.cmake
[2.395s] -- Up-to-date symlink: /home/daeho/practice_ws/install/msg_srv_action_interface_example/share/msg_srv_action_interface_example/cmake/ament_cmake_export_libraries-extras.cmake
[2.395s] -- Up-to-date symlink: /home/daeho/practice_ws/install/msg_srv_action_interface_example/share/msg_srv_action_interface_example/cmake/ament_cmake_export_targets-extras.cmake
[2.395s] -- Up-to-date symlink: /home/daeho/practice_ws/install/msg_srv_action_interface_example/share/msg_srv_action_interface_example/cmake/rosidl_cmake_export_typesupport_targets-extras.cmake
[2.395s] -- Up-to-date symlink: /home/daeho/practice_ws/install/msg_srv_action_interface_example/share/msg_srv_action_interface_example/cmake/rosidl_cmake_export_typesupport_libraries-extras.cmake
[2.395s] -- Up-to-date symlink: /home/daeho/practice_ws/install/msg_srv_action_interface_example/share/msg_srv_action_interface_example/cmake/msg_srv_action_interface_exampleConfig.cmake
[2.396s] -- Up-to-date symlink: /home/daeho/practice_ws/install/msg_srv_action_interface_example/share/msg_srv_action_interface_example/cmake/msg_srv_action_interface_exampleConfig-version.cmake
[2.396s] -- Up-to-date symlink: /home/daeho/practice_ws/install/msg_srv_action_interface_example/share/msg_srv_action_interface_example/package.xml
[2.396s] -- Installing: /home/daeho/practice_ws/install/msg_srv_action_interface_example/lib/libmsg_srv_action_interface_example__rosidl_generator_c.so
[2.396s] -- Set runtime path of "/home/daeho/practice_ws/install/msg_srv_action_interface_example/lib/libmsg_srv_action_interface_example__rosidl_generator_c.so" to ""
[2.396s] -- Installing: /home/daeho/practice_ws/install/msg_srv_action_interface_example/lib/libmsg_srv_action_interface_example__rosidl_typesupport_fastrtps_c.so
[2.396s] -- Set runtime path of "/home/daeho/practice_ws/install/msg_srv_action_interface_example/lib/libmsg_srv_action_interface_example__rosidl_typesupport_fastrtps_c.so" to ""
[2.396s] -- Installing: /home/daeho/practice_ws/install/msg_srv_action_interface_example/lib/libmsg_srv_action_interface_example__rosidl_typesupport_fastrtps_cpp.so
[2.397s] -- Set runtime path of "/home/daeho/practice_ws/install/msg_srv_action_interface_example/lib/libmsg_srv_action_interface_example__rosidl_typesupport_fastrtps_cpp.so" to ""
[2.397s] -- Installing: /home/daeho/practice_ws/install/msg_srv_action_interface_example/lib/libmsg_srv_action_interface_example__rosidl_typesupport_introspection_c.so
[2.397s] -- Set runtime path of "/home/daeho/practice_ws/install/msg_srv_action_interface_example/lib/libmsg_srv_action_interface_example__rosidl_typesupport_introspection_c.so" to ""
[2.397s] -- Installing: /home/daeho/practice_ws/install/msg_srv_action_interface_example/lib/libmsg_srv_action_interface_example__rosidl_typesupport_c.so
[2.397s] -- Set runtime path of "/home/daeho/practice_ws/install/msg_srv_action_interface_example/lib/libmsg_srv_action_interface_example__rosidl_typesupport_c.so" to ""
[2.397s] -- Installing: /home/daeho/practice_ws/install/msg_srv_action_interface_example/lib/libmsg_srv_action_interface_example__rosidl_typesupport_introspection_cpp.so
[2.397s] -- Set runtime path of "/home/daeho/practice_ws/install/msg_srv_action_interface_example/lib/libmsg_srv_action_interface_example__rosidl_typesupport_introspection_cpp.so" to ""
[2.397s] -- Installing: /home/daeho/practice_ws/install/msg_srv_action_interface_example/lib/libmsg_srv_action_interface_example__rosidl_typesupport_cpp.so
[2.397s] -- Set runtime path of "/home/daeho/practice_ws/install/msg_srv_action_interface_example/lib/libmsg_srv_action_interface_example__rosidl_typesupport_cpp.so" to ""
[2.421s] Listing '/home/daeho/practice_ws/install/msg_srv_action_interface_example/local/lib/python3.10/dist-packages/msg_srv_action_interface_example'...
[2.421s] Compiling '/home/daeho/practice_ws/install/msg_srv_action_interface_example/local/lib/python3.10/dist-packages/msg_srv_action_interface_example/__init__.py'...
[2.421s] Listing '/home/daeho/practice_ws/install/msg_srv_action_interface_example/local/lib/python3.10/dist-packages/msg_srv_action_interface_example/action'...
[2.421s] Compiling '/home/daeho/practice_ws/install/msg_srv_action_interface_example/local/lib/python3.10/dist-packages/msg_srv_action_interface_example/action/__init__.py'...
[2.421s] Compiling '/home/daeho/practice_ws/install/msg_srv_action_interface_example/local/lib/python3.10/dist-packages/msg_srv_action_interface_example/action/_turtle_start.py'...
[2.423s] -- Installing: /home/daeho/practice_ws/install/msg_srv_action_interface_example/lib/libmsg_srv_action_interface_example__rosidl_generator_py.so
[2.423s] -- Set runtime path of "/home/daeho/practice_ws/install/msg_srv_action_interface_example/lib/libmsg_srv_action_interface_example__rosidl_generator_py.so" to ""
[2.424s] -- Up-to-date: /home/daeho/practice_ws/install/msg_srv_action_interface_example/share/msg_srv_action_interface_example/cmake/export_msg_srv_action_interface_example__rosidl_generator_cExport.cmake
[2.424s] -- Up-to-date: /home/daeho/practice_ws/install/msg_srv_action_interface_example/share/msg_srv_action_interface_example/cmake/export_msg_srv_action_interface_example__rosidl_generator_cExport-noconfig.cmake
[2.424s] -- Up-to-date: /home/daeho/practice_ws/install/msg_srv_action_interface_example/share/msg_srv_action_interface_example/cmake/export_msg_srv_action_interface_example__rosidl_typesupport_fastrtps_cExport.cmake
[2.424s] -- Up-to-date: /home/daeho/practice_ws/install/msg_srv_action_interface_example/share/msg_srv_action_interface_example/cmake/export_msg_srv_action_interface_example__rosidl_typesupport_fastrtps_cExport-noconfig.cmake
[2.424s] -- Up-to-date: /home/daeho/practice_ws/install/msg_srv_action_interface_example/share/msg_srv_action_interface_example/cmake/export_msg_srv_action_interface_example__rosidl_generator_cppExport.cmake
[2.424s] -- Up-to-date: /home/daeho/practice_ws/install/msg_srv_action_interface_example/share/msg_srv_action_interface_example/cmake/export_msg_srv_action_interface_example__rosidl_typesupport_fastrtps_cppExport.cmake
[2.424s] -- Up-to-date: /home/daeho/practice_ws/install/msg_srv_action_interface_example/share/msg_srv_action_interface_example/cmake/export_msg_srv_action_interface_example__rosidl_typesupport_fastrtps_cppExport-noconfig.cmake
[2.424s] -- Up-to-date: /home/daeho/practice_ws/install/msg_srv_action_interface_example/share/msg_srv_action_interface_example/cmake/msg_srv_action_interface_example__rosidl_typesupport_introspection_cExport.cmake
[2.424s] -- Up-to-date: /home/daeho/practice_ws/install/msg_srv_action_interface_example/share/msg_srv_action_interface_example/cmake/msg_srv_action_interface_example__rosidl_typesupport_introspection_cExport-noconfig.cmake
[2.424s] -- Up-to-date: /home/daeho/practice_ws/install/msg_srv_action_interface_example/share/msg_srv_action_interface_example/cmake/msg_srv_action_interface_example__rosidl_typesupport_cExport.cmake
[2.424s] -- Up-to-date: /home/daeho/practice_ws/install/msg_srv_action_interface_example/share/msg_srv_action_interface_example/cmake/msg_srv_action_interface_example__rosidl_typesupport_cExport-noconfig.cmake
[2.424s] -- Up-to-date: /home/daeho/practice_ws/install/msg_srv_action_interface_example/share/msg_srv_action_interface_example/cmake/msg_srv_action_interface_example__rosidl_typesupport_introspection_cppExport.cmake
[2.424s] -- Up-to-date: /home/daeho/practice_ws/install/msg_srv_action_interface_example/share/msg_srv_action_interface_example/cmake/msg_srv_action_interface_example__rosidl_typesupport_introspection_cppExport-noconfig.cmake
[2.424s] -- Up-to-date: /home/daeho/practice_ws/install/msg_srv_action_interface_example/share/msg_srv_action_interface_example/cmake/msg_srv_action_interface_example__rosidl_typesupport_cppExport.cmake
[2.424s] -- Up-to-date: /home/daeho/practice_ws/install/msg_srv_action_interface_example/share/msg_srv_action_interface_example/cmake/msg_srv_action_interface_example__rosidl_typesupport_cppExport-noconfig.cmake
[2.425s] -- Up-to-date: /home/daeho/practice_ws/install/msg_srv_action_interface_example/share/msg_srv_action_interface_example/cmake/export_msg_srv_action_interface_example__rosidl_generator_pyExport.cmake
[2.425s] -- Up-to-date: /home/daeho/practice_ws/install/msg_srv_action_interface_example/share/msg_srv_action_interface_example/cmake/export_msg_srv_action_interface_example__rosidl_generator_pyExport-noconfig.cmake
[2.426s] Invoked command in '/home/daeho/practice_ws/build/msg_srv_action_interface_example' returned '0': CMAKE_PREFIX_PATH=${CMAKE_PREFIX_PATH}:/home/daeho/practice_ws/install/flody_test_suite:/opt/ros/humble /usr/bin/cmake --install /home/daeho/practice_ws/build/msg_srv_action_interface_example
