[0.007s] Invoking command in '/home/daeho/practice_ws/build/msg_srv_action_interface_example': CMAKE_PREFIX_PATH=${CMAKE_PREFIX_PATH}:/home/daeho/practice_ws/install/flody_test_suite:/opt/ros/humble /usr/bin/cmake --build /home/daeho/practice_ws/build/msg_srv_action_interface_example -- -j16 -l16
[0.020s] -- Found ament_cmake: 1.3.2 (/opt/ros/humble/share/ament_cmake/cmake)
[0.099s] -- Override CMake install command with custom implementation using symlinks instead of copying resources
[0.102s] -- Found builtin_interfaces: 1.2.0 (/opt/ros/humble/share/builtin_interfaces/cmake)
[0.116s] -- Found rosidl_generator_c: 3.1.3 (/opt/ros/humble/share/rosidl_generator_c/cmake)
[0.117s] -- Found rosidl_adapter: 3.1.3 (/opt/ros/humble/share/rosidl_adapter/cmake)
[0.120s] -- Found rosidl_generator_cpp: 3.1.3 (/opt/ros/humble/share/rosidl_generator_cpp/cmake)
[0.126s] -- Using all available rosidl_typesupport_c: rosidl_typesupport_fastrtps_c;rosidl_typesupport_introspection_c
[0.135s] -- Using all available rosidl_typesupport_cpp: rosidl_typesupport_fastrtps_cpp;rosidl_typesupport_introspection_cpp
[0.143s] -- Found rosidl_default_generators: 1.2.0 (/opt/ros/humble/share/rosidl_default_generators/cmake)
[0.325s] -- Found ament_cmake_ros: 0.10.0 (/opt/ros/humble/share/ament_cmake_ros/cmake)
[0.502s] -- Using all available rosidl_typesupport_c: rosidl_typesupport_fastrtps_c;rosidl_typesupport_introspection_c
[0.570s] -- Using all available rosidl_typesupport_cpp: rosidl_typesupport_fastrtps_cpp;rosidl_typesupport_introspection_cpp
[0.587s] -- Found python_cmake_module: 0.10.0 (/opt/ros/humble/share/python_cmake_module/cmake)
[0.600s] -- Using PYTHON_EXECUTABLE: /usr/bin/python3
[0.600s] -- Using PYTHON_INCLUDE_DIRS: /usr/include/python3.10
[0.600s] -- Using PYTHON_LIBRARIES: /usr/lib/x86_64-linux-gnu/libpython3.10.so
[0.612s] -- Found ament_lint_auto: 0.12.4 (/opt/ros/humble/share/ament_lint_auto/cmake)
[0.618s] -- Added test 'lint_cmake' to check CMake code style
[0.618s] -- Added test 'xmllint' to check XML markup files
[0.620s] -- Configuring done
[0.638s] -- Generating done
[0.640s] -- Build files have been written to: /home/daeho/practice_ws/build/msg_srv_action_interface_example
[0.654s] [  3%] [34m[1mGenerating C code for ROS interfaces[0m
[0.659s] [  6%] [34m[1mGenerating C++ code for ROS interfaces[0m
[0.663s] [  6%] Built target ament_cmake_python_symlink_msg_srv_action_interface_example
[0.817s] running egg_info
[0.818s] writing msg_srv_action_interface_example.egg-info/PKG-INFO
[0.818s] writing dependency_links to msg_srv_action_interface_example.egg-info/dependency_links.txt
[0.818s] writing top-level names to msg_srv_action_interface_example.egg-info/top_level.txt
[0.819s] reading manifest file 'msg_srv_action_interface_example.egg-info/SOURCES.txt'
[0.819s] writing manifest file 'msg_srv_action_interface_example.egg-info/SOURCES.txt'
[0.834s] [  6%] Built target ament_cmake_python_build_msg_srv_action_interface_example_egg
[0.914s] [35m[1mConsolidate compiler generated dependencies of target msg_srv_action_interface_example__rosidl_generator_c[0m
[0.915s] [  6%] Built target msg_srv_action_interface_example__cpp
[0.920s] [ 12%] [34m[1mGenerating C++ type support dispatch for ROS interfaces[0m
[0.920s] [ 12%] [32mBuilding C object CMakeFiles/msg_srv_action_interface_example__rosidl_generator_c.dir/rosidl_generator_c/msg_srv_action_interface_example/action/detail/turtle_start__functions.c.o[0m
[0.920s] [ 16%] [34m[1mGenerating C++ type support for eProsima Fast-RTPS[0m
[0.920s] [ 19%] [34m[1mGenerating C++ introspection for ROS interfaces[0m
[0.997s] [ 22%] [32m[1mLinking C shared library libmsg_srv_action_interface_example__rosidl_generator_c.so[0m
[1.017s] [ 22%] Built target msg_srv_action_interface_example__rosidl_generator_c
[1.022s] [ 29%] [34m[1mGenerating C introspection for ROS interfaces[0m
[1.022s] [ 29%] [34m[1mGenerating C type support for eProsima Fast-RTPS[0m
[1.022s] [ 32%] [34m[1mGenerating C type support dispatch for ROS interfaces[0m
[1.086s] [35m[1mConsolidate compiler generated dependencies of target msg_srv_action_interface_example__rosidl_typesupport_cpp[0m
[1.093s] [ 35%] [32mBuilding CXX object CMakeFiles/msg_srv_action_interface_example__rosidl_typesupport_cpp.dir/rosidl_typesupport_cpp/msg_srv_action_interface_example/action/turtle_start__type_support.cpp.o[0m
[1.119s] [35m[1mConsolidate compiler generated dependencies of target msg_srv_action_interface_example__rosidl_typesupport_introspection_cpp[0m
[1.126s] [ 38%] [32mBuilding CXX object CMakeFiles/msg_srv_action_interface_example__rosidl_typesupport_introspection_cpp.dir/rosidl_typesupport_introspection_cpp/msg_srv_action_interface_example/action/detail/turtle_start__type_support.cpp.o[0m
[1.153s] [35m[1mConsolidate compiler generated dependencies of target msg_srv_action_interface_example__rosidl_typesupport_fastrtps_cpp[0m
[1.161s] [ 41%] [32mBuilding CXX object CMakeFiles/msg_srv_action_interface_example__rosidl_typesupport_fastrtps_cpp.dir/rosidl_typesupport_fastrtps_cpp/msg_srv_action_interface_example/action/detail/dds_fastrtps/turtle_start__type_support.cpp.o[0m
[1.190s] [35m[1mConsolidate compiler generated dependencies of target msg_srv_action_interface_example__rosidl_typesupport_c[0m
[1.197s] [ 45%] [32mBuilding CXX object CMakeFiles/msg_srv_action_interface_example__rosidl_typesupport_c.dir/rosidl_typesupport_c/msg_srv_action_interface_example/action/turtle_start__type_support.cpp.o[0m
[1.225s] [ 48%] [32m[1mLinking CXX shared library libmsg_srv_action_interface_example__rosidl_typesupport_c.so[0m
[1.244s] [35m[1mConsolidate compiler generated dependencies of target msg_srv_action_interface_example__rosidl_typesupport_introspection_c[0m
[1.251s] [35m[1mConsolidate compiler generated dependencies of target msg_srv_action_interface_example__rosidl_typesupport_fastrtps_c[0m
[1.251s] [ 51%] [32mBuilding C object CMakeFiles/msg_srv_action_interface_example__rosidl_typesupport_introspection_c.dir/rosidl_typesupport_introspection_c/msg_srv_action_interface_example/action/detail/turtle_start__type_support.c.o[0m
[1.251s] [ 51%] Built target msg_srv_action_interface_example__rosidl_typesupport_c
[1.258s] [ 54%] [32mBuilding CXX object CMakeFiles/msg_srv_action_interface_example__rosidl_typesupport_fastrtps_c.dir/rosidl_typesupport_fastrtps_c/msg_srv_action_interface_example/action/detail/turtle_start__type_support_c.cpp.o[0m
[1.278s] [ 58%] [32m[1mLinking C shared library libmsg_srv_action_interface_example__rosidl_typesupport_introspection_c.so[0m
[1.295s] [ 58%] Built target msg_srv_action_interface_example__rosidl_typesupport_introspection_c
[1.364s] [ 61%] [32m[1mLinking CXX shared library libmsg_srv_action_interface_example__rosidl_typesupport_cpp.so[0m
[1.387s] [ 61%] Built target msg_srv_action_interface_example__rosidl_typesupport_cpp
[1.472s] [ 64%] [32m[1mLinking CXX shared library libmsg_srv_action_interface_example__rosidl_typesupport_introspection_cpp.so[0m
[1.482s] [ 67%] [32m[1mLinking CXX shared library libmsg_srv_action_interface_example__rosidl_typesupport_fastrtps_c.so[0m
[1.487s] [ 70%] [32m[1mLinking CXX shared library libmsg_srv_action_interface_example__rosidl_typesupport_fastrtps_cpp.so[0m
[1.516s] [ 70%] Built target msg_srv_action_interface_example__rosidl_typesupport_introspection_cpp
[1.526s] [ 70%] Built target msg_srv_action_interface_example__rosidl_typesupport_fastrtps_c
[1.530s] [ 70%] Built target msg_srv_action_interface_example__rosidl_typesupport_fastrtps_cpp
[1.539s] [ 70%] Built target msg_srv_action_interface_example
[1.549s] [ 74%] [34m[1mGenerating Python code for ROS interfaces[0m
[2.000s] [ 74%] Built target msg_srv_action_interface_example__py
[2.005s] [35m[1mConsolidate compiler generated dependencies of target msg_srv_action_interface_example__rosidl_generator_py[0m
[2.011s] [ 77%] [32mBuilding C object CMakeFiles/msg_srv_action_interface_example__rosidl_generator_py.dir/rosidl_generator_py/msg_srv_action_interface_example/action/_turtle_start_s.c.o[0m
[2.092s] [ 80%] [32m[1mLinking C shared library rosidl_generator_py/msg_srv_action_interface_example/libmsg_srv_action_interface_example__rosidl_generator_py.so[0m
[2.114s] [ 80%] Built target msg_srv_action_interface_example__rosidl_generator_py
[2.122s] [35m[1mConsolidate compiler generated dependencies of target msg_srv_action_interface_example__rosidl_typesupport_fastrtps_c__pyext[0m
[2.123s] [35m[1mConsolidate compiler generated dependencies of target msg_srv_action_interface_example__rosidl_typesupport_introspection_c__pyext[0m
[2.123s] [35m[1mConsolidate compiler generated dependencies of target msg_srv_action_interface_example__rosidl_typesupport_c__pyext[0m
[2.131s] [ 83%] [32mBuilding C object CMakeFiles/msg_srv_action_interface_example__rosidl_typesupport_fastrtps_c__pyext.dir/rosidl_generator_py/msg_srv_action_interface_example/_msg_srv_action_interface_example_s.ep.rosidl_typesupport_fastrtps_c.c.o[0m
[2.131s] [ 87%] [32mBuilding C object CMakeFiles/msg_srv_action_interface_example__rosidl_typesupport_c__pyext.dir/rosidl_generator_py/msg_srv_action_interface_example/_msg_srv_action_interface_example_s.ep.rosidl_typesupport_c.c.o[0m
[2.131s] [ 90%] [32mBuilding C object CMakeFiles/msg_srv_action_interface_example__rosidl_typesupport_introspection_c__pyext.dir/rosidl_generator_py/msg_srv_action_interface_example/_msg_srv_action_interface_example_s.ep.rosidl_typesupport_introspection_c.c.o[0m
[2.200s] [100%] [32m[1mLinking C shared library rosidl_generator_py/msg_srv_action_interface_example/msg_srv_action_interface_example_s__rosidl_typesupport_c.cpython-310-x86_64-linux-gnu.so[0m
[2.200s] [100%] [32m[1mLinking C shared library rosidl_generator_py/msg_srv_action_interface_example/msg_srv_action_interface_example_s__rosidl_typesupport_fastrtps_c.cpython-310-x86_64-linux-gnu.so[0m
[2.201s] [100%] [32m[1mLinking C shared library rosidl_generator_py/msg_srv_action_interface_example/msg_srv_action_interface_example_s__rosidl_typesupport_introspection_c.cpython-310-x86_64-linux-gnu.so[0m
[2.222s] [100%] Built target msg_srv_action_interface_example__rosidl_typesupport_introspection_c__pyext
[2.222s] [100%] Built target msg_srv_action_interface_example__rosidl_typesupport_c__pyext
[2.222s] [100%] Built target msg_srv_action_interface_example__rosidl_typesupport_fastrtps_c__pyext
[2.228s] Invoked command in '/home/daeho/practice_ws/build/msg_srv_action_interface_example' returned '0': CMAKE_PREFIX_PATH=${CMAKE_PREFIX_PATH}:/home/daeho/practice_ws/install/flody_test_suite:/opt/ros/humble /usr/bin/cmake --build /home/daeho/practice_ws/build/msg_srv_action_interface_example -- -j16 -l16
[2.258s] Invoking command in '/home/daeho/practice_ws/build/msg_srv_action_interface_example': CMAKE_PREFIX_PATH=${CMAKE_PREFIX_PATH}:/home/daeho/practice_ws/install/flody_test_suite:/opt/ros/humble /usr/bin/cmake --install /home/daeho/practice_ws/build/msg_srv_action_interface_example
[2.262s] -- Install configuration: ""
[2.262s] -- Execute custom install script
[2.262s] -- Up-to-date symlink: /home/daeho/practice_ws/install/msg_srv_action_interface_example/share/ament_index/resource_index/rosidl_interfaces/msg_srv_action_interface_example
[2.263s] -- Up-to-date symlink: /home/daeho/practice_ws/install/msg_srv_action_interface_example/include/msg_srv_action_interface_example/msg_srv_action_interface_example/action/detail/turtle_start__functions.h
[2.263s] -- Up-to-date symlink: /home/daeho/practice_ws/install/msg_srv_action_interface_example/include/msg_srv_action_interface_example/msg_srv_action_interface_example/action/detail/turtle_start__struct.h
[2.263s] -- Up-to-date symlink: /home/daeho/practice_ws/install/msg_srv_action_interface_example/include/msg_srv_action_interface_example/msg_srv_action_interface_example/action/detail/turtle_start__type_support.h
[2.263s] -- Up-to-date symlink: /home/daeho/practice_ws/install/msg_srv_action_interface_example/include/msg_srv_action_interface_example/msg_srv_action_interface_example/action/turtle_start.h
[2.263s] -- Up-to-date symlink: /home/daeho/practice_ws/install/msg_srv_action_interface_example/include/msg_srv_action_interface_example/msg_srv_action_interface_example/msg/rosidl_generator_c__visibility_control.h
[2.263s] -- Up-to-date symlink: /home/daeho/practice_ws/install/msg_srv_action_interface_example/share/msg_srv_action_interface_example/environment/library_path.sh
[2.263s] -- Up-to-date symlink: /home/daeho/practice_ws/install/msg_srv_action_interface_example/share/msg_srv_action_interface_example/environment/library_path.dsv
[2.263s] -- Up-to-date symlink: /home/daeho/practice_ws/install/msg_srv_action_interface_example/include/msg_srv_action_interface_example/msg_srv_action_interface_example/action/detail/turtle_start__rosidl_typesupport_fastrtps_c.h
[2.263s] -- Up-to-date symlink: /home/daeho/practice_ws/install/msg_srv_action_interface_example/include/msg_srv_action_interface_example/msg_srv_action_interface_example/msg/rosidl_typesupport_fastrtps_c__visibility_control.h
[2.264s] -- Up-to-date symlink: /home/daeho/practice_ws/install/msg_srv_action_interface_example/include/msg_srv_action_interface_example/msg_srv_action_interface_example/action/detail/turtle_start__builder.hpp
[2.264s] -- Up-to-date symlink: /home/daeho/practice_ws/install/msg_srv_action_interface_example/include/msg_srv_action_interface_example/msg_srv_action_interface_example/action/detail/turtle_start__struct.hpp
[2.264s] -- Up-to-date symlink: /home/daeho/practice_ws/install/msg_srv_action_interface_example/include/msg_srv_action_interface_example/msg_srv_action_interface_example/action/detail/turtle_start__traits.hpp
[2.264s] -- Up-to-date symlink: /home/daeho/practice_ws/install/msg_srv_action_interface_example/include/msg_srv_action_interface_example/msg_srv_action_interface_example/action/turtle_start.hpp
[2.264s] -- Up-to-date symlink: /home/daeho/practice_ws/install/msg_srv_action_interface_example/include/msg_srv_action_interface_example/msg_srv_action_interface_example/action/detail/turtle_start__rosidl_typesupport_fastrtps_cpp.hpp
[2.264s] -- Up-to-date symlink: /home/daeho/practice_ws/install/msg_srv_action_interface_example/include/msg_srv_action_interface_example/msg_srv_action_interface_example/msg/rosidl_typesupport_fastrtps_cpp__visibility_control.h
[2.264s] -- Up-to-date symlink: /home/daeho/practice_ws/install/msg_srv_action_interface_example/include/msg_srv_action_interface_example/msg_srv_action_interface_example/action/detail/turtle_start__rosidl_typesupport_introspection_c.h
[2.264s] -- Up-to-date symlink: /home/daeho/practice_ws/install/msg_srv_action_interface_example/include/msg_srv_action_interface_example/msg_srv_action_interface_example/msg/rosidl_typesupport_introspection_c__visibility_control.h
[2.264s] -- Up-to-date symlink: /home/daeho/practice_ws/install/msg_srv_action_interface_example/include/msg_srv_action_interface_example/msg_srv_action_interface_example/action/detail/turtle_start__rosidl_typesupport_introspection_cpp.hpp
[2.264s] -- Up-to-date symlink: /home/daeho/practice_ws/install/msg_srv_action_interface_example/share/msg_srv_action_interface_example/environment/pythonpath.sh
[2.264s] -- Up-to-date symlink: /home/daeho/practice_ws/install/msg_srv_action_interface_example/share/msg_srv_action_interface_example/environment/pythonpath.dsv
[2.265s] -- Up-to-date symlink: /home/daeho/practice_ws/install/msg_srv_action_interface_example/local/lib/python3.10/dist-packages/msg_srv_action_interface_example-0.0.0-py3.10.egg-info/PKG-INFO
[2.265s] -- Up-to-date symlink: /home/daeho/practice_ws/install/msg_srv_action_interface_example/local/lib/python3.10/dist-packages/msg_srv_action_interface_example-0.0.0-py3.10.egg-info/SOURCES.txt
[2.265s] -- Up-to-date symlink: /home/daeho/practice_ws/install/msg_srv_action_interface_example/local/lib/python3.10/dist-packages/msg_srv_action_interface_example-0.0.0-py3.10.egg-info/dependency_links.txt
[2.265s] -- Up-to-date symlink: /home/daeho/practice_ws/install/msg_srv_action_interface_example/local/lib/python3.10/dist-packages/msg_srv_action_interface_example-0.0.0-py3.10.egg-info/top_level.txt
[2.265s] -- Up-to-date symlink: /home/daeho/practice_ws/install/msg_srv_action_interface_example/local/lib/python3.10/dist-packages/msg_srv_action_interface_example/__init__.py
[2.265s] -- Up-to-date symlink: /home/daeho/practice_ws/install/msg_srv_action_interface_example/local/lib/python3.10/dist-packages/msg_srv_action_interface_example/_msg_srv_action_interface_example_s.ep.rosidl_typesupport_c.c
[2.265s] -- Up-to-date symlink: /home/daeho/practice_ws/install/msg_srv_action_interface_example/local/lib/python3.10/dist-packages/msg_srv_action_interface_example/_msg_srv_action_interface_example_s.ep.rosidl_typesupport_fastrtps_c.c
[2.265s] -- Up-to-date symlink: /home/daeho/practice_ws/install/msg_srv_action_interface_example/local/lib/python3.10/dist-packages/msg_srv_action_interface_example/_msg_srv_action_interface_example_s.ep.rosidl_typesupport_introspection_c.c
[2.265s] -- Up-to-date symlink: /home/daeho/practice_ws/install/msg_srv_action_interface_example/local/lib/python3.10/dist-packages/msg_srv_action_interface_example/action/__init__.py
[2.265s] -- Up-to-date symlink: /home/daeho/practice_ws/install/msg_srv_action_interface_example/local/lib/python3.10/dist-packages/msg_srv_action_interface_example/action/_turtle_start.py
[2.265s] -- Up-to-date symlink: /home/daeho/practice_ws/install/msg_srv_action_interface_example/local/lib/python3.10/dist-packages/msg_srv_action_interface_example/action/_turtle_start_s.c
[2.265s] -- Up-to-date symlink: /home/daeho/practice_ws/install/msg_srv_action_interface_example/local/lib/python3.10/dist-packages/msg_srv_action_interface_example/libmsg_srv_action_interface_example__rosidl_generator_py.so
[2.265s] -- Up-to-date symlink: /home/daeho/practice_ws/install/msg_srv_action_interface_example/local/lib/python3.10/dist-packages/msg_srv_action_interface_example/msg_srv_action_interface_example_s__rosidl_typesupport_c.cpython-310-x86_64-linux-gnu.so
[2.266s] -- Up-to-date symlink: /home/daeho/practice_ws/install/msg_srv_action_interface_example/local/lib/python3.10/dist-packages/msg_srv_action_interface_example/msg_srv_action_interface_example_s__rosidl_typesupport_fastrtps_c.cpython-310-x86_64-linux-gnu.so
[2.266s] -- Up-to-date symlink: /home/daeho/practice_ws/install/msg_srv_action_interface_example/local/lib/python3.10/dist-packages/msg_srv_action_interface_example/msg_srv_action_interface_example_s__rosidl_typesupport_introspection_c.cpython-310-x86_64-linux-gnu.so
[2.266s] -- Up-to-date symlink: /home/daeho/practice_ws/install/msg_srv_action_interface_example/local/lib/python3.10/dist-packages/msg_srv_action_interface_example/msg_srv_action_interface_example_s__rosidl_typesupport_fastrtps_c.cpython-310-x86_64-linux-gnu.so
[2.266s] -- Up-to-date symlink: /home/daeho/practice_ws/install/msg_srv_action_interface_example/local/lib/python3.10/dist-packages/msg_srv_action_interface_example/msg_srv_action_interface_example_s__rosidl_typesupport_introspection_c.cpython-310-x86_64-linux-gnu.so
[2.266s] -- Up-to-date symlink: /home/daeho/practice_ws/install/msg_srv_action_interface_example/local/lib/python3.10/dist-packages/msg_srv_action_interface_example/msg_srv_action_interface_example_s__rosidl_typesupport_c.cpython-310-x86_64-linux-gnu.so
[2.266s] -- Up-to-date symlink: /home/daeho/practice_ws/install/msg_srv_action_interface_example/share/msg_srv_action_interface_example/action/TurtleStart.idl
[2.266s] -- Up-to-date symlink: /home/daeho/practice_ws/install/msg_srv_action_interface_example/share/msg_srv_action_interface_example/action/TurtleStart.action
[2.266s] -- Up-to-date symlink: /home/daeho/practice_ws/install/msg_srv_action_interface_example/share/ament_index/resource_index/package_run_dependencies/msg_srv_action_interface_example
[2.266s] -- Up-to-date symlink: /home/daeho/practice_ws/install/msg_srv_action_interface_example/share/ament_index/resource_index/parent_prefix_path/msg_srv_action_interface_example
[2.266s] -- Up-to-date symlink: /home/daeho/practice_ws/install/msg_srv_action_interface_example/share/msg_srv_action_interface_example/environment/ament_prefix_path.sh
[2.266s] -- Up-to-date symlink: /home/daeho/practice_ws/install/msg_srv_action_interface_example/share/msg_srv_action_interface_example/environment/ament_prefix_path.dsv
[2.266s] -- Up-to-date symlink: /home/daeho/practice_ws/install/msg_srv_action_interface_example/share/msg_srv_action_interface_example/environment/path.sh
[2.267s] -- Up-to-date symlink: /home/daeho/practice_ws/install/msg_srv_action_interface_example/share/msg_srv_action_interface_example/environment/path.dsv
[2.267s] -- Up-to-date symlink: /home/daeho/practice_ws/install/msg_srv_action_interface_example/share/msg_srv_action_interface_example/local_setup.bash
[2.267s] -- Up-to-date symlink: /home/daeho/practice_ws/install/msg_srv_action_interface_example/share/msg_srv_action_interface_example/local_setup.sh
[2.267s] -- Up-to-date symlink: /home/daeho/practice_ws/install/msg_srv_action_interface_example/share/msg_srv_action_interface_example/local_setup.zsh
[2.267s] -- Up-to-date symlink: /home/daeho/practice_ws/install/msg_srv_action_interface_example/share/msg_srv_action_interface_example/local_setup.dsv
[2.267s] -- Symlinking: /home/daeho/practice_ws/install/msg_srv_action_interface_example/share/msg_srv_action_interface_example/package.dsv
[2.271s] -- Up-to-date symlink: /home/daeho/practice_ws/install/msg_srv_action_interface_example/share/ament_index/resource_index/packages/msg_srv_action_interface_example
[2.271s] -- Up-to-date symlink: /home/daeho/practice_ws/install/msg_srv_action_interface_example/share/msg_srv_action_interface_example/cmake/rosidl_cmake-extras.cmake
[2.271s] -- Up-to-date symlink: /home/daeho/practice_ws/install/msg_srv_action_interface_example/share/msg_srv_action_interface_example/cmake/ament_cmake_export_dependencies-extras.cmake
[2.271s] -- Up-to-date symlink: /home/daeho/practice_ws/install/msg_srv_action_interface_example/share/msg_srv_action_interface_example/cmake/ament_cmake_export_include_directories-extras.cmake
[2.271s] -- Up-to-date symlink: /home/daeho/practice_ws/install/msg_srv_action_interface_example/share/msg_srv_action_interface_example/cmake/ament_cmake_export_libraries-extras.cmake
[2.272s] -- Up-to-date symlink: /home/daeho/practice_ws/install/msg_srv_action_interface_example/share/msg_srv_action_interface_example/cmake/ament_cmake_export_targets-extras.cmake
[2.272s] -- Up-to-date symlink: /home/daeho/practice_ws/install/msg_srv_action_interface_example/share/msg_srv_action_interface_example/cmake/rosidl_cmake_export_typesupport_targets-extras.cmake
[2.272s] -- Up-to-date symlink: /home/daeho/practice_ws/install/msg_srv_action_interface_example/share/msg_srv_action_interface_example/cmake/rosidl_cmake_export_typesupport_libraries-extras.cmake
[2.272s] -- Up-to-date symlink: /home/daeho/practice_ws/install/msg_srv_action_interface_example/share/msg_srv_action_interface_example/cmake/msg_srv_action_interface_exampleConfig.cmake
[2.272s] -- Up-to-date symlink: /home/daeho/practice_ws/install/msg_srv_action_interface_example/share/msg_srv_action_interface_example/cmake/msg_srv_action_interface_exampleConfig-version.cmake
[2.272s] -- Up-to-date symlink: /home/daeho/practice_ws/install/msg_srv_action_interface_example/share/msg_srv_action_interface_example/package.xml
[2.272s] -- Installing: /home/daeho/practice_ws/install/msg_srv_action_interface_example/lib/libmsg_srv_action_interface_example__rosidl_generator_c.so
[2.272s] -- Set runtime path of "/home/daeho/practice_ws/install/msg_srv_action_interface_example/lib/libmsg_srv_action_interface_example__rosidl_generator_c.so" to ""
[2.272s] -- Installing: /home/daeho/practice_ws/install/msg_srv_action_interface_example/lib/libmsg_srv_action_interface_example__rosidl_typesupport_fastrtps_c.so
[2.272s] -- Set runtime path of "/home/daeho/practice_ws/install/msg_srv_action_interface_example/lib/libmsg_srv_action_interface_example__rosidl_typesupport_fastrtps_c.so" to ""
[2.273s] -- Installing: /home/daeho/practice_ws/install/msg_srv_action_interface_example/lib/libmsg_srv_action_interface_example__rosidl_typesupport_fastrtps_cpp.so
[2.273s] -- Set runtime path of "/home/daeho/practice_ws/install/msg_srv_action_interface_example/lib/libmsg_srv_action_interface_example__rosidl_typesupport_fastrtps_cpp.so" to ""
[2.273s] -- Installing: /home/daeho/practice_ws/install/msg_srv_action_interface_example/lib/libmsg_srv_action_interface_example__rosidl_typesupport_introspection_c.so
[2.273s] -- Set runtime path of "/home/daeho/practice_ws/install/msg_srv_action_interface_example/lib/libmsg_srv_action_interface_example__rosidl_typesupport_introspection_c.so" to ""
[2.273s] -- Installing: /home/daeho/practice_ws/install/msg_srv_action_interface_example/lib/libmsg_srv_action_interface_example__rosidl_typesupport_c.so
[2.273s] -- Set runtime path of "/home/daeho/practice_ws/install/msg_srv_action_interface_example/lib/libmsg_srv_action_interface_example__rosidl_typesupport_c.so" to ""
[2.273s] -- Installing: /home/daeho/practice_ws/install/msg_srv_action_interface_example/lib/libmsg_srv_action_interface_example__rosidl_typesupport_introspection_cpp.so
[2.273s] -- Set runtime path of "/home/daeho/practice_ws/install/msg_srv_action_interface_example/lib/libmsg_srv_action_interface_example__rosidl_typesupport_introspection_cpp.so" to ""
[2.274s] -- Installing: /home/daeho/practice_ws/install/msg_srv_action_interface_example/lib/libmsg_srv_action_interface_example__rosidl_typesupport_cpp.so
[2.274s] -- Set runtime path of "/home/daeho/practice_ws/install/msg_srv_action_interface_example/lib/libmsg_srv_action_interface_example__rosidl_typesupport_cpp.so" to ""
[2.297s] Listing '/home/daeho/practice_ws/install/msg_srv_action_interface_example/local/lib/python3.10/dist-packages/msg_srv_action_interface_example'...
[2.297s] Compiling '/home/daeho/practice_ws/install/msg_srv_action_interface_example/local/lib/python3.10/dist-packages/msg_srv_action_interface_example/__init__.py'...
[2.297s] Listing '/home/daeho/practice_ws/install/msg_srv_action_interface_example/local/lib/python3.10/dist-packages/msg_srv_action_interface_example/action'...
[2.297s] Compiling '/home/daeho/practice_ws/install/msg_srv_action_interface_example/local/lib/python3.10/dist-packages/msg_srv_action_interface_example/action/__init__.py'...
[2.297s] Compiling '/home/daeho/practice_ws/install/msg_srv_action_interface_example/local/lib/python3.10/dist-packages/msg_srv_action_interface_example/action/_turtle_start.py'...
[2.299s] -- Installing: /home/daeho/practice_ws/install/msg_srv_action_interface_example/lib/libmsg_srv_action_interface_example__rosidl_generator_py.so
[2.300s] -- Set runtime path of "/home/daeho/practice_ws/install/msg_srv_action_interface_example/lib/libmsg_srv_action_interface_example__rosidl_generator_py.so" to ""
[2.300s] -- Up-to-date: /home/daeho/practice_ws/install/msg_srv_action_interface_example/share/msg_srv_action_interface_example/cmake/export_msg_srv_action_interface_example__rosidl_generator_cExport.cmake
[2.300s] -- Up-to-date: /home/daeho/practice_ws/install/msg_srv_action_interface_example/share/msg_srv_action_interface_example/cmake/export_msg_srv_action_interface_example__rosidl_generator_cExport-noconfig.cmake
[2.300s] -- Up-to-date: /home/daeho/practice_ws/install/msg_srv_action_interface_example/share/msg_srv_action_interface_example/cmake/export_msg_srv_action_interface_example__rosidl_typesupport_fastrtps_cExport.cmake
[2.300s] -- Up-to-date: /home/daeho/practice_ws/install/msg_srv_action_interface_example/share/msg_srv_action_interface_example/cmake/export_msg_srv_action_interface_example__rosidl_typesupport_fastrtps_cExport-noconfig.cmake
[2.300s] -- Up-to-date: /home/daeho/practice_ws/install/msg_srv_action_interface_example/share/msg_srv_action_interface_example/cmake/export_msg_srv_action_interface_example__rosidl_generator_cppExport.cmake
[2.300s] -- Up-to-date: /home/daeho/practice_ws/install/msg_srv_action_interface_example/share/msg_srv_action_interface_example/cmake/export_msg_srv_action_interface_example__rosidl_typesupport_fastrtps_cppExport.cmake
[2.300s] -- Up-to-date: /home/daeho/practice_ws/install/msg_srv_action_interface_example/share/msg_srv_action_interface_example/cmake/export_msg_srv_action_interface_example__rosidl_typesupport_fastrtps_cppExport-noconfig.cmake
[2.300s] -- Up-to-date: /home/daeho/practice_ws/install/msg_srv_action_interface_example/share/msg_srv_action_interface_example/cmake/msg_srv_action_interface_example__rosidl_typesupport_introspection_cExport.cmake
[2.300s] -- Up-to-date: /home/daeho/practice_ws/install/msg_srv_action_interface_example/share/msg_srv_action_interface_example/cmake/msg_srv_action_interface_example__rosidl_typesupport_introspection_cExport-noconfig.cmake
[2.300s] -- Up-to-date: /home/daeho/practice_ws/install/msg_srv_action_interface_example/share/msg_srv_action_interface_example/cmake/msg_srv_action_interface_example__rosidl_typesupport_cExport.cmake
[2.300s] -- Up-to-date: /home/daeho/practice_ws/install/msg_srv_action_interface_example/share/msg_srv_action_interface_example/cmake/msg_srv_action_interface_example__rosidl_typesupport_cExport-noconfig.cmake
[2.300s] -- Up-to-date: /home/daeho/practice_ws/install/msg_srv_action_interface_example/share/msg_srv_action_interface_example/cmake/msg_srv_action_interface_example__rosidl_typesupport_introspection_cppExport.cmake
[2.300s] -- Up-to-date: /home/daeho/practice_ws/install/msg_srv_action_interface_example/share/msg_srv_action_interface_example/cmake/msg_srv_action_interface_example__rosidl_typesupport_introspection_cppExport-noconfig.cmake
[2.300s] -- Up-to-date: /home/daeho/practice_ws/install/msg_srv_action_interface_example/share/msg_srv_action_interface_example/cmake/msg_srv_action_interface_example__rosidl_typesupport_cppExport.cmake
[2.300s] -- Up-to-date: /home/daeho/practice_ws/install/msg_srv_action_interface_example/share/msg_srv_action_interface_example/cmake/msg_srv_action_interface_example__rosidl_typesupport_cppExport-noconfig.cmake
[2.300s] -- Up-to-date: /home/daeho/practice_ws/install/msg_srv_action_interface_example/share/msg_srv_action_interface_example/cmake/export_msg_srv_action_interface_example__rosidl_generator_pyExport.cmake
[2.300s] -- Up-to-date: /home/daeho/practice_ws/install/msg_srv_action_interface_example/share/msg_srv_action_interface_example/cmake/export_msg_srv_action_interface_example__rosidl_generator_pyExport-noconfig.cmake
[2.301s] Invoked command in '/home/daeho/practice_ws/build/msg_srv_action_interface_example' returned '0': CMAKE_PREFIX_PATH=${CMAKE_PREFIX_PATH}:/home/daeho/practice_ws/install/flody_test_suite:/opt/ros/humble /usr/bin/cmake --install /home/daeho/practice_ws/build/msg_srv_action_interface_example
